#2.0#2021 09 10 20:00:28.313#Z#DEBUG#com.sap.cloud.lm.sl.xs2.987f5a7d-1271-11ec-aa0f-eeee0a81ed21.greensapv2-srv.stageAppTask#
######org.cloudfoundry.multiapps.controller.persistence.services.ProcessLogger########flowable-async-job-executor-thread-11170###
[PollStageAppStatusExecution] [greensapv2-srv] 72b9fd74-68cd-4363-b407-22e2d6e66087 [Fri Sep 10 19:43:27 UTC 2021] Uploading app package for app with guid 72b9fd74-68cd-4363-b407-22e2d6e66087 (STDOUT, API)#

#2.0#2021 09 10 20:00:28.313#Z#DEBUG#com.sap.cloud.lm.sl.xs2.987f5a7d-1271-11ec-aa0f-eeee0a81ed21.greensapv2-srv.stageAppTask#
######org.cloudfoundry.multiapps.controller.persistence.services.ProcessLogger########flowable-async-job-executor-thread-11170###
[PollStageAppStatusExecution] [greensapv2-srv] 72b9fd74-68cd-4363-b407-22e2d6e66087 [Fri Sep 10 19:43:27 UTC 2021] Updated app with guid 72b9fd74-68cd-4363-b407-22e2d6e66087 ({"environment_variables"=>"[PRIVATE DATA HIDDEN]"}) (STDOUT, API)#

#2.0#2021 09 10 20:00:28.313#Z#DEBUG#com.sap.cloud.lm.sl.xs2.987f5a7d-1271-11ec-aa0f-eeee0a81ed21.greensapv2-srv.stageAppTask#
######org.cloudfoundry.multiapps.controller.persistence.services.ProcessLogger########flowable-async-job-executor-thread-11170###
[PollStageAppStatusExecution] [greensapv2-srv] 72b9fd74-68cd-4363-b407-22e2d6e66087 [Fri Sep 10 19:43:36 UTC 2021] Stopping app with guid 72b9fd74-68cd-4363-b407-22e2d6e66087 (STDOUT, API)#

#2.0#2021 09 10 20:00:28.313#Z#DEBUG#com.sap.cloud.lm.sl.xs2.987f5a7d-1271-11ec-aa0f-eeee0a81ed21.greensapv2-srv.stageAppTask#
######org.cloudfoundry.multiapps.controller.persistence.services.ProcessLogger########flowable-async-job-executor-thread-11170###
[PollStageAppStatusExecution] [greensapv2-srv] 72b9fd74-68cd-4363-b407-22e2d6e66087 [Fri Sep 10 19:43:36 UTC 2021] Cell 725eb5d4-ca2e-4bf6-a049-84b937468d4e stopping instance e43ca41d-1710-4c55-647c-9050 (STDOUT, CELL)#

#2.0#2021 09 10 20:00:28.313#Z#DEBUG#com.sap.cloud.lm.sl.xs2.987f5a7d-1271-11ec-aa0f-eeee0a81ed21.greensapv2-srv.stageAppTask#
######org.cloudfoundry.multiapps.controller.persistence.services.ProcessLogger########flowable-async-job-executor-thread-11170###
[PollStageAppStatusExecution] [greensapv2-srv] 72b9fd74-68cd-4363-b407-22e2d6e66087 [Fri Sep 10 19:43:37 UTC 2021] Creating build for app with guid 72b9fd74-68cd-4363-b407-22e2d6e66087 (STDOUT, API)#

#2.0#2021 09 10 20:00:28.313#Z#DEBUG#com.sap.cloud.lm.sl.xs2.987f5a7d-1271-11ec-aa0f-eeee0a81ed21.greensapv2-srv.stageAppTask#
######org.cloudfoundry.multiapps.controller.persistence.services.ProcessLogger########flowable-async-job-executor-thread-11170###
[PollStageAppStatusExecution] [greensapv2-srv] 72b9fd74-68cd-4363-b407-22e2d6e66087 [Fri Sep 10 19:43:37 UTC 2021] Downloading nodejs_buildpack... (STDOUT, STG)#

#2.0#2021 09 10 20:00:28.313#Z#DEBUG#com.sap.cloud.lm.sl.xs2.987f5a7d-1271-11ec-aa0f-eeee0a81ed21.greensapv2-srv.stageAppTask#
######org.cloudfoundry.multiapps.controller.persistence.services.ProcessLogger########flowable-async-job-executor-thread-11170###
[PollStageAppStatusExecution] [greensapv2-srv] 72b9fd74-68cd-4363-b407-22e2d6e66087 [Fri Sep 10 19:43:37 UTC 2021] Cell 53955e2c-6337-425c-a77e-7acb7541ebbf creating container for instance 1da349b3-7b29-404b-83c6-4c7171342916 (STDOUT, STG)#

#2.0#2021 09 10 20:00:28.313#Z#DEBUG#com.sap.cloud.lm.sl.xs2.987f5a7d-1271-11ec-aa0f-eeee0a81ed21.greensapv2-srv.stageAppTask#
######org.cloudfoundry.multiapps.controller.persistence.services.ProcessLogger########flowable-async-job-executor-thread-11170###
[PollStageAppStatusExecution] [greensapv2-srv] 72b9fd74-68cd-4363-b407-22e2d6e66087 [Fri Sep 10 19:43:37 UTC 2021] Downloaded nodejs_buildpack (STDOUT, STG)#

#2.0#2021 09 10 20:00:28.313#Z#DEBUG#com.sap.cloud.lm.sl.xs2.987f5a7d-1271-11ec-aa0f-eeee0a81ed21.greensapv2-srv.stageAppTask#
######org.cloudfoundry.multiapps.controller.persistence.services.ProcessLogger########flowable-async-job-executor-thread-11170###
[PollStageAppStatusExecution] [greensapv2-srv] 72b9fd74-68cd-4363-b407-22e2d6e66087 [Fri Sep 10 19:43:37 UTC 2021] Cell 53955e2c-6337-425c-a77e-7acb7541ebbf successfully created container for instance 1da349b3-7b29-404b-83c6-4c7171342916 (STDOUT, STG)#

#2.0#2021 09 10 20:00:28.313#Z#DEBUG#com.sap.cloud.lm.sl.xs2.987f5a7d-1271-11ec-aa0f-eeee0a81ed21.greensapv2-srv.stageAppTask#
######org.cloudfoundry.multiapps.controller.persistence.services.ProcessLogger########flowable-async-job-executor-thread-11170###
[PollStageAppStatusExecution] [greensapv2-srv] 72b9fd74-68cd-4363-b407-22e2d6e66087 [Fri Sep 10 19:43:38 UTC 2021] Downloading app package... (STDOUT, STG)#

#2.0#2021 09 10 20:00:28.313#Z#DEBUG#com.sap.cloud.lm.sl.xs2.987f5a7d-1271-11ec-aa0f-eeee0a81ed21.greensapv2-srv.stageAppTask#
######org.cloudfoundry.multiapps.controller.persistence.services.ProcessLogger########flowable-async-job-executor-thread-11170###
[PollStageAppStatusExecution] [greensapv2-srv] 72b9fd74-68cd-4363-b407-22e2d6e66087 [Fri Sep 10 19:43:38 UTC 2021] Downloading build artifacts cache... (STDOUT, STG)#

#2.0#2021 09 10 20:00:28.313#Z#DEBUG#com.sap.cloud.lm.sl.xs2.987f5a7d-1271-11ec-aa0f-eeee0a81ed21.greensapv2-srv.stageAppTask#
######org.cloudfoundry.multiapps.controller.persistence.services.ProcessLogger########flowable-async-job-executor-thread-11170###
[PollStageAppStatusExecution] [greensapv2-srv] 72b9fd74-68cd-4363-b407-22e2d6e66087 [Fri Sep 10 19:43:38 UTC 2021] Downloaded build artifacts cache (226B) (STDOUT, STG)#

#2.0#2021 09 10 20:00:28.313#Z#DEBUG#com.sap.cloud.lm.sl.xs2.987f5a7d-1271-11ec-aa0f-eeee0a81ed21.greensapv2-srv.stageAppTask#
######org.cloudfoundry.multiapps.controller.persistence.services.ProcessLogger########flowable-async-job-executor-thread-11170###
[PollStageAppStatusExecution] [greensapv2-srv] 72b9fd74-68cd-4363-b407-22e2d6e66087 [Fri Sep 10 19:43:38 UTC 2021] Downloaded app package (8.2M) (STDOUT, STG)#

#2.0#2021 09 10 20:00:28.313#Z#DEBUG#com.sap.cloud.lm.sl.xs2.987f5a7d-1271-11ec-aa0f-eeee0a81ed21.greensapv2-srv.stageAppTask#
######org.cloudfoundry.multiapps.controller.persistence.services.ProcessLogger########flowable-async-job-executor-thread-11170###
[PollStageAppStatusExecution] [greensapv2-srv] 72b9fd74-68cd-4363-b407-22e2d6e66087 [Fri Sep 10 19:43:38 UTC 2021] -----> Nodejs Buildpack version 1.7.52 (STDOUT, STG)#

#2.0#2021 09 10 20:00:28.313#Z#DEBUG#com.sap.cloud.lm.sl.xs2.987f5a7d-1271-11ec-aa0f-eeee0a81ed21.greensapv2-srv.stageAppTask#
######org.cloudfoundry.multiapps.controller.persistence.services.ProcessLogger########flowable-async-job-executor-thread-11170###
[PollStageAppStatusExecution] [greensapv2-srv] 72b9fd74-68cd-4363-b407-22e2d6e66087 [Fri Sep 10 19:43:39 UTC 2021]        Copy [/tmp/buildpacks/3e2720f90cb60cb2e5aa63a85282503a/dependencies/611461ef444bd778208da5305fe5da85/node_16.2.0_linux_x64_cflinuxfs3_ca6c2def.tgz] (STDOUT, STG)#

#2.0#2021 09 10 20:00:28.313#Z#DEBUG#com.sap.cloud.lm.sl.xs2.987f5a7d-1271-11ec-aa0f-eeee0a81ed21.greensapv2-srv.stageAppTask#
######org.cloudfoundry.multiapps.controller.persistence.services.ProcessLogger########flowable-async-job-executor-thread-11170###
[PollStageAppStatusExecution] [greensapv2-srv] 72b9fd74-68cd-4363-b407-22e2d6e66087 [Fri Sep 10 19:43:39 UTC 2021] -----> Installing node 16.2.0 (STDOUT, STG)#

#2.0#2021 09 10 20:00:28.313#Z#DEBUG#com.sap.cloud.lm.sl.xs2.987f5a7d-1271-11ec-aa0f-eeee0a81ed21.greensapv2-srv.stageAppTask#
######org.cloudfoundry.multiapps.controller.persistence.services.ProcessLogger########flowable-async-job-executor-thread-11170###
[PollStageAppStatusExecution] [greensapv2-srv] 72b9fd74-68cd-4363-b407-22e2d6e66087 [Fri Sep 10 19:43:39 UTC 2021]        [31;1m**WARNING**[0m Dangerous semver range (>) in engines.node. See: http://docs.cloudfoundry.org/buildpacks/node/node-tips.html (STDOUT, STG)#

#2.0#2021 09 10 20:00:28.313#Z#DEBUG#com.sap.cloud.lm.sl.xs2.987f5a7d-1271-11ec-aa0f-eeee0a81ed21.greensapv2-srv.stageAppTask#
######org.cloudfoundry.multiapps.controller.persistence.services.ProcessLogger########flowable-async-job-executor-thread-11170###
[PollStageAppStatusExecution] [greensapv2-srv] 72b9fd74-68cd-4363-b407-22e2d6e66087 [Fri Sep 10 19:43:39 UTC 2021]        engines.npm (package.json): unspecified (use default) (STDOUT, STG)#

#2.0#2021 09 10 20:00:28.313#Z#DEBUG#com.sap.cloud.lm.sl.xs2.987f5a7d-1271-11ec-aa0f-eeee0a81ed21.greensapv2-srv.stageAppTask#
######org.cloudfoundry.multiapps.controller.persistence.services.ProcessLogger########flowable-async-job-executor-thread-11170###
[PollStageAppStatusExecution] [greensapv2-srv] 72b9fd74-68cd-4363-b407-22e2d6e66087 [Fri Sep 10 19:43:39 UTC 2021]        engines.node (package.json): >=12.18 (STDOUT, STG)#

#2.0#2021 09 10 20:00:28.313#Z#DEBUG#com.sap.cloud.lm.sl.xs2.987f5a7d-1271-11ec-aa0f-eeee0a81ed21.greensapv2-srv.stageAppTask#
######org.cloudfoundry.multiapps.controller.persistence.services.ProcessLogger########flowable-async-job-executor-thread-11170###
[PollStageAppStatusExecution] [greensapv2-srv] 72b9fd74-68cd-4363-b407-22e2d6e66087 [Fri Sep 10 19:43:39 UTC 2021] -----> Installing binaries (STDOUT, STG)#

#2.0#2021 09 10 20:00:28.314#Z#DEBUG#com.sap.cloud.lm.sl.xs2.987f5a7d-1271-11ec-aa0f-eeee0a81ed21.greensapv2-srv.stageAppTask#
######org.cloudfoundry.multiapps.controller.persistence.services.ProcessLogger########flowable-async-job-executor-thread-11170###
[PollStageAppStatusExecution] [greensapv2-srv] 72b9fd74-68cd-4363-b407-22e2d6e66087 [Fri Sep 10 19:43:40 UTC 2021]        Copy [/tmp/buildpacks/3e2720f90cb60cb2e5aa63a85282503a/dependencies/b7482b661544755fef03e2ceeb19057a/yarn_1.22.10_linux_noarch_any-stack_0057c1c9.tgz] (STDOUT, STG)#

#2.0#2021 09 10 20:00:28.314#Z#DEBUG#com.sap.cloud.lm.sl.xs2.987f5a7d-1271-11ec-aa0f-eeee0a81ed21.greensapv2-srv.stageAppTask#
######org.cloudfoundry.multiapps.controller.persistence.services.ProcessLogger########flowable-async-job-executor-thread-11170###
[PollStageAppStatusExecution] [greensapv2-srv] 72b9fd74-68cd-4363-b407-22e2d6e66087 [Fri Sep 10 19:43:40 UTC 2021] -----> Installing yarn 1.22.10 (STDOUT, STG)#

#2.0#2021 09 10 20:00:28.314#Z#DEBUG#com.sap.cloud.lm.sl.xs2.987f5a7d-1271-11ec-aa0f-eeee0a81ed21.greensapv2-srv.stageAppTask#
######org.cloudfoundry.multiapps.controller.persistence.services.ProcessLogger########flowable-async-job-executor-thread-11170###
[PollStageAppStatusExecution] [greensapv2-srv] 72b9fd74-68cd-4363-b407-22e2d6e66087 [Fri Sep 10 19:43:40 UTC 2021]        Using default npm version: 7.13.0 (STDOUT, STG)#

#2.0#2021 09 10 20:00:28.314#Z#DEBUG#com.sap.cloud.lm.sl.xs2.987f5a7d-1271-11ec-aa0f-eeee0a81ed21.greensapv2-srv.stageAppTask#
######org.cloudfoundry.multiapps.controller.persistence.services.ProcessLogger########flowable-async-job-executor-thread-11170###
[PollStageAppStatusExecution] [greensapv2-srv] 72b9fd74-68cd-4363-b407-22e2d6e66087 [Fri Sep 10 19:43:40 UTC 2021] -----> Creating runtime environment (STDOUT, STG)#

#2.0#2021 09 10 20:00:28.314#Z#DEBUG#com.sap.cloud.lm.sl.xs2.987f5a7d-1271-11ec-aa0f-eeee0a81ed21.greensapv2-srv.stageAppTask#
######org.cloudfoundry.multiapps.controller.persistence.services.ProcessLogger########flowable-async-job-executor-thread-11170###
[PollStageAppStatusExecution] [greensapv2-srv] 72b9fd74-68cd-4363-b407-22e2d6e66087 [Fri Sep 10 19:43:40 UTC 2021]        Installed yarn 1.22.10 (STDOUT, STG)#

#2.0#2021 09 10 20:00:28.314#Z#DEBUG#com.sap.cloud.lm.sl.xs2.987f5a7d-1271-11ec-aa0f-eeee0a81ed21.greensapv2-srv.stageAppTask#
######org.cloudfoundry.multiapps.controller.persistence.services.ProcessLogger########flowable-async-job-executor-thread-11170###
[PollStageAppStatusExecution] [greensapv2-srv] 72b9fd74-68cd-4363-b407-22e2d6e66087 [Fri Sep 10 19:43:40 UTC 2021]        Rebuilding any native modules (STDOUT, STG)#

#2.0#2021 09 10 20:00:28.314#Z#DEBUG#com.sap.cloud.lm.sl.xs2.987f5a7d-1271-11ec-aa0f-eeee0a81ed21.greensapv2-srv.stageAppTask#
######org.cloudfoundry.multiapps.controller.persistence.services.ProcessLogger########flowable-async-job-executor-thread-11170###
[PollStageAppStatusExecution] [greensapv2-srv] 72b9fd74-68cd-4363-b407-22e2d6e66087 [Fri Sep 10 19:43:40 UTC 2021]        Prebuild detected (node_modules already exists) (STDOUT, STG)#

#2.0#2021 09 10 20:00:28.314#Z#DEBUG#com.sap.cloud.lm.sl.xs2.987f5a7d-1271-11ec-aa0f-eeee0a81ed21.greensapv2-srv.stageAppTask#
######org.cloudfoundry.multiapps.controller.persistence.services.ProcessLogger########flowable-async-job-executor-thread-11170###
[PollStageAppStatusExecution] [greensapv2-srv] 72b9fd74-68cd-4363-b407-22e2d6e66087 [Fri Sep 10 19:43:40 UTC 2021] -----> Building dependencies (STDOUT, STG)#

#2.0#2021 09 10 20:00:28.314#Z#DEBUG#com.sap.cloud.lm.sl.xs2.987f5a7d-1271-11ec-aa0f-eeee0a81ed21.greensapv2-srv.stageAppTask#
######org.cloudfoundry.multiapps.controller.persistence.services.ProcessLogger########flowable-async-job-executor-thread-11170###
[PollStageAppStatusExecution] [greensapv2-srv] 72b9fd74-68cd-4363-b407-22e2d6e66087 [Fri Sep 10 19:43:40 UTC 2021]        NPM_CONFIG_PRODUCTION=true (STDOUT, STG)#

#2.0#2021 09 10 20:00:28.314#Z#DEBUG#com.sap.cloud.lm.sl.xs2.987f5a7d-1271-11ec-aa0f-eeee0a81ed21.greensapv2-srv.stageAppTask#
######org.cloudfoundry.multiapps.controller.persistence.services.ProcessLogger########flowable-async-job-executor-thread-11170###
[PollStageAppStatusExecution] [greensapv2-srv] 72b9fd74-68cd-4363-b407-22e2d6e66087 [Fri Sep 10 19:43:40 UTC 2021]        NPM_CONFIG_LOGLEVEL=error (STDOUT, STG)#

#2.0#2021 09 10 20:00:28.314#Z#DEBUG#com.sap.cloud.lm.sl.xs2.987f5a7d-1271-11ec-aa0f-eeee0a81ed21.greensapv2-srv.stageAppTask#
######org.cloudfoundry.multiapps.controller.persistence.services.ProcessLogger########flowable-async-job-executor-thread-11170###
[PollStageAppStatusExecution] [greensapv2-srv] 72b9fd74-68cd-4363-b407-22e2d6e66087 [Fri Sep 10 19:43:40 UTC 2021]        NODE_VERBOSE=false (STDOUT, STG)#

#2.0#2021 09 10 20:00:28.314#Z#DEBUG#com.sap.cloud.lm.sl.xs2.987f5a7d-1271-11ec-aa0f-eeee0a81ed21.greensapv2-srv.stageAppTask#
######org.cloudfoundry.multiapps.controller.persistence.services.ProcessLogger########flowable-async-job-executor-thread-11170###
[PollStageAppStatusExecution] [greensapv2-srv] 72b9fd74-68cd-4363-b407-22e2d6e66087 [Fri Sep 10 19:43:40 UTC 2021]        NODE_MODULES_CACHE=true (STDOUT, STG)#

#2.0#2021 09 10 20:00:28.314#Z#DEBUG#com.sap.cloud.lm.sl.xs2.987f5a7d-1271-11ec-aa0f-eeee0a81ed21.greensapv2-srv.stageAppTask#
######org.cloudfoundry.multiapps.controller.persistence.services.ProcessLogger########flowable-async-job-executor-thread-11170###
[PollStageAppStatusExecution] [greensapv2-srv] 72b9fd74-68cd-4363-b407-22e2d6e66087 [Fri Sep 10 19:43:40 UTC 2021]        NODE_HOME=/tmp/contents994676322/deps/0/node (STDOUT, STG)#

#2.0#2021 09 10 20:00:28.314#Z#DEBUG#com.sap.cloud.lm.sl.xs2.987f5a7d-1271-11ec-aa0f-eeee0a81ed21.greensapv2-srv.stageAppTask#
######org.cloudfoundry.multiapps.controller.persistence.services.ProcessLogger########flowable-async-job-executor-thread-11170###
[PollStageAppStatusExecution] [greensapv2-srv] 72b9fd74-68cd-4363-b407-22e2d6e66087 [Fri Sep 10 19:43:40 UTC 2021]        NODE_ENV=production (STDOUT, STG)#

#2.0#2021 09 10 20:00:28.314#Z#DEBUG#com.sap.cloud.lm.sl.xs2.987f5a7d-1271-11ec-aa0f-eeee0a81ed21.greensapv2-srv.stageAppTask#
######org.cloudfoundry.multiapps.controller.persistence.services.ProcessLogger########flowable-async-job-executor-thread-11170###
[PollStageAppStatusExecution] [greensapv2-srv] 72b9fd74-68cd-4363-b407-22e2d6e66087 [Fri Sep 10 19:43:41 UTC 2021] rebuilt dependencies successfully (STDOUT, STG)#

#2.0#2021 09 10 20:00:28.314#Z#DEBUG#com.sap.cloud.lm.sl.xs2.987f5a7d-1271-11ec-aa0f-eeee0a81ed21.greensapv2-srv.stageAppTask#
######org.cloudfoundry.multiapps.controller.persistence.services.ProcessLogger########flowable-async-job-executor-thread-11170###
[PollStageAppStatusExecution] [greensapv2-srv] 72b9fd74-68cd-4363-b407-22e2d6e66087 [Fri Sep 10 19:43:41 UTC 2021] npm notice  (STDOUT, STG)#

#2.0#2021 09 10 20:00:28.314#Z#DEBUG#com.sap.cloud.lm.sl.xs2.987f5a7d-1271-11ec-aa0f-eeee0a81ed21.greensapv2-srv.stageAppTask#
######org.cloudfoundry.multiapps.controller.persistence.services.ProcessLogger########flowable-async-job-executor-thread-11170###
[PollStageAppStatusExecution] [greensapv2-srv] 72b9fd74-68cd-4363-b407-22e2d6e66087 [Fri Sep 10 19:43:41 UTC 2021] npm notice Run `npm install -g npm@7.23.0` to update! (STDOUT, STG)#

#2.0#2021 09 10 20:00:28.314#Z#DEBUG#com.sap.cloud.lm.sl.xs2.987f5a7d-1271-11ec-aa0f-eeee0a81ed21.greensapv2-srv.stageAppTask#
######org.cloudfoundry.multiapps.controller.persistence.services.ProcessLogger########flowable-async-job-executor-thread-11170###
[PollStageAppStatusExecution] [greensapv2-srv] 72b9fd74-68cd-4363-b407-22e2d6e66087 [Fri Sep 10 19:43:41 UTC 2021] npm notice Changelog: <https://github.com/npm/cli/releases/tag/v7.23.0> (STDOUT, STG)#

#2.0#2021 09 10 20:00:28.314#Z#DEBUG#com.sap.cloud.lm.sl.xs2.987f5a7d-1271-11ec-aa0f-eeee0a81ed21.greensapv2-srv.stageAppTask#
######org.cloudfoundry.multiapps.controller.persistence.services.ProcessLogger########flowable-async-job-executor-thread-11170###
[PollStageAppStatusExecution] [greensapv2-srv] 72b9fd74-68cd-4363-b407-22e2d6e66087 [Fri Sep 10 19:43:41 UTC 2021] npm notice New minor version of npm available! 7.13.0 -> 7.23.0 (STDOUT, STG)#

#2.0#2021 09 10 20:00:28.314#Z#DEBUG#com.sap.cloud.lm.sl.xs2.987f5a7d-1271-11ec-aa0f-eeee0a81ed21.greensapv2-srv.stageAppTask#
######org.cloudfoundry.multiapps.controller.persistence.services.ProcessLogger########flowable-async-job-executor-thread-11170###
[PollStageAppStatusExecution] [greensapv2-srv] 72b9fd74-68cd-4363-b407-22e2d6e66087 [Fri Sep 10 19:43:41 UTC 2021] npm notice  (STDOUT, STG)#

#2.0#2021 09 10 20:00:28.314#Z#DEBUG#com.sap.cloud.lm.sl.xs2.987f5a7d-1271-11ec-aa0f-eeee0a81ed21.greensapv2-srv.stageAppTask#
######org.cloudfoundry.multiapps.controller.persistence.services.ProcessLogger########flowable-async-job-executor-thread-11170###
[PollStageAppStatusExecution] [greensapv2-srv] 72b9fd74-68cd-4363-b407-22e2d6e66087 [Fri Sep 10 19:43:41 UTC 2021]        Installing any new modules (package.json + package-lock.json) (STDOUT, STG)#

#2.0#2021 09 10 20:00:28.314#Z#DEBUG#com.sap.cloud.lm.sl.xs2.987f5a7d-1271-11ec-aa0f-eeee0a81ed21.greensapv2-srv.stageAppTask#
######org.cloudfoundry.multiapps.controller.persistence.services.ProcessLogger########flowable-async-job-executor-thread-11170###
[PollStageAppStatusExecution] [greensapv2-srv] 72b9fd74-68cd-4363-b407-22e2d6e66087 [Fri Sep 10 19:43:42 UTC 2021] npm notice  (STDOUT, STG)#

#2.0#2021 09 10 20:00:28.314#Z#DEBUG#com.sap.cloud.lm.sl.xs2.987f5a7d-1271-11ec-aa0f-eeee0a81ed21.greensapv2-srv.stageAppTask#
######org.cloudfoundry.multiapps.controller.persistence.services.ProcessLogger########flowable-async-job-executor-thread-11170###
[PollStageAppStatusExecution] [greensapv2-srv] 72b9fd74-68cd-4363-b407-22e2d6e66087 [Fri Sep 10 19:43:42 UTC 2021] npm notice Run `npm install -g npm@7.23.0` to update! (STDOUT, STG)#

#2.0#2021 09 10 20:00:28.314#Z#DEBUG#com.sap.cloud.lm.sl.xs2.987f5a7d-1271-11ec-aa0f-eeee0a81ed21.greensapv2-srv.stageAppTask#
######org.cloudfoundry.multiapps.controller.persistence.services.ProcessLogger########flowable-async-job-executor-thread-11170###
[PollStageAppStatusExecution] [greensapv2-srv] 72b9fd74-68cd-4363-b407-22e2d6e66087 [Fri Sep 10 19:43:42 UTC 2021] npm notice Changelog: <https://github.com/npm/cli/releases/tag/v7.23.0> (STDOUT, STG)#

#2.0#2021 09 10 20:00:28.314#Z#DEBUG#com.sap.cloud.lm.sl.xs2.987f5a7d-1271-11ec-aa0f-eeee0a81ed21.greensapv2-srv.stageAppTask#
######org.cloudfoundry.multiapps.controller.persistence.services.ProcessLogger########flowable-async-job-executor-thread-11170###
[PollStageAppStatusExecution] [greensapv2-srv] 72b9fd74-68cd-4363-b407-22e2d6e66087 [Fri Sep 10 19:43:42 UTC 2021] npm notice New minor version of npm available! 7.13.0 -> 7.23.0 (STDOUT, STG)#

#2.0#2021 09 10 20:00:28.314#Z#DEBUG#com.sap.cloud.lm.sl.xs2.987f5a7d-1271-11ec-aa0f-eeee0a81ed21.greensapv2-srv.stageAppTask#
######org.cloudfoundry.multiapps.controller.persistence.services.ProcessLogger########flowable-async-job-executor-thread-11170###
[PollStageAppStatusExecution] [greensapv2-srv] 72b9fd74-68cd-4363-b407-22e2d6e66087 [Fri Sep 10 19:43:42 UTC 2021] npm notice  (STDOUT, STG)#

#2.0#2021 09 10 20:00:28.314#Z#DEBUG#com.sap.cloud.lm.sl.xs2.987f5a7d-1271-11ec-aa0f-eeee0a81ed21.greensapv2-srv.stageAppTask#
######org.cloudfoundry.multiapps.controller.persistence.services.ProcessLogger########flowable-async-job-executor-thread-11170###
[PollStageAppStatusExecution] [greensapv2-srv] 72b9fd74-68cd-4363-b407-22e2d6e66087 [Fri Sep 10 19:43:42 UTC 2021] up to date in 663ms (STDOUT, STG)#

#2.0#2021 09 10 20:00:28.314#Z#DEBUG#com.sap.cloud.lm.sl.xs2.987f5a7d-1271-11ec-aa0f-eeee0a81ed21.greensapv2-srv.stageAppTask#
######org.cloudfoundry.multiapps.controller.persistence.services.ProcessLogger########flowable-async-job-executor-thread-11170###
[PollStageAppStatusExecution] [greensapv2-srv] 72b9fd74-68cd-4363-b407-22e2d6e66087 [Fri Sep 10 19:43:43 UTC 2021]        Contrast Security no credentials found. Will not write environment files. (STDOUT, STG)#

#2.0#2021 09 10 20:00:28.314#Z#DEBUG#com.sap.cloud.lm.sl.xs2.987f5a7d-1271-11ec-aa0f-eeee0a81ed21.greensapv2-srv.stageAppTask#
######org.cloudfoundry.multiapps.controller.persistence.services.ProcessLogger########flowable-async-job-executor-thread-11170###
[PollStageAppStatusExecution] [greensapv2-srv] 72b9fd74-68cd-4363-b407-22e2d6e66087 [Fri Sep 10 19:43:49 UTC 2021] Uploading build artifacts cache... (STDOUT, STG)#

#2.0#2021 09 10 20:00:28.314#Z#DEBUG#com.sap.cloud.lm.sl.xs2.987f5a7d-1271-11ec-aa0f-eeee0a81ed21.greensapv2-srv.stageAppTask#
######org.cloudfoundry.multiapps.controller.persistence.services.ProcessLogger########flowable-async-job-executor-thread-11170###
[PollStageAppStatusExecution] [greensapv2-srv] 72b9fd74-68cd-4363-b407-22e2d6e66087 [Fri Sep 10 19:43:49 UTC 2021] Uploading droplet... (STDOUT, STG)#

#2.0#2021 09 10 20:00:28.314#Z#DEBUG#com.sap.cloud.lm.sl.xs2.987f5a7d-1271-11ec-aa0f-eeee0a81ed21.greensapv2-srv.stageAppTask#
######org.cloudfoundry.multiapps.controller.persistence.services.ProcessLogger########flowable-async-job-executor-thread-11170###
[PollStageAppStatusExecution] [greensapv2-srv] 72b9fd74-68cd-4363-b407-22e2d6e66087 [Fri Sep 10 19:43:49 UTC 2021] Uploading droplet, build artifacts cache... (STDOUT, STG)#

#2.0#2021 09 10 20:00:28.314#Z#DEBUG#com.sap.cloud.lm.sl.xs2.987f5a7d-1271-11ec-aa0f-eeee0a81ed21.greensapv2-srv.stageAppTask#
######org.cloudfoundry.multiapps.controller.persistence.services.ProcessLogger########flowable-async-job-executor-thread-11170###
[PollStageAppStatusExecution] [greensapv2-srv] 72b9fd74-68cd-4363-b407-22e2d6e66087 [Fri Sep 10 19:43:49 UTC 2021] Exit status 0 (STDOUT, STG)#

#2.0#2021 09 10 20:00:28.314#Z#DEBUG#com.sap.cloud.lm.sl.xs2.987f5a7d-1271-11ec-aa0f-eeee0a81ed21.greensapv2-srv.stageAppTask#
######org.cloudfoundry.multiapps.controller.persistence.services.ProcessLogger########flowable-async-job-executor-thread-11170###
[PollStageAppStatusExecution] [greensapv2-srv] 72b9fd74-68cd-4363-b407-22e2d6e66087 [Fri Sep 10 19:43:49 UTC 2021] Uploaded build artifacts cache (225B) (STDOUT, STG)#

#2.0#2021 09 10 20:00:28.314#Z#DEBUG#com.sap.cloud.lm.sl.xs2.987f5a7d-1271-11ec-aa0f-eeee0a81ed21.greensapv2-srv.stageAppTask#
######org.cloudfoundry.multiapps.controller.persistence.services.ProcessLogger########flowable-async-job-executor-thread-11170###
[PollStageAppStatusExecution] [greensapv2-srv] 72b9fd74-68cd-4363-b407-22e2d6e66087 [Fri Sep 10 19:43:49 UTC 2021] Creating droplet for app with guid 72b9fd74-68cd-4363-b407-22e2d6e66087 (STDOUT, API)#

#2.0#2021 09 10 20:00:28.314#Z#DEBUG#com.sap.cloud.lm.sl.xs2.987f5a7d-1271-11ec-aa0f-eeee0a81ed21.greensapv2-srv.stageAppTask#
######org.cloudfoundry.multiapps.controller.persistence.services.ProcessLogger########flowable-async-job-executor-thread-11170###
[PollStageAppStatusExecution] [greensapv2-srv] 72b9fd74-68cd-4363-b407-22e2d6e66087 [Fri Sep 10 19:43:53 UTC 2021] Cell 725eb5d4-ca2e-4bf6-a049-84b937468d4e destroying container for instance e43ca41d-1710-4c55-647c-9050 (STDOUT, CELL)#

#2.0#2021 09 10 20:00:28.314#Z#DEBUG#com.sap.cloud.lm.sl.xs2.987f5a7d-1271-11ec-aa0f-eeee0a81ed21.greensapv2-srv.stageAppTask#
######org.cloudfoundry.multiapps.controller.persistence.services.ProcessLogger########flowable-async-job-executor-thread-11170###
[PollStageAppStatusExecution] [greensapv2-srv] 72b9fd74-68cd-4363-b407-22e2d6e66087 [Fri Sep 10 19:43:53 UTC 2021] Exit status 137 (STDOUT, PROXY)#

#2.0#2021 09 10 20:00:28.314#Z#DEBUG#com.sap.cloud.lm.sl.xs2.987f5a7d-1271-11ec-aa0f-eeee0a81ed21.greensapv2-srv.stageAppTask#
######org.cloudfoundry.multiapps.controller.persistence.services.ProcessLogger########flowable-async-job-executor-thread-11170###
[PollStageAppStatusExecution] [greensapv2-srv] 72b9fd74-68cd-4363-b407-22e2d6e66087 [Fri Sep 10 19:43:54 UTC 2021] Cell 725eb5d4-ca2e-4bf6-a049-84b937468d4e successfully destroyed container for instance e43ca41d-1710-4c55-647c-9050 (STDOUT, CELL)#

#2.0#2021 09 10 20:00:28.314#Z#DEBUG#com.sap.cloud.lm.sl.xs2.987f5a7d-1271-11ec-aa0f-eeee0a81ed21.greensapv2-srv.stageAppTask#
######org.cloudfoundry.multiapps.controller.persistence.services.ProcessLogger########flowable-async-job-executor-thread-11170###
[PollStageAppStatusExecution] [greensapv2-srv] 72b9fd74-68cd-4363-b407-22e2d6e66087 [Fri Sep 10 19:43:56 UTC 2021] Uploaded droplet (40.2M) (STDOUT, STG)#

#2.0#2021 09 10 20:00:28.314#Z#DEBUG#com.sap.cloud.lm.sl.xs2.987f5a7d-1271-11ec-aa0f-eeee0a81ed21.greensapv2-srv.stageAppTask#
######org.cloudfoundry.multiapps.controller.persistence.services.ProcessLogger########flowable-async-job-executor-thread-11170###
[PollStageAppStatusExecution] [greensapv2-srv] 72b9fd74-68cd-4363-b407-22e2d6e66087 [Fri Sep 10 19:43:56 UTC 2021] Uploading complete (STDOUT, STG)#

#2.0#2021 09 10 20:00:28.314#Z#DEBUG#com.sap.cloud.lm.sl.xs2.987f5a7d-1271-11ec-aa0f-eeee0a81ed21.greensapv2-srv.stageAppTask#
######org.cloudfoundry.multiapps.controller.persistence.services.ProcessLogger########flowable-async-job-executor-thread-11170###
[PollStageAppStatusExecution] [greensapv2-srv] 72b9fd74-68cd-4363-b407-22e2d6e66087 [Fri Sep 10 19:43:56 UTC 2021] Cell 53955e2c-6337-425c-a77e-7acb7541ebbf destroying container for instance 1da349b3-7b29-404b-83c6-4c7171342916 (STDOUT, STG)#

#2.0#2021 09 10 20:00:28.314#Z#DEBUG#com.sap.cloud.lm.sl.xs2.987f5a7d-1271-11ec-aa0f-eeee0a81ed21.greensapv2-srv.stageAppTask#
######org.cloudfoundry.multiapps.controller.persistence.services.ProcessLogger########flowable-async-job-executor-thread-11170###
[PollStageAppStatusExecution] [greensapv2-srv] 72b9fd74-68cd-4363-b407-22e2d6e66087 [Fri Sep 10 19:43:56 UTC 2021] Cell 53955e2c-6337-425c-a77e-7acb7541ebbf stopping instance 1da349b3-7b29-404b-83c6-4c7171342916 (STDOUT, STG)#

#2.0#2021 09 10 20:00:28.314#Z#DEBUG#com.sap.cloud.lm.sl.xs2.987f5a7d-1271-11ec-aa0f-eeee0a81ed21.greensapv2-srv.stageAppTask#
######org.cloudfoundry.multiapps.controller.persistence.services.ProcessLogger########flowable-async-job-executor-thread-11170###
[PollStageAppStatusExecution] [greensapv2-srv] 72b9fd74-68cd-4363-b407-22e2d6e66087 [Fri Sep 10 19:43:56 UTC 2021] Cell 53955e2c-6337-425c-a77e-7acb7541ebbf successfully destroyed container for instance 1da349b3-7b29-404b-83c6-4c7171342916 (STDOUT, STG)#

#2.0#2021 09 10 20:00:28.314#Z#DEBUG#com.sap.cloud.lm.sl.xs2.987f5a7d-1271-11ec-aa0f-eeee0a81ed21.greensapv2-srv.stageAppTask#
######org.cloudfoundry.multiapps.controller.persistence.services.ProcessLogger########flowable-async-job-executor-thread-11170###
[PollStageAppStatusExecution] [greensapv2-srv] 72b9fd74-68cd-4363-b407-22e2d6e66087 [Fri Sep 10 19:44:06 UTC 2021] Updated app with guid 72b9fd74-68cd-4363-b407-22e2d6e66087 ({:droplet_guid=>"75fb4514-933b-43ae-8ee7-1f8a78797b87"}) (STDOUT, API)#

#2.0#2021 09 10 20:00:28.314#Z#DEBUG#com.sap.cloud.lm.sl.xs2.987f5a7d-1271-11ec-aa0f-eeee0a81ed21.greensapv2-srv.stageAppTask#
######org.cloudfoundry.multiapps.controller.persistence.services.ProcessLogger########flowable-async-job-executor-thread-11170###
[PollStageAppStatusExecution] [greensapv2-srv] 72b9fd74-68cd-4363-b407-22e2d6e66087 [Fri Sep 10 19:44:07 UTC 2021] Creating revision for app with guid 72b9fd74-68cd-4363-b407-22e2d6e66087 (STDOUT, API)#

#2.0#2021 09 10 20:00:28.314#Z#DEBUG#com.sap.cloud.lm.sl.xs2.987f5a7d-1271-11ec-aa0f-eeee0a81ed21.greensapv2-srv.stageAppTask#
######org.cloudfoundry.multiapps.controller.persistence.services.ProcessLogger########flowable-async-job-executor-thread-11170###
[PollStageAppStatusExecution] [greensapv2-srv] 72b9fd74-68cd-4363-b407-22e2d6e66087 [Fri Sep 10 19:44:07 UTC 2021] Starting app with guid 72b9fd74-68cd-4363-b407-22e2d6e66087 (STDOUT, API)#

#2.0#2021 09 10 20:00:28.314#Z#DEBUG#com.sap.cloud.lm.sl.xs2.987f5a7d-1271-11ec-aa0f-eeee0a81ed21.greensapv2-srv.stageAppTask#
######org.cloudfoundry.multiapps.controller.persistence.services.ProcessLogger########flowable-async-job-executor-thread-11170###
[PollStageAppStatusExecution] [greensapv2-srv] 72b9fd74-68cd-4363-b407-22e2d6e66087 [Fri Sep 10 19:44:08 UTC 2021] Cell 5a9ecfee-17f8-4c03-b0bc-b609538c756a creating container for instance ff5d2451-743c-4371-6d3b-dc4b (STDOUT, CELL)#

#2.0#2021 09 10 20:00:28.314#Z#DEBUG#com.sap.cloud.lm.sl.xs2.987f5a7d-1271-11ec-aa0f-eeee0a81ed21.greensapv2-srv.stageAppTask#
######org.cloudfoundry.multiapps.controller.persistence.services.ProcessLogger########flowable-async-job-executor-thread-11170###
[PollStageAppStatusExecution] [greensapv2-srv] 72b9fd74-68cd-4363-b407-22e2d6e66087 [Fri Sep 10 19:44:09 UTC 2021] Cell 5a9ecfee-17f8-4c03-b0bc-b609538c756a successfully created container for instance ff5d2451-743c-4371-6d3b-dc4b (STDOUT, CELL)#

#2.0#2021 09 10 20:00:28.315#Z#DEBUG#com.sap.cloud.lm.sl.xs2.987f5a7d-1271-11ec-aa0f-eeee0a81ed21.greensapv2-srv.stageAppTask#
######org.cloudfoundry.multiapps.controller.persistence.services.ProcessLogger########flowable-async-job-executor-thread-11170###
[PollStageAppStatusExecution] [greensapv2-srv] 72b9fd74-68cd-4363-b407-22e2d6e66087 [Fri Sep 10 19:44:09 UTC 2021] Downloading droplet... (STDOUT, CELL)#

#2.0#2021 09 10 20:00:28.315#Z#DEBUG#com.sap.cloud.lm.sl.xs2.987f5a7d-1271-11ec-aa0f-eeee0a81ed21.greensapv2-srv.stageAppTask#
######org.cloudfoundry.multiapps.controller.persistence.services.ProcessLogger########flowable-async-job-executor-thread-11170###
[PollStageAppStatusExecution] [greensapv2-srv] 72b9fd74-68cd-4363-b407-22e2d6e66087 [Fri Sep 10 19:44:12 UTC 2021] Starting health monitoring of container (STDOUT, CELL)#

#2.0#2021 09 10 20:00:28.315#Z#DEBUG#com.sap.cloud.lm.sl.xs2.987f5a7d-1271-11ec-aa0f-eeee0a81ed21.greensapv2-srv.stageAppTask#
######org.cloudfoundry.multiapps.controller.persistence.services.ProcessLogger########flowable-async-job-executor-thread-11170###
[PollStageAppStatusExecution] [greensapv2-srv] 72b9fd74-68cd-4363-b407-22e2d6e66087 [Fri Sep 10 19:44:12 UTC 2021] Downloaded droplet (40.2M) (STDOUT, CELL)#

#2.0#2021 09 10 20:00:28.315#Z#DEBUG#com.sap.cloud.lm.sl.xs2.987f5a7d-1271-11ec-aa0f-eeee0a81ed21.greensapv2-srv.stageAppTask#
######org.cloudfoundry.multiapps.controller.persistence.services.ProcessLogger########flowable-async-job-executor-thread-11170###
[PollStageAppStatusExecution] [greensapv2-srv] 72b9fd74-68cd-4363-b407-22e2d6e66087 [Fri Sep 10 19:44:12 UTC 2021] > cds run (STDOUT, APP/PROC/WEB)#

#2.0#2021 09 10 20:00:28.315#Z#DEBUG#com.sap.cloud.lm.sl.xs2.987f5a7d-1271-11ec-aa0f-eeee0a81ed21.greensapv2-srv.stageAppTask#
######org.cloudfoundry.multiapps.controller.persistence.services.ProcessLogger########flowable-async-job-executor-thread-11170###
[PollStageAppStatusExecution] [greensapv2-srv] 72b9fd74-68cd-4363-b407-22e2d6e66087 [Fri Sep 10 19:44:12 UTC 2021] > greensapv2@1.0.0 start (STDOUT, APP/PROC/WEB)#

#2.0#2021 09 10 20:00:28.315#Z#DEBUG#com.sap.cloud.lm.sl.xs2.987f5a7d-1271-11ec-aa0f-eeee0a81ed21.greensapv2-srv.stageAppTask#
######org.cloudfoundry.multiapps.controller.persistence.services.ProcessLogger########flowable-async-job-executor-thread-11170###
[PollStageAppStatusExecution] [greensapv2-srv] 72b9fd74-68cd-4363-b407-22e2d6e66087 [Fri Sep 10 19:44:13 UTC 2021] [0m (STDOUT, APP/PROC/WEB)#

#2.0#2021 09 10 20:00:28.315#Z#DEBUG#com.sap.cloud.lm.sl.xs2.987f5a7d-1271-11ec-aa0f-eeee0a81ed21.greensapv2-srv.stageAppTask#
######org.cloudfoundry.multiapps.controller.persistence.services.ProcessLogger########flowable-async-job-executor-thread-11170###
[PollStageAppStatusExecution] [greensapv2-srv] 72b9fd74-68cd-4363-b407-22e2d6e66087 [Fri Sep 10 19:44:13 UTC 2021]   ./srv/csn.json (STDOUT, APP/PROC/WEB)#

#2.0#2021 09 10 20:00:28.315#Z#DEBUG#com.sap.cloud.lm.sl.xs2.987f5a7d-1271-11ec-aa0f-eeee0a81ed21.greensapv2-srv.stageAppTask#
######org.cloudfoundry.multiapps.controller.persistence.services.ProcessLogger########flowable-async-job-executor-thread-11170###
[PollStageAppStatusExecution] [greensapv2-srv] 72b9fd74-68cd-4363-b407-22e2d6e66087 [Fri Sep 10 19:44:13 UTC 2021] [2m (STDOUT, APP/PROC/WEB)#

#2.0#2021 09 10 20:00:28.315#Z#DEBUG#com.sap.cloud.lm.sl.xs2.987f5a7d-1271-11ec-aa0f-eeee0a81ed21.greensapv2-srv.stageAppTask#
######org.cloudfoundry.multiapps.controller.persistence.services.ProcessLogger########flowable-async-job-executor-thread-11170###
[PollStageAppStatusExecution] [greensapv2-srv] 72b9fd74-68cd-4363-b407-22e2d6e66087 [Fri Sep 10 19:44:13 UTC 2021] [cds] - model loaded from 1 file(s): (STDOUT, APP/PROC/WEB)#

#2.0#2021 09 10 20:00:28.315#Z#DEBUG#com.sap.cloud.lm.sl.xs2.987f5a7d-1271-11ec-aa0f-eeee0a81ed21.greensapv2-srv.stageAppTask#
######org.cloudfoundry.multiapps.controller.persistence.services.ProcessLogger########flowable-async-job-executor-thread-11170###
[PollStageAppStatusExecution] [greensapv2-srv] 72b9fd74-68cd-4363-b407-22e2d6e66087 [Fri Sep 10 19:44:13 UTC 2021] } (STDOUT, APP/PROC/WEB)#

#2.0#2021 09 10 20:00:28.315#Z#DEBUG#com.sap.cloud.lm.sl.xs2.987f5a7d-1271-11ec-aa0f-eeee0a81ed21.greensapv2-srv.stageAppTask#
######org.cloudfoundry.multiapps.controller.persistence.services.ProcessLogger########flowable-async-job-executor-thread-11170###
[PollStageAppStatusExecution] [greensapv2-srv] 72b9fd74-68cd-4363-b407-22e2d6e66087 [Fri Sep 10 19:44:13 UTC 2021]   certificate: '...' (STDOUT, APP/PROC/WEB)#

#2.0#2021 09 10 20:00:28.315#Z#DEBUG#com.sap.cloud.lm.sl.xs2.987f5a7d-1271-11ec-aa0f-eeee0a81ed21.greensapv2-srv.stageAppTask#
######org.cloudfoundry.multiapps.controller.persistence.services.ProcessLogger########flowable-async-job-executor-thread-11170###
[PollStageAppStatusExecution] [greensapv2-srv] 72b9fd74-68cd-4363-b407-22e2d6e66087 [Fri Sep 10 19:44:13 UTC 2021]   password: '...', (STDOUT, APP/PROC/WEB)#

#2.0#2021 09 10 20:00:28.315#Z#DEBUG#com.sap.cloud.lm.sl.xs2.987f5a7d-1271-11ec-aa0f-eeee0a81ed21.greensapv2-srv.stageAppTask#
######org.cloudfoundry.multiapps.controller.persistence.services.ProcessLogger########flowable-async-job-executor-thread-11170###
[PollStageAppStatusExecution] [greensapv2-srv] 72b9fd74-68cd-4363-b407-22e2d6e66087 [Fri Sep 10 19:44:13 UTC 2021]   user: '6779C674ECC9463EAE7663040C951E95_A2VCHQBP3XGESH54WMUJ8WUNE_RT', (STDOUT, APP/PROC/WEB)#

#2.0#2021 09 10 20:00:28.315#Z#DEBUG#com.sap.cloud.lm.sl.xs2.987f5a7d-1271-11ec-aa0f-eeee0a81ed21.greensapv2-srv.stageAppTask#
######org.cloudfoundry.multiapps.controller.persistence.services.ProcessLogger########flowable-async-job-executor-thread-11170###
[PollStageAppStatusExecution] [greensapv2-srv] 72b9fd74-68cd-4363-b407-22e2d6e66087 [Fri Sep 10 19:44:13 UTC 2021]   hdi_password: '...', (STDOUT, APP/PROC/WEB)#

#2.0#2021 09 10 20:00:28.315#Z#DEBUG#com.sap.cloud.lm.sl.xs2.987f5a7d-1271-11ec-aa0f-eeee0a81ed21.greensapv2-srv.stageAppTask#
######org.cloudfoundry.multiapps.controller.persistence.services.ProcessLogger########flowable-async-job-executor-thread-11170###
[PollStageAppStatusExecution] [greensapv2-srv] 72b9fd74-68cd-4363-b407-22e2d6e66087 [Fri Sep 10 19:44:13 UTC 2021]   hdi_user: '6779C674ECC9463EAE7663040C951E95_A2VCHQBP3XGESH54WMUJ8WUNE_DT', (STDOUT, APP/PROC/WEB)#

#2.0#2021 09 10 20:00:28.315#Z#DEBUG#com.sap.cloud.lm.sl.xs2.987f5a7d-1271-11ec-aa0f-eeee0a81ed21.greensapv2-srv.stageAppTask#
######org.cloudfoundry.multiapps.controller.persistence.services.ProcessLogger########flowable-async-job-executor-thread-11170###
[PollStageAppStatusExecution] [greensapv2-srv] 72b9fd74-68cd-4363-b407-22e2d6e66087 [Fri Sep 10 19:44:13 UTC 2021]   schema: '6779C674ECC9463EAE7663040C951E95', (STDOUT, APP/PROC/WEB)#

#2.0#2021 09 10 20:00:28.315#Z#DEBUG#com.sap.cloud.lm.sl.xs2.987f5a7d-1271-11ec-aa0f-eeee0a81ed21.greensapv2-srv.stageAppTask#
######org.cloudfoundry.multiapps.controller.persistence.services.ProcessLogger########flowable-async-job-executor-thread-11170###
[PollStageAppStatusExecution] [greensapv2-srv] 72b9fd74-68cd-4363-b407-22e2d6e66087 [Fri Sep 10 19:44:13 UTC 2021]   url: 'jdbc:sap://c2b74450-7bde-4a3b-8da6-c07aa4389ca2.hana.prod-eu10.hanacloud.ondemand.com:443?encrypt=true&validateCertificate=true&currentschema=6779C674ECC9463EAE7663040C951E95', (STDOUT, APP/PROC/WEB)#

#2.0#2021 09 10 20:00:28.315#Z#DEBUG#com.sap.cloud.lm.sl.xs2.987f5a7d-1271-11ec-aa0f-eeee0a81ed21.greensapv2-srv.stageAppTask#
######org.cloudfoundry.multiapps.controller.persistence.services.ProcessLogger########flowable-async-job-executor-thread-11170###
[PollStageAppStatusExecution] [greensapv2-srv] 72b9fd74-68cd-4363-b407-22e2d6e66087 [Fri Sep 10 19:44:13 UTC 2021]   driver: 'com.sap.db.jdbc.Driver', (STDOUT, APP/PROC/WEB)#

#2.0#2021 09 10 20:00:28.315#Z#DEBUG#com.sap.cloud.lm.sl.xs2.987f5a7d-1271-11ec-aa0f-eeee0a81ed21.greensapv2-srv.stageAppTask#
######org.cloudfoundry.multiapps.controller.persistence.services.ProcessLogger########flowable-async-job-executor-thread-11170###
[PollStageAppStatusExecution] [greensapv2-srv] 72b9fd74-68cd-4363-b407-22e2d6e66087 [Fri Sep 10 19:44:13 UTC 2021]   port: '443', (STDOUT, APP/PROC/WEB)#

#2.0#2021 09 10 20:00:28.315#Z#DEBUG#com.sap.cloud.lm.sl.xs2.987f5a7d-1271-11ec-aa0f-eeee0a81ed21.greensapv2-srv.stageAppTask#
######org.cloudfoundry.multiapps.controller.persistence.services.ProcessLogger########flowable-async-job-executor-thread-11170###
[PollStageAppStatusExecution] [greensapv2-srv] 72b9fd74-68cd-4363-b407-22e2d6e66087 [Fri Sep 10 19:44:13 UTC 2021]   host: 'c2b74450-7bde-4a3b-8da6-c07aa4389ca2.hana.prod-eu10.hanacloud.ondemand.com', (STDOUT, APP/PROC/WEB)#

#2.0#2021 09 10 20:00:28.315#Z#DEBUG#com.sap.cloud.lm.sl.xs2.987f5a7d-1271-11ec-aa0f-eeee0a81ed21.greensapv2-srv.stageAppTask#
######org.cloudfoundry.multiapps.controller.persistence.services.ProcessLogger########flowable-async-job-executor-thread-11170###
[PollStageAppStatusExecution] [greensapv2-srv] 72b9fd74-68cd-4363-b407-22e2d6e66087 [Fri Sep 10 19:44:13 UTC 2021] [cds] - connect to db > hana { (STDOUT, APP/PROC/WEB)#

#2.0#2021 09 10 20:00:28.315#Z#DEBUG#com.sap.cloud.lm.sl.xs2.987f5a7d-1271-11ec-aa0f-eeee0a81ed21.greensapv2-srv.stageAppTask#
######org.cloudfoundry.multiapps.controller.persistence.services.ProcessLogger########flowable-async-job-executor-thread-11170###
[PollStageAppStatusExecution] [greensapv2-srv] 72b9fd74-68cd-4363-b407-22e2d6e66087 [Fri Sep 10 19:44:13 UTC 2021] [cds] - serving CatalogService { at: '/catalog' } (STDOUT, APP/PROC/WEB)#

#2.0#2021 09 10 20:00:28.315#Z#DEBUG#com.sap.cloud.lm.sl.xs2.987f5a7d-1271-11ec-aa0f-eeee0a81ed21.greensapv2-srv.stageAppTask#
######org.cloudfoundry.multiapps.controller.persistence.services.ProcessLogger########flowable-async-job-executor-thread-11170###
[PollStageAppStatusExecution] [greensapv2-srv] 72b9fd74-68cd-4363-b407-22e2d6e66087 [Fri Sep 10 19:44:13 UTC 2021] [cds] - launched in: 560.553ms (STDOUT, APP/PROC/WEB)#

#2.0#2021 09 10 20:00:28.315#Z#DEBUG#com.sap.cloud.lm.sl.xs2.987f5a7d-1271-11ec-aa0f-eeee0a81ed21.greensapv2-srv.stageAppTask#
######org.cloudfoundry.multiapps.controller.persistence.services.ProcessLogger########flowable-async-job-executor-thread-11170###
[PollStageAppStatusExecution] [greensapv2-srv] 72b9fd74-68cd-4363-b407-22e2d6e66087 [Fri Sep 10 19:44:13 UTC 2021] [cds] - server listening on { url: 'http://localhost:8080' } (STDOUT, APP/PROC/WEB)#

#2.0#2021 09 10 20:00:28.315#Z#DEBUG#com.sap.cloud.lm.sl.xs2.987f5a7d-1271-11ec-aa0f-eeee0a81ed21.greensapv2-srv.stageAppTask#
######org.cloudfoundry.multiapps.controller.persistence.services.ProcessLogger########flowable-async-job-executor-thread-11170###
[PollStageAppStatusExecution] [greensapv2-srv] 72b9fd74-68cd-4363-b407-22e2d6e66087 [Fri Sep 10 19:44:14 UTC 2021] Container became healthy (STDOUT, CELL)#

#2.0#2021 09 10 20:00:28.315#Z#DEBUG#com.sap.cloud.lm.sl.xs2.987f5a7d-1271-11ec-aa0f-eeee0a81ed21.greensapv2-srv.stageAppTask#
######org.cloudfoundry.multiapps.controller.persistence.services.ProcessLogger########flowable-async-job-executor-thread-11170###
[PollStageAppStatusExecution] [greensapv2-srv] 72b9fd74-68cd-4363-b407-22e2d6e66087 [Fri Sep 10 20:00:08 UTC 2021] Uploading app package for app with guid 72b9fd74-68cd-4363-b407-22e2d6e66087 (STDOUT, API)#

#2.0#2021 09 10 20:00:28.315#Z#DEBUG#com.sap.cloud.lm.sl.xs2.987f5a7d-1271-11ec-aa0f-eeee0a81ed21.greensapv2-srv.stageAppTask#
######org.cloudfoundry.multiapps.controller.persistence.services.ProcessLogger########flowable-async-job-executor-thread-11170###
[PollStageAppStatusExecution] [greensapv2-srv] 72b9fd74-68cd-4363-b407-22e2d6e66087 [Fri Sep 10 20:00:08 UTC 2021] Updated app with guid 72b9fd74-68cd-4363-b407-22e2d6e66087 ({"environment_variables"=>"[PRIVATE DATA HIDDEN]"}) (STDOUT, API)#

#2.0#2021 09 10 20:00:28.315#Z#DEBUG#com.sap.cloud.lm.sl.xs2.987f5a7d-1271-11ec-aa0f-eeee0a81ed21.greensapv2-srv.stageAppTask#
######org.cloudfoundry.multiapps.controller.persistence.services.ProcessLogger########flowable-async-job-executor-thread-11170###
[PollStageAppStatusExecution] [greensapv2-srv] 72b9fd74-68cd-4363-b407-22e2d6e66087 [Fri Sep 10 20:00:18 UTC 2021] Stopping app with guid 72b9fd74-68cd-4363-b407-22e2d6e66087 (STDOUT, API)#

#2.0#2021 09 10 20:00:28.315#Z#DEBUG#com.sap.cloud.lm.sl.xs2.987f5a7d-1271-11ec-aa0f-eeee0a81ed21.greensapv2-srv.stageAppTask#
######org.cloudfoundry.multiapps.controller.persistence.services.ProcessLogger########flowable-async-job-executor-thread-11170###
[PollStageAppStatusExecution] [greensapv2-srv] 72b9fd74-68cd-4363-b407-22e2d6e66087 [Fri Sep 10 20:00:18 UTC 2021] Cell 5a9ecfee-17f8-4c03-b0bc-b609538c756a stopping instance ff5d2451-743c-4371-6d3b-dc4b (STDOUT, CELL)#

#2.0#2021 09 10 20:00:28.315#Z#DEBUG#com.sap.cloud.lm.sl.xs2.987f5a7d-1271-11ec-aa0f-eeee0a81ed21.greensapv2-srv.stageAppTask#
######org.cloudfoundry.multiapps.controller.persistence.services.ProcessLogger########flowable-async-job-executor-thread-11170###
[PollStageAppStatusExecution] [greensapv2-srv] 72b9fd74-68cd-4363-b407-22e2d6e66087 [Fri Sep 10 20:00:19 UTC 2021] Creating build for app with guid 72b9fd74-68cd-4363-b407-22e2d6e66087 (STDOUT, API)#

#2.0#2021 09 10 20:00:28.315#Z#DEBUG#com.sap.cloud.lm.sl.xs2.987f5a7d-1271-11ec-aa0f-eeee0a81ed21.greensapv2-srv.stageAppTask#
######org.cloudfoundry.multiapps.controller.persistence.services.ProcessLogger########flowable-async-job-executor-thread-11170###
[PollStageAppStatusExecution] [greensapv2-srv] 72b9fd74-68cd-4363-b407-22e2d6e66087 [Fri Sep 10 20:00:19 UTC 2021] Downloading nodejs_buildpack... (STDOUT, STG)#

#2.0#2021 09 10 20:00:28.315#Z#DEBUG#com.sap.cloud.lm.sl.xs2.987f5a7d-1271-11ec-aa0f-eeee0a81ed21.greensapv2-srv.stageAppTask#
######org.cloudfoundry.multiapps.controller.persistence.services.ProcessLogger########flowable-async-job-executor-thread-11170###
[PollStageAppStatusExecution] [greensapv2-srv] 72b9fd74-68cd-4363-b407-22e2d6e66087 [Fri Sep 10 20:00:19 UTC 2021] Cell ac5e20bb-8a7c-426f-ad89-991657a75e8f creating container for instance 5b887113-7752-461c-a60c-7df5c6a014f3 (STDOUT, STG)#

#2.0#2021 09 10 20:00:28.315#Z#DEBUG#com.sap.cloud.lm.sl.xs2.987f5a7d-1271-11ec-aa0f-eeee0a81ed21.greensapv2-srv.stageAppTask#
######org.cloudfoundry.multiapps.controller.persistence.services.ProcessLogger########flowable-async-job-executor-thread-11170###
[PollStageAppStatusExecution] [greensapv2-srv] 72b9fd74-68cd-4363-b407-22e2d6e66087 [Fri Sep 10 20:00:19 UTC 2021] Downloaded nodejs_buildpack (STDOUT, STG)#

#2.0#2021 09 10 20:00:28.315#Z#DEBUG#com.sap.cloud.lm.sl.xs2.987f5a7d-1271-11ec-aa0f-eeee0a81ed21.greensapv2-srv.stageAppTask#
######org.cloudfoundry.multiapps.controller.persistence.services.ProcessLogger########flowable-async-job-executor-thread-11170###
[PollStageAppStatusExecution] [greensapv2-srv] 72b9fd74-68cd-4363-b407-22e2d6e66087 [Fri Sep 10 20:00:19 UTC 2021] Cell ac5e20bb-8a7c-426f-ad89-991657a75e8f successfully created container for instance 5b887113-7752-461c-a60c-7df5c6a014f3 (STDOUT, STG)#

#2.0#2021 09 10 20:00:28.315#Z#DEBUG#com.sap.cloud.lm.sl.xs2.987f5a7d-1271-11ec-aa0f-eeee0a81ed21.greensapv2-srv.stageAppTask#
######org.cloudfoundry.multiapps.controller.persistence.services.ProcessLogger########flowable-async-job-executor-thread-11170###
[PollStageAppStatusExecution] [greensapv2-srv] 72b9fd74-68cd-4363-b407-22e2d6e66087 [Fri Sep 10 20:00:20 UTC 2021] Downloading app package... (STDOUT, STG)#

#2.0#2021 09 10 20:00:28.315#Z#DEBUG#com.sap.cloud.lm.sl.xs2.987f5a7d-1271-11ec-aa0f-eeee0a81ed21.greensapv2-srv.stageAppTask#
######org.cloudfoundry.multiapps.controller.persistence.services.ProcessLogger########flowable-async-job-executor-thread-11170###
[PollStageAppStatusExecution] [greensapv2-srv] 72b9fd74-68cd-4363-b407-22e2d6e66087 [Fri Sep 10 20:00:20 UTC 2021] Downloading build artifacts cache... (STDOUT, STG)#

#2.0#2021 09 10 20:00:28.315#Z#DEBUG#com.sap.cloud.lm.sl.xs2.987f5a7d-1271-11ec-aa0f-eeee0a81ed21.greensapv2-srv.stageAppTask#
######org.cloudfoundry.multiapps.controller.persistence.services.ProcessLogger########flowable-async-job-executor-thread-11170###
[PollStageAppStatusExecution] [greensapv2-srv] 72b9fd74-68cd-4363-b407-22e2d6e66087 [Fri Sep 10 20:00:20 UTC 2021] Downloaded build artifacts cache (225B) (STDOUT, STG)#

#2.0#2021 09 10 20:00:28.315#Z#DEBUG#com.sap.cloud.lm.sl.xs2.987f5a7d-1271-11ec-aa0f-eeee0a81ed21.greensapv2-srv.stageAppTask#
######org.cloudfoundry.multiapps.controller.persistence.services.ProcessLogger########flowable-async-job-executor-thread-11170###
[PollStageAppStatusExecution] [greensapv2-srv] 72b9fd74-68cd-4363-b407-22e2d6e66087 [Fri Sep 10 20:00:21 UTC 2021] Downloaded app package (8.2M) (STDOUT, STG)#

#2.0#2021 09 10 20:00:28.315#Z#DEBUG#com.sap.cloud.lm.sl.xs2.987f5a7d-1271-11ec-aa0f-eeee0a81ed21.greensapv2-srv.stageAppTask#
######org.cloudfoundry.multiapps.controller.persistence.services.ProcessLogger########flowable-async-job-executor-thread-11170###
[PollStageAppStatusExecution] [greensapv2-srv] 72b9fd74-68cd-4363-b407-22e2d6e66087 [Fri Sep 10 20:00:21 UTC 2021] -----> Nodejs Buildpack version 1.7.52 (STDOUT, STG)#

#2.0#2021 09 10 20:00:28.315#Z#DEBUG#com.sap.cloud.lm.sl.xs2.987f5a7d-1271-11ec-aa0f-eeee0a81ed21.greensapv2-srv.stageAppTask#
######org.cloudfoundry.multiapps.controller.persistence.services.ProcessLogger########flowable-async-job-executor-thread-11170###
[PollStageAppStatusExecution] [greensapv2-srv] 72b9fd74-68cd-4363-b407-22e2d6e66087 [Fri Sep 10 20:00:21 UTC 2021]        Copy [/tmp/buildpacks/3e2720f90cb60cb2e5aa63a85282503a/dependencies/611461ef444bd778208da5305fe5da85/node_16.2.0_linux_x64_cflinuxfs3_ca6c2def.tgz] (STDOUT, STG)#

#2.0#2021 09 10 20:00:28.316#Z#DEBUG#com.sap.cloud.lm.sl.xs2.987f5a7d-1271-11ec-aa0f-eeee0a81ed21.greensapv2-srv.stageAppTask#
######org.cloudfoundry.multiapps.controller.persistence.services.ProcessLogger########flowable-async-job-executor-thread-11170###
[PollStageAppStatusExecution] [greensapv2-srv] 72b9fd74-68cd-4363-b407-22e2d6e66087 [Fri Sep 10 20:00:21 UTC 2021] -----> Installing node 16.2.0 (STDOUT, STG)#

#2.0#2021 09 10 20:00:28.316#Z#DEBUG#com.sap.cloud.lm.sl.xs2.987f5a7d-1271-11ec-aa0f-eeee0a81ed21.greensapv2-srv.stageAppTask#
######org.cloudfoundry.multiapps.controller.persistence.services.ProcessLogger########flowable-async-job-executor-thread-11170###
[PollStageAppStatusExecution] [greensapv2-srv] 72b9fd74-68cd-4363-b407-22e2d6e66087 [Fri Sep 10 20:00:21 UTC 2021]        [31;1m**WARNING**[0m Dangerous semver range (>) in engines.node. See: http://docs.cloudfoundry.org/buildpacks/node/node-tips.html (STDOUT, STG)#

#2.0#2021 09 10 20:00:28.316#Z#DEBUG#com.sap.cloud.lm.sl.xs2.987f5a7d-1271-11ec-aa0f-eeee0a81ed21.greensapv2-srv.stageAppTask#
######org.cloudfoundry.multiapps.controller.persistence.services.ProcessLogger########flowable-async-job-executor-thread-11170###
[PollStageAppStatusExecution] [greensapv2-srv] 72b9fd74-68cd-4363-b407-22e2d6e66087 [Fri Sep 10 20:00:21 UTC 2021]        engines.npm (package.json): unspecified (use default) (STDOUT, STG)#

#2.0#2021 09 10 20:00:28.316#Z#DEBUG#com.sap.cloud.lm.sl.xs2.987f5a7d-1271-11ec-aa0f-eeee0a81ed21.greensapv2-srv.stageAppTask#
######org.cloudfoundry.multiapps.controller.persistence.services.ProcessLogger########flowable-async-job-executor-thread-11170###
[PollStageAppStatusExecution] [greensapv2-srv] 72b9fd74-68cd-4363-b407-22e2d6e66087 [Fri Sep 10 20:00:21 UTC 2021]        engines.node (package.json): >=12.18 (STDOUT, STG)#

#2.0#2021 09 10 20:00:28.316#Z#DEBUG#com.sap.cloud.lm.sl.xs2.987f5a7d-1271-11ec-aa0f-eeee0a81ed21.greensapv2-srv.stageAppTask#
######org.cloudfoundry.multiapps.controller.persistence.services.ProcessLogger########flowable-async-job-executor-thread-11170###
[PollStageAppStatusExecution] [greensapv2-srv] 72b9fd74-68cd-4363-b407-22e2d6e66087 [Fri Sep 10 20:00:21 UTC 2021] -----> Installing binaries (STDOUT, STG)#

#2.0#2021 09 10 20:00:28.316#Z#DEBUG#com.sap.cloud.lm.sl.xs2.987f5a7d-1271-11ec-aa0f-eeee0a81ed21.greensapv2-srv.stageAppTask#
######org.cloudfoundry.multiapps.controller.persistence.services.ProcessLogger########flowable-async-job-executor-thread-11170###
[PollStageAppStatusExecution] [greensapv2-srv] 72b9fd74-68cd-4363-b407-22e2d6e66087 [Fri Sep 10 20:00:22 UTC 2021]        Copy [/tmp/buildpacks/3e2720f90cb60cb2e5aa63a85282503a/dependencies/b7482b661544755fef03e2ceeb19057a/yarn_1.22.10_linux_noarch_any-stack_0057c1c9.tgz] (STDOUT, STG)#

#2.0#2021 09 10 20:00:28.316#Z#DEBUG#com.sap.cloud.lm.sl.xs2.987f5a7d-1271-11ec-aa0f-eeee0a81ed21.greensapv2-srv.stageAppTask#
######org.cloudfoundry.multiapps.controller.persistence.services.ProcessLogger########flowable-async-job-executor-thread-11170###
[PollStageAppStatusExecution] [greensapv2-srv] 72b9fd74-68cd-4363-b407-22e2d6e66087 [Fri Sep 10 20:00:22 UTC 2021] -----> Installing yarn 1.22.10 (STDOUT, STG)#

#2.0#2021 09 10 20:00:28.316#Z#DEBUG#com.sap.cloud.lm.sl.xs2.987f5a7d-1271-11ec-aa0f-eeee0a81ed21.greensapv2-srv.stageAppTask#
######org.cloudfoundry.multiapps.controller.persistence.services.ProcessLogger########flowable-async-job-executor-thread-11170###
[PollStageAppStatusExecution] [greensapv2-srv] 72b9fd74-68cd-4363-b407-22e2d6e66087 [Fri Sep 10 20:00:22 UTC 2021]        Using default npm version: 7.13.0 (STDOUT, STG)#

#2.0#2021 09 10 20:00:28.316#Z#DEBUG#com.sap.cloud.lm.sl.xs2.987f5a7d-1271-11ec-aa0f-eeee0a81ed21.greensapv2-srv.stageAppTask#
######org.cloudfoundry.multiapps.controller.persistence.services.ProcessLogger########flowable-async-job-executor-thread-11170###
[PollStageAppStatusExecution] [greensapv2-srv] 72b9fd74-68cd-4363-b407-22e2d6e66087 [Fri Sep 10 20:00:23 UTC 2021] -----> Creating runtime environment (STDOUT, STG)#

#2.0#2021 09 10 20:00:28.316#Z#DEBUG#com.sap.cloud.lm.sl.xs2.987f5a7d-1271-11ec-aa0f-eeee0a81ed21.greensapv2-srv.stageAppTask#
######org.cloudfoundry.multiapps.controller.persistence.services.ProcessLogger########flowable-async-job-executor-thread-11170###
[PollStageAppStatusExecution] [greensapv2-srv] 72b9fd74-68cd-4363-b407-22e2d6e66087 [Fri Sep 10 20:00:23 UTC 2021]        Installed yarn 1.22.10 (STDOUT, STG)#

#2.0#2021 09 10 20:00:28.316#Z#DEBUG#com.sap.cloud.lm.sl.xs2.987f5a7d-1271-11ec-aa0f-eeee0a81ed21.greensapv2-srv.stageAppTask#
######org.cloudfoundry.multiapps.controller.persistence.services.ProcessLogger########flowable-async-job-executor-thread-11170###
[PollStageAppStatusExecution] [greensapv2-srv] 72b9fd74-68cd-4363-b407-22e2d6e66087 [Fri Sep 10 20:00:23 UTC 2021]        Rebuilding any native modules (STDOUT, STG)#

#2.0#2021 09 10 20:00:28.316#Z#DEBUG#com.sap.cloud.lm.sl.xs2.987f5a7d-1271-11ec-aa0f-eeee0a81ed21.greensapv2-srv.stageAppTask#
######org.cloudfoundry.multiapps.controller.persistence.services.ProcessLogger########flowable-async-job-executor-thread-11170###
[PollStageAppStatusExecution] [greensapv2-srv] 72b9fd74-68cd-4363-b407-22e2d6e66087 [Fri Sep 10 20:00:23 UTC 2021]        Prebuild detected (node_modules already exists) (STDOUT, STG)#

#2.0#2021 09 10 20:00:28.316#Z#DEBUG#com.sap.cloud.lm.sl.xs2.987f5a7d-1271-11ec-aa0f-eeee0a81ed21.greensapv2-srv.stageAppTask#
######org.cloudfoundry.multiapps.controller.persistence.services.ProcessLogger########flowable-async-job-executor-thread-11170###
[PollStageAppStatusExecution] [greensapv2-srv] 72b9fd74-68cd-4363-b407-22e2d6e66087 [Fri Sep 10 20:00:23 UTC 2021] -----> Building dependencies (STDOUT, STG)#

#2.0#2021 09 10 20:00:28.316#Z#DEBUG#com.sap.cloud.lm.sl.xs2.987f5a7d-1271-11ec-aa0f-eeee0a81ed21.greensapv2-srv.stageAppTask#
######org.cloudfoundry.multiapps.controller.persistence.services.ProcessLogger########flowable-async-job-executor-thread-11170###
[PollStageAppStatusExecution] [greensapv2-srv] 72b9fd74-68cd-4363-b407-22e2d6e66087 [Fri Sep 10 20:00:23 UTC 2021]        NPM_CONFIG_PRODUCTION=true (STDOUT, STG)#

#2.0#2021 09 10 20:00:28.316#Z#DEBUG#com.sap.cloud.lm.sl.xs2.987f5a7d-1271-11ec-aa0f-eeee0a81ed21.greensapv2-srv.stageAppTask#
######org.cloudfoundry.multiapps.controller.persistence.services.ProcessLogger########flowable-async-job-executor-thread-11170###
[PollStageAppStatusExecution] [greensapv2-srv] 72b9fd74-68cd-4363-b407-22e2d6e66087 [Fri Sep 10 20:00:23 UTC 2021]        NPM_CONFIG_LOGLEVEL=error (STDOUT, STG)#

#2.0#2021 09 10 20:00:28.316#Z#DEBUG#com.sap.cloud.lm.sl.xs2.987f5a7d-1271-11ec-aa0f-eeee0a81ed21.greensapv2-srv.stageAppTask#
######org.cloudfoundry.multiapps.controller.persistence.services.ProcessLogger########flowable-async-job-executor-thread-11170###
[PollStageAppStatusExecution] [greensapv2-srv] 72b9fd74-68cd-4363-b407-22e2d6e66087 [Fri Sep 10 20:00:23 UTC 2021]        NODE_VERBOSE=false (STDOUT, STG)#

#2.0#2021 09 10 20:00:28.316#Z#DEBUG#com.sap.cloud.lm.sl.xs2.987f5a7d-1271-11ec-aa0f-eeee0a81ed21.greensapv2-srv.stageAppTask#
######org.cloudfoundry.multiapps.controller.persistence.services.ProcessLogger########flowable-async-job-executor-thread-11170###
[PollStageAppStatusExecution] [greensapv2-srv] 72b9fd74-68cd-4363-b407-22e2d6e66087 [Fri Sep 10 20:00:23 UTC 2021]        NODE_MODULES_CACHE=true (STDOUT, STG)#

#2.0#2021 09 10 20:00:28.316#Z#DEBUG#com.sap.cloud.lm.sl.xs2.987f5a7d-1271-11ec-aa0f-eeee0a81ed21.greensapv2-srv.stageAppTask#
######org.cloudfoundry.multiapps.controller.persistence.services.ProcessLogger########flowable-async-job-executor-thread-11170###
[PollStageAppStatusExecution] [greensapv2-srv] 72b9fd74-68cd-4363-b407-22e2d6e66087 [Fri Sep 10 20:00:23 UTC 2021]        NODE_HOME=/tmp/contents469470869/deps/0/node (STDOUT, STG)#

#2.0#2021 09 10 20:00:28.316#Z#DEBUG#com.sap.cloud.lm.sl.xs2.987f5a7d-1271-11ec-aa0f-eeee0a81ed21.greensapv2-srv.stageAppTask#
######org.cloudfoundry.multiapps.controller.persistence.services.ProcessLogger########flowable-async-job-executor-thread-11170###
[PollStageAppStatusExecution] [greensapv2-srv] 72b9fd74-68cd-4363-b407-22e2d6e66087 [Fri Sep 10 20:00:23 UTC 2021]        NODE_ENV=production (STDOUT, STG)#

#2.0#2021 09 10 20:00:28.316#Z#DEBUG#com.sap.cloud.lm.sl.xs2.987f5a7d-1271-11ec-aa0f-eeee0a81ed21.greensapv2-srv.stageAppTask#
######org.cloudfoundry.multiapps.controller.persistence.services.ProcessLogger########flowable-async-job-executor-thread-11170###
[PollStageAppStatusExecution] [greensapv2-srv] 72b9fd74-68cd-4363-b407-22e2d6e66087 [Fri Sep 10 20:00:23 UTC 2021] rebuilt dependencies successfully (STDOUT, STG)#

#2.0#2021 09 10 20:00:28.316#Z#DEBUG#com.sap.cloud.lm.sl.xs2.987f5a7d-1271-11ec-aa0f-eeee0a81ed21.greensapv2-srv.stageAppTask#
######org.cloudfoundry.multiapps.controller.persistence.services.ProcessLogger########flowable-async-job-executor-thread-11170###
[PollStageAppStatusExecution] [greensapv2-srv] 72b9fd74-68cd-4363-b407-22e2d6e66087 [Fri Sep 10 20:00:23 UTC 2021] npm notice  (STDOUT, STG)#

#2.0#2021 09 10 20:00:28.316#Z#DEBUG#com.sap.cloud.lm.sl.xs2.987f5a7d-1271-11ec-aa0f-eeee0a81ed21.greensapv2-srv.stageAppTask#
######org.cloudfoundry.multiapps.controller.persistence.services.ProcessLogger########flowable-async-job-executor-thread-11170###
[PollStageAppStatusExecution] [greensapv2-srv] 72b9fd74-68cd-4363-b407-22e2d6e66087 [Fri Sep 10 20:00:23 UTC 2021] npm notice Run `npm install -g npm@7.23.0` to update! (STDOUT, STG)#

#2.0#2021 09 10 20:00:28.316#Z#DEBUG#com.sap.cloud.lm.sl.xs2.987f5a7d-1271-11ec-aa0f-eeee0a81ed21.greensapv2-srv.stageAppTask#
######org.cloudfoundry.multiapps.controller.persistence.services.ProcessLogger########flowable-async-job-executor-thread-11170###
[PollStageAppStatusExecution] [greensapv2-srv] 72b9fd74-68cd-4363-b407-22e2d6e66087 [Fri Sep 10 20:00:23 UTC 2021] npm notice Changelog: <https://github.com/npm/cli/releases/tag/v7.23.0> (STDOUT, STG)#

#2.0#2021 09 10 20:00:28.316#Z#DEBUG#com.sap.cloud.lm.sl.xs2.987f5a7d-1271-11ec-aa0f-eeee0a81ed21.greensapv2-srv.stageAppTask#
######org.cloudfoundry.multiapps.controller.persistence.services.ProcessLogger########flowable-async-job-executor-thread-11170###
[PollStageAppStatusExecution] [greensapv2-srv] 72b9fd74-68cd-4363-b407-22e2d6e66087 [Fri Sep 10 20:00:23 UTC 2021] npm notice New minor version of npm available! 7.13.0 -> 7.23.0 (STDOUT, STG)#

#2.0#2021 09 10 20:00:28.316#Z#DEBUG#com.sap.cloud.lm.sl.xs2.987f5a7d-1271-11ec-aa0f-eeee0a81ed21.greensapv2-srv.stageAppTask#
######org.cloudfoundry.multiapps.controller.persistence.services.ProcessLogger########flowable-async-job-executor-thread-11170###
[PollStageAppStatusExecution] [greensapv2-srv] 72b9fd74-68cd-4363-b407-22e2d6e66087 [Fri Sep 10 20:00:23 UTC 2021] npm notice  (STDOUT, STG)#

#2.0#2021 09 10 20:00:28.316#Z#DEBUG#com.sap.cloud.lm.sl.xs2.987f5a7d-1271-11ec-aa0f-eeee0a81ed21.greensapv2-srv.stageAppTask#
######org.cloudfoundry.multiapps.controller.persistence.services.ProcessLogger########flowable-async-job-executor-thread-11170###
[PollStageAppStatusExecution] [greensapv2-srv] 72b9fd74-68cd-4363-b407-22e2d6e66087 [Fri Sep 10 20:00:23 UTC 2021]        Installing any new modules (package.json + package-lock.json) (STDOUT, STG)#

#2.0#2021 09 10 20:00:28.316#Z#DEBUG#com.sap.cloud.lm.sl.xs2.987f5a7d-1271-11ec-aa0f-eeee0a81ed21.greensapv2-srv.stageAppTask#
######org.cloudfoundry.multiapps.controller.persistence.services.ProcessLogger########flowable-async-job-executor-thread-11170###
[PollStageAppStatusExecution] [greensapv2-srv] 72b9fd74-68cd-4363-b407-22e2d6e66087 [Fri Sep 10 20:00:24 UTC 2021] npm notice  (STDOUT, STG)#

#2.0#2021 09 10 20:00:28.316#Z#DEBUG#com.sap.cloud.lm.sl.xs2.987f5a7d-1271-11ec-aa0f-eeee0a81ed21.greensapv2-srv.stageAppTask#
######org.cloudfoundry.multiapps.controller.persistence.services.ProcessLogger########flowable-async-job-executor-thread-11170###
[PollStageAppStatusExecution] [greensapv2-srv] 72b9fd74-68cd-4363-b407-22e2d6e66087 [Fri Sep 10 20:00:24 UTC 2021] npm notice Run `npm install -g npm@7.23.0` to update! (STDOUT, STG)#

#2.0#2021 09 10 20:00:28.316#Z#DEBUG#com.sap.cloud.lm.sl.xs2.987f5a7d-1271-11ec-aa0f-eeee0a81ed21.greensapv2-srv.stageAppTask#
######org.cloudfoundry.multiapps.controller.persistence.services.ProcessLogger########flowable-async-job-executor-thread-11170###
[PollStageAppStatusExecution] [greensapv2-srv] 72b9fd74-68cd-4363-b407-22e2d6e66087 [Fri Sep 10 20:00:24 UTC 2021] npm notice Changelog: <https://github.com/npm/cli/releases/tag/v7.23.0> (STDOUT, STG)#

#2.0#2021 09 10 20:00:28.316#Z#DEBUG#com.sap.cloud.lm.sl.xs2.987f5a7d-1271-11ec-aa0f-eeee0a81ed21.greensapv2-srv.stageAppTask#
######org.cloudfoundry.multiapps.controller.persistence.services.ProcessLogger########flowable-async-job-executor-thread-11170###
[PollStageAppStatusExecution] [greensapv2-srv] 72b9fd74-68cd-4363-b407-22e2d6e66087 [Fri Sep 10 20:00:24 UTC 2021] npm notice New minor version of npm available! 7.13.0 -> 7.23.0 (STDOUT, STG)#

#2.0#2021 09 10 20:00:28.316#Z#DEBUG#com.sap.cloud.lm.sl.xs2.987f5a7d-1271-11ec-aa0f-eeee0a81ed21.greensapv2-srv.stageAppTask#
######org.cloudfoundry.multiapps.controller.persistence.services.ProcessLogger########flowable-async-job-executor-thread-11170###
[PollStageAppStatusExecution] [greensapv2-srv] 72b9fd74-68cd-4363-b407-22e2d6e66087 [Fri Sep 10 20:00:24 UTC 2021] npm notice  (STDOUT, STG)#

#2.0#2021 09 10 20:00:28.316#Z#DEBUG#com.sap.cloud.lm.sl.xs2.987f5a7d-1271-11ec-aa0f-eeee0a81ed21.greensapv2-srv.stageAppTask#
######org.cloudfoundry.multiapps.controller.persistence.services.ProcessLogger########flowable-async-job-executor-thread-11170###
[PollStageAppStatusExecution] [greensapv2-srv] 72b9fd74-68cd-4363-b407-22e2d6e66087 [Fri Sep 10 20:00:24 UTC 2021] up to date in 666ms (STDOUT, STG)#

#2.0#2021 09 10 20:00:28.316#Z#DEBUG#com.sap.cloud.lm.sl.xs2.987f5a7d-1271-11ec-aa0f-eeee0a81ed21.greensapv2-srv.stageAppTask#
######org.cloudfoundry.multiapps.controller.persistence.services.ProcessLogger########flowable-async-job-executor-thread-11170###
[PollStageAppStatusExecution] [greensapv2-srv] 72b9fd74-68cd-4363-b407-22e2d6e66087 [Fri Sep 10 20:00:25 UTC 2021]        Contrast Security no credentials found. Will not write environment files. (STDOUT, STG)#

#2.0#2021 09 10 20:00:38.317#Z#DEBUG#com.sap.cloud.lm.sl.xs2.987f5a7d-1271-11ec-aa0f-eeee0a81ed21.greensapv2-srv.stageAppTask#
######org.cloudfoundry.multiapps.controller.persistence.services.ProcessLogger########flowable-async-job-executor-thread-21345###
[PollStageAppStatusExecution] [greensapv2-srv] 72b9fd74-68cd-4363-b407-22e2d6e66087 [Fri Sep 10 20:00:31 UTC 2021] Uploading build artifacts cache... (STDOUT, STG)#

#2.0#2021 09 10 20:00:38.317#Z#DEBUG#com.sap.cloud.lm.sl.xs2.987f5a7d-1271-11ec-aa0f-eeee0a81ed21.greensapv2-srv.stageAppTask#
######org.cloudfoundry.multiapps.controller.persistence.services.ProcessLogger########flowable-async-job-executor-thread-21345###
[PollStageAppStatusExecution] [greensapv2-srv] 72b9fd74-68cd-4363-b407-22e2d6e66087 [Fri Sep 10 20:00:31 UTC 2021] Uploading droplet... (STDOUT, STG)#

#2.0#2021 09 10 20:00:38.317#Z#DEBUG#com.sap.cloud.lm.sl.xs2.987f5a7d-1271-11ec-aa0f-eeee0a81ed21.greensapv2-srv.stageAppTask#
######org.cloudfoundry.multiapps.controller.persistence.services.ProcessLogger########flowable-async-job-executor-thread-21345###
[PollStageAppStatusExecution] [greensapv2-srv] 72b9fd74-68cd-4363-b407-22e2d6e66087 [Fri Sep 10 20:00:31 UTC 2021] Uploading droplet, build artifacts cache... (STDOUT, STG)#

#2.0#2021 09 10 20:00:38.317#Z#DEBUG#com.sap.cloud.lm.sl.xs2.987f5a7d-1271-11ec-aa0f-eeee0a81ed21.greensapv2-srv.stageAppTask#
######org.cloudfoundry.multiapps.controller.persistence.services.ProcessLogger########flowable-async-job-executor-thread-21345###
[PollStageAppStatusExecution] [greensapv2-srv] 72b9fd74-68cd-4363-b407-22e2d6e66087 [Fri Sep 10 20:00:31 UTC 2021] Exit status 0 (STDOUT, STG)#

#2.0#2021 09 10 20:00:38.317#Z#DEBUG#com.sap.cloud.lm.sl.xs2.987f5a7d-1271-11ec-aa0f-eeee0a81ed21.greensapv2-srv.stageAppTask#
######org.cloudfoundry.multiapps.controller.persistence.services.ProcessLogger########flowable-async-job-executor-thread-21345###
[PollStageAppStatusExecution] [greensapv2-srv] 72b9fd74-68cd-4363-b407-22e2d6e66087 [Fri Sep 10 20:00:31 UTC 2021] Uploaded build artifacts cache (227B) (STDOUT, STG)#

#2.0#2021 09 10 20:00:38.317#Z#DEBUG#com.sap.cloud.lm.sl.xs2.987f5a7d-1271-11ec-aa0f-eeee0a81ed21.greensapv2-srv.stageAppTask#
######org.cloudfoundry.multiapps.controller.persistence.services.ProcessLogger########flowable-async-job-executor-thread-21345###
[PollStageAppStatusExecution] [greensapv2-srv] 72b9fd74-68cd-4363-b407-22e2d6e66087 [Fri Sep 10 20:00:32 UTC 2021] Creating droplet for app with guid 72b9fd74-68cd-4363-b407-22e2d6e66087 (STDOUT, API)#

#2.0#2021 09 10 20:00:38.317#Z#DEBUG#com.sap.cloud.lm.sl.xs2.987f5a7d-1271-11ec-aa0f-eeee0a81ed21.greensapv2-srv.stageAppTask#
######org.cloudfoundry.multiapps.controller.persistence.services.ProcessLogger########flowable-async-job-executor-thread-21345###
[PollStageAppStatusExecution] [greensapv2-srv] 72b9fd74-68cd-4363-b407-22e2d6e66087 [Fri Sep 10 20:00:34 UTC 2021] Uploaded droplet (40.2M) (STDOUT, STG)#

#2.0#2021 09 10 20:00:38.317#Z#DEBUG#com.sap.cloud.lm.sl.xs2.987f5a7d-1271-11ec-aa0f-eeee0a81ed21.greensapv2-srv.stageAppTask#
######org.cloudfoundry.multiapps.controller.persistence.services.ProcessLogger########flowable-async-job-executor-thread-21345###
[PollStageAppStatusExecution] [greensapv2-srv] 72b9fd74-68cd-4363-b407-22e2d6e66087 [Fri Sep 10 20:00:34 UTC 2021] Uploading complete (STDOUT, STG)#

#2.0#2021 09 10 20:00:38.317#Z#DEBUG#com.sap.cloud.lm.sl.xs2.987f5a7d-1271-11ec-aa0f-eeee0a81ed21.greensapv2-srv.stageAppTask#
######org.cloudfoundry.multiapps.controller.persistence.services.ProcessLogger########flowable-async-job-executor-thread-21345###
[PollStageAppStatusExecution] [greensapv2-srv] 72b9fd74-68cd-4363-b407-22e2d6e66087 [Fri Sep 10 20:00:34 UTC 2021] Cell ac5e20bb-8a7c-426f-ad89-991657a75e8f destroying container for instance 5b887113-7752-461c-a60c-7df5c6a014f3 (STDOUT, STG)#

#2.0#2021 09 10 20:00:38.317#Z#DEBUG#com.sap.cloud.lm.sl.xs2.987f5a7d-1271-11ec-aa0f-eeee0a81ed21.greensapv2-srv.stageAppTask#
######org.cloudfoundry.multiapps.controller.persistence.services.ProcessLogger########flowable-async-job-executor-thread-21345###
[PollStageAppStatusExecution] [greensapv2-srv] 72b9fd74-68cd-4363-b407-22e2d6e66087 [Fri Sep 10 20:00:34 UTC 2021] Cell ac5e20bb-8a7c-426f-ad89-991657a75e8f stopping instance 5b887113-7752-461c-a60c-7df5c6a014f3 (STDOUT, STG)#

#2.0#2021 09 10 20:00:38.317#Z#DEBUG#com.sap.cloud.lm.sl.xs2.987f5a7d-1271-11ec-aa0f-eeee0a81ed21.greensapv2-srv.stageAppTask#
######org.cloudfoundry.multiapps.controller.persistence.services.ProcessLogger########flowable-async-job-executor-thread-21345###
[PollStageAppStatusExecution] [greensapv2-srv] 72b9fd74-68cd-4363-b407-22e2d6e66087 [Fri Sep 10 20:00:35 UTC 2021] Cell 5a9ecfee-17f8-4c03-b0bc-b609538c756a destroying container for instance ff5d2451-743c-4371-6d3b-dc4b (STDOUT, CELL)#

#2.0#2021 09 10 20:00:38.317#Z#DEBUG#com.sap.cloud.lm.sl.xs2.987f5a7d-1271-11ec-aa0f-eeee0a81ed21.greensapv2-srv.stageAppTask#
######org.cloudfoundry.multiapps.controller.persistence.services.ProcessLogger########flowable-async-job-executor-thread-21345###
[PollStageAppStatusExecution] [greensapv2-srv] 72b9fd74-68cd-4363-b407-22e2d6e66087 [Fri Sep 10 20:00:35 UTC 2021] Exit status 137 (STDOUT, PROXY)#

#2.0#2021 09 10 20:00:38.317#Z#DEBUG#com.sap.cloud.lm.sl.xs2.987f5a7d-1271-11ec-aa0f-eeee0a81ed21.greensapv2-srv.stageAppTask#
######org.cloudfoundry.multiapps.controller.persistence.services.ProcessLogger########flowable-async-job-executor-thread-21345###
[PollStageAppStatusExecution] [greensapv2-srv] 72b9fd74-68cd-4363-b407-22e2d6e66087 [Fri Sep 10 20:00:35 UTC 2021] Cell ac5e20bb-8a7c-426f-ad89-991657a75e8f successfully destroyed container for instance 5b887113-7752-461c-a60c-7df5c6a014f3 (STDOUT, STG)#

#2.0#2021 09 10 20:00:38.317#Z#DEBUG#com.sap.cloud.lm.sl.xs2.987f5a7d-1271-11ec-aa0f-eeee0a81ed21.greensapv2-srv.stageAppTask#
######org.cloudfoundry.multiapps.controller.persistence.services.ProcessLogger########flowable-async-job-executor-thread-21345###
[PollStageAppStatusExecution] [greensapv2-srv] 72b9fd74-68cd-4363-b407-22e2d6e66087 [Fri Sep 10 20:00:36 UTC 2021] Cell 5a9ecfee-17f8-4c03-b0bc-b609538c756a successfully destroyed container for instance ff5d2451-743c-4371-6d3b-dc4b (STDOUT, CELL)#

#2.0#2021 09 10 20:00:48.765#Z#DEBUG#com.sap.cloud.lm.sl.xs2.987f5a7d-1271-11ec-aa0f-eeee0a81ed21.greensapv2-srv.startAppTask#
######org.cloudfoundry.multiapps.controller.persistence.services.ProcessLogger########flowable-async-job-executor-thread-11180###
[PollStartAppStatusExecution] [greensapv2-srv] 72b9fd74-68cd-4363-b407-22e2d6e66087 [Fri Sep 10 20:00:38 UTC 2021] Updated app with guid 72b9fd74-68cd-4363-b407-22e2d6e66087 ({:droplet_guid=>"baab1ea4-f05f-42c7-be81-bebb03fa3827"}) (STDOUT, API)#

#2.0#2021 09 10 20:00:48.765#Z#DEBUG#com.sap.cloud.lm.sl.xs2.987f5a7d-1271-11ec-aa0f-eeee0a81ed21.greensapv2-srv.startAppTask#
######org.cloudfoundry.multiapps.controller.persistence.services.ProcessLogger########flowable-async-job-executor-thread-11180###
[PollStartAppStatusExecution] [greensapv2-srv] 72b9fd74-68cd-4363-b407-22e2d6e66087 [Fri Sep 10 20:00:39 UTC 2021] Creating revision for app with guid 72b9fd74-68cd-4363-b407-22e2d6e66087 (STDOUT, API)#

#2.0#2021 09 10 20:00:48.765#Z#DEBUG#com.sap.cloud.lm.sl.xs2.987f5a7d-1271-11ec-aa0f-eeee0a81ed21.greensapv2-srv.startAppTask#
######org.cloudfoundry.multiapps.controller.persistence.services.ProcessLogger########flowable-async-job-executor-thread-11180###
[PollStartAppStatusExecution] [greensapv2-srv] 72b9fd74-68cd-4363-b407-22e2d6e66087 [Fri Sep 10 20:00:39 UTC 2021] Starting app with guid 72b9fd74-68cd-4363-b407-22e2d6e66087 (STDOUT, API)#

#2.0#2021 09 10 20:00:48.765#Z#DEBUG#com.sap.cloud.lm.sl.xs2.987f5a7d-1271-11ec-aa0f-eeee0a81ed21.greensapv2-srv.startAppTask#
######org.cloudfoundry.multiapps.controller.persistence.services.ProcessLogger########flowable-async-job-executor-thread-11180###
[PollStartAppStatusExecution] [greensapv2-srv] 72b9fd74-68cd-4363-b407-22e2d6e66087 [Fri Sep 10 20:00:40 UTC 2021] Cell 76bf4c52-82a4-4142-813e-c9a5a8c4929a creating container for instance 0065043b-9a2c-47f3-77c4-8363 (STDOUT, CELL)#

#2.0#2021 09 10 20:00:48.765#Z#DEBUG#com.sap.cloud.lm.sl.xs2.987f5a7d-1271-11ec-aa0f-eeee0a81ed21.greensapv2-srv.startAppTask#
######org.cloudfoundry.multiapps.controller.persistence.services.ProcessLogger########flowable-async-job-executor-thread-11180###
[PollStartAppStatusExecution] [greensapv2-srv] 72b9fd74-68cd-4363-b407-22e2d6e66087 [Fri Sep 10 20:00:41 UTC 2021] Cell 76bf4c52-82a4-4142-813e-c9a5a8c4929a successfully created container for instance 0065043b-9a2c-47f3-77c4-8363 (STDOUT, CELL)#

#2.0#2021 09 10 20:00:48.765#Z#DEBUG#com.sap.cloud.lm.sl.xs2.987f5a7d-1271-11ec-aa0f-eeee0a81ed21.greensapv2-srv.startAppTask#
######org.cloudfoundry.multiapps.controller.persistence.services.ProcessLogger########flowable-async-job-executor-thread-11180###
[PollStartAppStatusExecution] [greensapv2-srv] 72b9fd74-68cd-4363-b407-22e2d6e66087 [Fri Sep 10 20:00:41 UTC 2021] Downloading droplet... (STDOUT, CELL)#

#2.0#2021 09 10 20:00:48.765#Z#DEBUG#com.sap.cloud.lm.sl.xs2.987f5a7d-1271-11ec-aa0f-eeee0a81ed21.greensapv2-srv.startAppTask#
######org.cloudfoundry.multiapps.controller.persistence.services.ProcessLogger########flowable-async-job-executor-thread-11180###
[PollStartAppStatusExecution] [greensapv2-srv] 72b9fd74-68cd-4363-b407-22e2d6e66087 [Fri Sep 10 20:00:43 UTC 2021] Starting health monitoring of container (STDOUT, CELL)#

#2.0#2021 09 10 20:00:48.765#Z#DEBUG#com.sap.cloud.lm.sl.xs2.987f5a7d-1271-11ec-aa0f-eeee0a81ed21.greensapv2-srv.startAppTask#
######org.cloudfoundry.multiapps.controller.persistence.services.ProcessLogger########flowable-async-job-executor-thread-11180###
[PollStartAppStatusExecution] [greensapv2-srv] 72b9fd74-68cd-4363-b407-22e2d6e66087 [Fri Sep 10 20:00:43 UTC 2021] Downloaded droplet (40.2M) (STDOUT, CELL)#

#2.0#2021 09 10 20:00:48.766#Z#DEBUG#com.sap.cloud.lm.sl.xs2.987f5a7d-1271-11ec-aa0f-eeee0a81ed21.greensapv2-srv.startAppTask#
######org.cloudfoundry.multiapps.controller.persistence.services.ProcessLogger########flowable-async-job-executor-thread-11180###
[PollStartAppStatusExecution] [greensapv2-srv] 72b9fd74-68cd-4363-b407-22e2d6e66087 [Fri Sep 10 20:00:44 UTC 2021] > cds run (STDOUT, APP/PROC/WEB)#

#2.0#2021 09 10 20:00:48.766#Z#DEBUG#com.sap.cloud.lm.sl.xs2.987f5a7d-1271-11ec-aa0f-eeee0a81ed21.greensapv2-srv.startAppTask#
######org.cloudfoundry.multiapps.controller.persistence.services.ProcessLogger########flowable-async-job-executor-thread-11180###
[PollStartAppStatusExecution] [greensapv2-srv] 72b9fd74-68cd-4363-b407-22e2d6e66087 [Fri Sep 10 20:00:44 UTC 2021] > greensapv2@1.0.0 start (STDOUT, APP/PROC/WEB)#

#2.0#2021 09 10 20:00:48.766#Z#DEBUG#com.sap.cloud.lm.sl.xs2.987f5a7d-1271-11ec-aa0f-eeee0a81ed21.greensapv2-srv.startAppTask#
######org.cloudfoundry.multiapps.controller.persistence.services.ProcessLogger########flowable-async-job-executor-thread-11180###
[PollStartAppStatusExecution] [greensapv2-srv] 72b9fd74-68cd-4363-b407-22e2d6e66087 [Fri Sep 10 20:00:45 UTC 2021] [0m (STDOUT, APP/PROC/WEB)#

#2.0#2021 09 10 20:00:48.766#Z#DEBUG#com.sap.cloud.lm.sl.xs2.987f5a7d-1271-11ec-aa0f-eeee0a81ed21.greensapv2-srv.startAppTask#
######org.cloudfoundry.multiapps.controller.persistence.services.ProcessLogger########flowable-async-job-executor-thread-11180###
[PollStartAppStatusExecution] [greensapv2-srv] 72b9fd74-68cd-4363-b407-22e2d6e66087 [Fri Sep 10 20:00:45 UTC 2021]   ./srv/csn.json (STDOUT, APP/PROC/WEB)#

#2.0#2021 09 10 20:00:48.766#Z#DEBUG#com.sap.cloud.lm.sl.xs2.987f5a7d-1271-11ec-aa0f-eeee0a81ed21.greensapv2-srv.startAppTask#
######org.cloudfoundry.multiapps.controller.persistence.services.ProcessLogger########flowable-async-job-executor-thread-11180###
[PollStartAppStatusExecution] [greensapv2-srv] 72b9fd74-68cd-4363-b407-22e2d6e66087 [Fri Sep 10 20:00:45 UTC 2021] [2m (STDOUT, APP/PROC/WEB)#

#2.0#2021 09 10 20:00:48.766#Z#DEBUG#com.sap.cloud.lm.sl.xs2.987f5a7d-1271-11ec-aa0f-eeee0a81ed21.greensapv2-srv.startAppTask#
######org.cloudfoundry.multiapps.controller.persistence.services.ProcessLogger########flowable-async-job-executor-thread-11180###
[PollStartAppStatusExecution] [greensapv2-srv] 72b9fd74-68cd-4363-b407-22e2d6e66087 [Fri Sep 10 20:00:45 UTC 2021] [cds] - model loaded from 1 file(s): (STDOUT, APP/PROC/WEB)#

#2.0#2021 09 10 20:00:48.766#Z#DEBUG#com.sap.cloud.lm.sl.xs2.987f5a7d-1271-11ec-aa0f-eeee0a81ed21.greensapv2-srv.startAppTask#
######org.cloudfoundry.multiapps.controller.persistence.services.ProcessLogger########flowable-async-job-executor-thread-11180###
[PollStartAppStatusExecution] [greensapv2-srv] 72b9fd74-68cd-4363-b407-22e2d6e66087 [Fri Sep 10 20:00:45 UTC 2021] } (STDOUT, APP/PROC/WEB)#

#2.0#2021 09 10 20:00:48.766#Z#DEBUG#com.sap.cloud.lm.sl.xs2.987f5a7d-1271-11ec-aa0f-eeee0a81ed21.greensapv2-srv.startAppTask#
######org.cloudfoundry.multiapps.controller.persistence.services.ProcessLogger########flowable-async-job-executor-thread-11180###
[PollStartAppStatusExecution] [greensapv2-srv] 72b9fd74-68cd-4363-b407-22e2d6e66087 [Fri Sep 10 20:00:45 UTC 2021]   certificate: '...' (STDOUT, APP/PROC/WEB)#

#2.0#2021 09 10 20:00:48.766#Z#DEBUG#com.sap.cloud.lm.sl.xs2.987f5a7d-1271-11ec-aa0f-eeee0a81ed21.greensapv2-srv.startAppTask#
######org.cloudfoundry.multiapps.controller.persistence.services.ProcessLogger########flowable-async-job-executor-thread-11180###
[PollStartAppStatusExecution] [greensapv2-srv] 72b9fd74-68cd-4363-b407-22e2d6e66087 [Fri Sep 10 20:00:45 UTC 2021]   password: '...', (STDOUT, APP/PROC/WEB)#

#2.0#2021 09 10 20:00:48.766#Z#DEBUG#com.sap.cloud.lm.sl.xs2.987f5a7d-1271-11ec-aa0f-eeee0a81ed21.greensapv2-srv.startAppTask#
######org.cloudfoundry.multiapps.controller.persistence.services.ProcessLogger########flowable-async-job-executor-thread-11180###
[PollStartAppStatusExecution] [greensapv2-srv] 72b9fd74-68cd-4363-b407-22e2d6e66087 [Fri Sep 10 20:00:45 UTC 2021]   user: '6779C674ECC9463EAE7663040C951E95_3TV076MZ2BFL589QAMZM29M4Z_RT', (STDOUT, APP/PROC/WEB)#

#2.0#2021 09 10 20:00:48.766#Z#DEBUG#com.sap.cloud.lm.sl.xs2.987f5a7d-1271-11ec-aa0f-eeee0a81ed21.greensapv2-srv.startAppTask#
######org.cloudfoundry.multiapps.controller.persistence.services.ProcessLogger########flowable-async-job-executor-thread-11180###
[PollStartAppStatusExecution] [greensapv2-srv] 72b9fd74-68cd-4363-b407-22e2d6e66087 [Fri Sep 10 20:00:45 UTC 2021]   hdi_password: '...', (STDOUT, APP/PROC/WEB)#

#2.0#2021 09 10 20:00:48.766#Z#DEBUG#com.sap.cloud.lm.sl.xs2.987f5a7d-1271-11ec-aa0f-eeee0a81ed21.greensapv2-srv.startAppTask#
######org.cloudfoundry.multiapps.controller.persistence.services.ProcessLogger########flowable-async-job-executor-thread-11180###
[PollStartAppStatusExecution] [greensapv2-srv] 72b9fd74-68cd-4363-b407-22e2d6e66087 [Fri Sep 10 20:00:45 UTC 2021]   hdi_user: '6779C674ECC9463EAE7663040C951E95_3TV076MZ2BFL589QAMZM29M4Z_DT', (STDOUT, APP/PROC/WEB)#

#2.0#2021 09 10 20:00:48.766#Z#DEBUG#com.sap.cloud.lm.sl.xs2.987f5a7d-1271-11ec-aa0f-eeee0a81ed21.greensapv2-srv.startAppTask#
######org.cloudfoundry.multiapps.controller.persistence.services.ProcessLogger########flowable-async-job-executor-thread-11180###
[PollStartAppStatusExecution] [greensapv2-srv] 72b9fd74-68cd-4363-b407-22e2d6e66087 [Fri Sep 10 20:00:45 UTC 2021]   schema: '6779C674ECC9463EAE7663040C951E95', (STDOUT, APP/PROC/WEB)#

#2.0#2021 09 10 20:00:48.766#Z#DEBUG#com.sap.cloud.lm.sl.xs2.987f5a7d-1271-11ec-aa0f-eeee0a81ed21.greensapv2-srv.startAppTask#
######org.cloudfoundry.multiapps.controller.persistence.services.ProcessLogger########flowable-async-job-executor-thread-11180###
[PollStartAppStatusExecution] [greensapv2-srv] 72b9fd74-68cd-4363-b407-22e2d6e66087 [Fri Sep 10 20:00:45 UTC 2021]   url: 'jdbc:sap://c2b74450-7bde-4a3b-8da6-c07aa4389ca2.hana.prod-eu10.hanacloud.ondemand.com:443?encrypt=true&validateCertificate=true&currentschema=6779C674ECC9463EAE7663040C951E95', (STDOUT, APP/PROC/WEB)#

#2.0#2021 09 10 20:00:48.766#Z#DEBUG#com.sap.cloud.lm.sl.xs2.987f5a7d-1271-11ec-aa0f-eeee0a81ed21.greensapv2-srv.startAppTask#
######org.cloudfoundry.multiapps.controller.persistence.services.ProcessLogger########flowable-async-job-executor-thread-11180###
[PollStartAppStatusExecution] [greensapv2-srv] 72b9fd74-68cd-4363-b407-22e2d6e66087 [Fri Sep 10 20:00:45 UTC 2021]   driver: 'com.sap.db.jdbc.Driver', (STDOUT, APP/PROC/WEB)#

#2.0#2021 09 10 20:00:48.766#Z#DEBUG#com.sap.cloud.lm.sl.xs2.987f5a7d-1271-11ec-aa0f-eeee0a81ed21.greensapv2-srv.startAppTask#
######org.cloudfoundry.multiapps.controller.persistence.services.ProcessLogger########flowable-async-job-executor-thread-11180###
[PollStartAppStatusExecution] [greensapv2-srv] 72b9fd74-68cd-4363-b407-22e2d6e66087 [Fri Sep 10 20:00:45 UTC 2021]   port: '443', (STDOUT, APP/PROC/WEB)#

#2.0#2021 09 10 20:00:48.766#Z#DEBUG#com.sap.cloud.lm.sl.xs2.987f5a7d-1271-11ec-aa0f-eeee0a81ed21.greensapv2-srv.startAppTask#
######org.cloudfoundry.multiapps.controller.persistence.services.ProcessLogger########flowable-async-job-executor-thread-11180###
[PollStartAppStatusExecution] [greensapv2-srv] 72b9fd74-68cd-4363-b407-22e2d6e66087 [Fri Sep 10 20:00:45 UTC 2021]   host: 'c2b74450-7bde-4a3b-8da6-c07aa4389ca2.hana.prod-eu10.hanacloud.ondemand.com', (STDOUT, APP/PROC/WEB)#

#2.0#2021 09 10 20:00:48.766#Z#DEBUG#com.sap.cloud.lm.sl.xs2.987f5a7d-1271-11ec-aa0f-eeee0a81ed21.greensapv2-srv.startAppTask#
######org.cloudfoundry.multiapps.controller.persistence.services.ProcessLogger########flowable-async-job-executor-thread-11180###
[PollStartAppStatusExecution] [greensapv2-srv] 72b9fd74-68cd-4363-b407-22e2d6e66087 [Fri Sep 10 20:00:45 UTC 2021] [cds] - connect to db > hana { (STDOUT, APP/PROC/WEB)#

#2.0#2021 09 10 20:00:48.766#Z#DEBUG#com.sap.cloud.lm.sl.xs2.987f5a7d-1271-11ec-aa0f-eeee0a81ed21.greensapv2-srv.startAppTask#
######org.cloudfoundry.multiapps.controller.persistence.services.ProcessLogger########flowable-async-job-executor-thread-11180###
[PollStartAppStatusExecution] [greensapv2-srv] 72b9fd74-68cd-4363-b407-22e2d6e66087 [Fri Sep 10 20:00:45 UTC 2021] [cds] - serving CatalogService { at: '/catalog' } (STDOUT, APP/PROC/WEB)#

#2.0#2021 09 10 20:00:48.766#Z#DEBUG#com.sap.cloud.lm.sl.xs2.987f5a7d-1271-11ec-aa0f-eeee0a81ed21.greensapv2-srv.startAppTask#
######org.cloudfoundry.multiapps.controller.persistence.services.ProcessLogger########flowable-async-job-executor-thread-11180###
[PollStartAppStatusExecution] [greensapv2-srv] 72b9fd74-68cd-4363-b407-22e2d6e66087 [Fri Sep 10 20:00:45 UTC 2021] [cds] - launched in: 686.005ms (STDOUT, APP/PROC/WEB)#

#2.0#2021 09 10 20:00:48.766#Z#DEBUG#com.sap.cloud.lm.sl.xs2.987f5a7d-1271-11ec-aa0f-eeee0a81ed21.greensapv2-srv.startAppTask#
######org.cloudfoundry.multiapps.controller.persistence.services.ProcessLogger########flowable-async-job-executor-thread-11180###
[PollStartAppStatusExecution] [greensapv2-srv] 72b9fd74-68cd-4363-b407-22e2d6e66087 [Fri Sep 10 20:00:45 UTC 2021] [cds] - server listening on { url: 'http://localhost:8080' } (STDOUT, APP/PROC/WEB)#

#2.0#2021 09 10 20:00:48.766#Z#DEBUG#com.sap.cloud.lm.sl.xs2.987f5a7d-1271-11ec-aa0f-eeee0a81ed21.greensapv2-srv.startAppTask#
######org.cloudfoundry.multiapps.controller.persistence.services.ProcessLogger########flowable-async-job-executor-thread-11180###
[PollStartAppStatusExecution] [greensapv2-srv] 72b9fd74-68cd-4363-b407-22e2d6e66087 [Fri Sep 10 20:00:46 UTC 2021] Container became healthy (STDOUT, CELL)#

