#2.0#2021 09 10 20:00:28.301#Z#DEBUG#com.sap.cloud.lm.sl.xs2.987f5a7d-1271-11ec-aa0f-eeee0a81ed21.my-hmtl5-deployer.stageAppTask#
######org.cloudfoundry.multiapps.controller.persistence.services.ProcessLogger########flowable-async-job-executor-thread-21342###
[PollStageAppStatusExecution] [my-hmtl5-deployer] 067d901a-b691-4861-9271-2ee4114963a8 [Fri Sep 10 19:59:52 UTC 2021] Added process: "web" (STDOUT, API)#

#2.0#2021 09 10 20:00:28.301#Z#DEBUG#com.sap.cloud.lm.sl.xs2.987f5a7d-1271-11ec-aa0f-eeee0a81ed21.my-hmtl5-deployer.stageAppTask#
######org.cloudfoundry.multiapps.controller.persistence.services.ProcessLogger########flowable-async-job-executor-thread-21342###
[PollStageAppStatusExecution] [my-hmtl5-deployer] 067d901a-b691-4861-9271-2ee4114963a8 [Fri Sep 10 19:59:52 UTC 2021] Created app with guid 067d901a-b691-4861-9271-2ee4114963a8 (STDOUT, API)#

#2.0#2021 09 10 20:00:28.301#Z#DEBUG#com.sap.cloud.lm.sl.xs2.987f5a7d-1271-11ec-aa0f-eeee0a81ed21.my-hmtl5-deployer.stageAppTask#
######org.cloudfoundry.multiapps.controller.persistence.services.ProcessLogger########flowable-async-job-executor-thread-21342###
[PollStageAppStatusExecution] [my-hmtl5-deployer] 067d901a-b691-4861-9271-2ee4114963a8 [Fri Sep 10 19:59:53 UTC 2021] Updating process: "web" (STDOUT, API)#

#2.0#2021 09 10 20:00:28.301#Z#DEBUG#com.sap.cloud.lm.sl.xs2.987f5a7d-1271-11ec-aa0f-eeee0a81ed21.my-hmtl5-deployer.stageAppTask#
######org.cloudfoundry.multiapps.controller.persistence.services.ProcessLogger########flowable-async-job-executor-thread-21342###
[PollStageAppStatusExecution] [my-hmtl5-deployer] 067d901a-b691-4861-9271-2ee4114963a8 [Fri Sep 10 19:59:53 UTC 2021] Scaling process: "web" (STDOUT, API)#

#2.0#2021 09 10 20:00:28.301#Z#DEBUG#com.sap.cloud.lm.sl.xs2.987f5a7d-1271-11ec-aa0f-eeee0a81ed21.my-hmtl5-deployer.stageAppTask#
######org.cloudfoundry.multiapps.controller.persistence.services.ProcessLogger########flowable-async-job-executor-thread-21342###
[PollStageAppStatusExecution] [my-hmtl5-deployer] 067d901a-b691-4861-9271-2ee4114963a8 [Fri Sep 10 19:59:53 UTC 2021] Updated app with guid 067d901a-b691-4861-9271-2ee4114963a8 ({"environment_variables"=>"[PRIVATE DATA HIDDEN]"}) (STDOUT, API)#

#2.0#2021 09 10 20:00:28.301#Z#DEBUG#com.sap.cloud.lm.sl.xs2.987f5a7d-1271-11ec-aa0f-eeee0a81ed21.my-hmtl5-deployer.stageAppTask#
######org.cloudfoundry.multiapps.controller.persistence.services.ProcessLogger########flowable-async-job-executor-thread-21342###
[PollStageAppStatusExecution] [my-hmtl5-deployer] 067d901a-b691-4861-9271-2ee4114963a8 [Fri Sep 10 19:59:56 UTC 2021] Updated app with guid 067d901a-b691-4861-9271-2ee4114963a8 ({"metadata"=>{"annotations"=>{"mta_id"=>"greensapv2", "mta_version"=>"1.0.0", "mta_module"=>"{\"name\":\"my-hmtl5-deployer\"}", "mta_module_provided_dependencies"=>"[]", "mta_bound_services"=>"[\"my-html5-host\"]"}, "labels"=>{"mta_id"=>"5b6a5661b28b2b6e02fda0fd73295cac"}}}) (STDOUT, API)#

#2.0#2021 09 10 20:00:28.301#Z#DEBUG#com.sap.cloud.lm.sl.xs2.987f5a7d-1271-11ec-aa0f-eeee0a81ed21.my-hmtl5-deployer.stageAppTask#
######org.cloudfoundry.multiapps.controller.persistence.services.ProcessLogger########flowable-async-job-executor-thread-21342###
[PollStageAppStatusExecution] [my-hmtl5-deployer] 067d901a-b691-4861-9271-2ee4114963a8 [Fri Sep 10 20:00:00 UTC 2021] Uploading app package for app with guid 067d901a-b691-4861-9271-2ee4114963a8 (STDOUT, API)#

#2.0#2021 09 10 20:00:28.301#Z#DEBUG#com.sap.cloud.lm.sl.xs2.987f5a7d-1271-11ec-aa0f-eeee0a81ed21.my-hmtl5-deployer.stageAppTask#
######org.cloudfoundry.multiapps.controller.persistence.services.ProcessLogger########flowable-async-job-executor-thread-21342###
[PollStageAppStatusExecution] [my-hmtl5-deployer] 067d901a-b691-4861-9271-2ee4114963a8 [Fri Sep 10 20:00:03 UTC 2021] Updated app with guid 067d901a-b691-4861-9271-2ee4114963a8 ({"environment_variables"=>"[PRIVATE DATA HIDDEN]"}) (STDOUT, API)#

#2.0#2021 09 10 20:00:28.301#Z#DEBUG#com.sap.cloud.lm.sl.xs2.987f5a7d-1271-11ec-aa0f-eeee0a81ed21.my-hmtl5-deployer.stageAppTask#
######org.cloudfoundry.multiapps.controller.persistence.services.ProcessLogger########flowable-async-job-executor-thread-21342###
[PollStageAppStatusExecution] [my-hmtl5-deployer] 067d901a-b691-4861-9271-2ee4114963a8 [Fri Sep 10 20:00:18 UTC 2021] Scaling process: "web" (STDOUT, API)#

#2.0#2021 09 10 20:00:28.301#Z#DEBUG#com.sap.cloud.lm.sl.xs2.987f5a7d-1271-11ec-aa0f-eeee0a81ed21.my-hmtl5-deployer.stageAppTask#
######org.cloudfoundry.multiapps.controller.persistence.services.ProcessLogger########flowable-async-job-executor-thread-21342###
[PollStageAppStatusExecution] [my-hmtl5-deployer] 067d901a-b691-4861-9271-2ee4114963a8 [Fri Sep 10 20:00:18 UTC 2021] Creating build for app with guid 067d901a-b691-4861-9271-2ee4114963a8 (STDOUT, API)#

#2.0#2021 09 10 20:00:28.301#Z#DEBUG#com.sap.cloud.lm.sl.xs2.987f5a7d-1271-11ec-aa0f-eeee0a81ed21.my-hmtl5-deployer.stageAppTask#
######org.cloudfoundry.multiapps.controller.persistence.services.ProcessLogger########flowable-async-job-executor-thread-21342###
[PollStageAppStatusExecution] [my-hmtl5-deployer] 067d901a-b691-4861-9271-2ee4114963a8 [Fri Sep 10 20:00:19 UTC 2021] Downloading dotnet_core_buildpack... (STDOUT, STG)#

#2.0#2021 09 10 20:00:28.301#Z#DEBUG#com.sap.cloud.lm.sl.xs2.987f5a7d-1271-11ec-aa0f-eeee0a81ed21.my-hmtl5-deployer.stageAppTask#
######org.cloudfoundry.multiapps.controller.persistence.services.ProcessLogger########flowable-async-job-executor-thread-21342###
[PollStageAppStatusExecution] [my-hmtl5-deployer] 067d901a-b691-4861-9271-2ee4114963a8 [Fri Sep 10 20:00:19 UTC 2021] Downloading staticfile_buildpack... (STDOUT, STG)#

#2.0#2021 09 10 20:00:28.301#Z#DEBUG#com.sap.cloud.lm.sl.xs2.987f5a7d-1271-11ec-aa0f-eeee0a81ed21.my-hmtl5-deployer.stageAppTask#
######org.cloudfoundry.multiapps.controller.persistence.services.ProcessLogger########flowable-async-job-executor-thread-21342###
[PollStageAppStatusExecution] [my-hmtl5-deployer] 067d901a-b691-4861-9271-2ee4114963a8 [Fri Sep 10 20:00:19 UTC 2021] Downloading php_buildpack... (STDOUT, STG)#

#2.0#2021 09 10 20:00:28.301#Z#DEBUG#com.sap.cloud.lm.sl.xs2.987f5a7d-1271-11ec-aa0f-eeee0a81ed21.my-hmtl5-deployer.stageAppTask#
######org.cloudfoundry.multiapps.controller.persistence.services.ProcessLogger########flowable-async-job-executor-thread-21342###
[PollStageAppStatusExecution] [my-hmtl5-deployer] 067d901a-b691-4861-9271-2ee4114963a8 [Fri Sep 10 20:00:19 UTC 2021] Downloading uas_dataflow_server_buildpack... (STDOUT, STG)#

#2.0#2021 09 10 20:00:28.301#Z#DEBUG#com.sap.cloud.lm.sl.xs2.987f5a7d-1271-11ec-aa0f-eeee0a81ed21.my-hmtl5-deployer.stageAppTask#
######org.cloudfoundry.multiapps.controller.persistence.services.ProcessLogger########flowable-async-job-executor-thread-21342###
[PollStageAppStatusExecution] [my-hmtl5-deployer] 067d901a-b691-4861-9271-2ee4114963a8 [Fri Sep 10 20:00:19 UTC 2021] Downloading sap_java_buildpack_1_38... (STDOUT, STG)#

#2.0#2021 09 10 20:00:28.301#Z#DEBUG#com.sap.cloud.lm.sl.xs2.987f5a7d-1271-11ec-aa0f-eeee0a81ed21.my-hmtl5-deployer.stageAppTask#
######org.cloudfoundry.multiapps.controller.persistence.services.ProcessLogger########flowable-async-job-executor-thread-21342###
[PollStageAppStatusExecution] [my-hmtl5-deployer] 067d901a-b691-4861-9271-2ee4114963a8 [Fri Sep 10 20:00:19 UTC 2021] Downloading sap_java_buildpack_1_36... (STDOUT, STG)#

#2.0#2021 09 10 20:00:28.301#Z#DEBUG#com.sap.cloud.lm.sl.xs2.987f5a7d-1271-11ec-aa0f-eeee0a81ed21.my-hmtl5-deployer.stageAppTask#
######org.cloudfoundry.multiapps.controller.persistence.services.ProcessLogger########flowable-async-job-executor-thread-21342###
[PollStageAppStatusExecution] [my-hmtl5-deployer] 067d901a-b691-4861-9271-2ee4114963a8 [Fri Sep 10 20:00:19 UTC 2021] Downloaded uas_dataflow_server_buildpack (STDOUT, STG)#

#2.0#2021 09 10 20:00:28.301#Z#DEBUG#com.sap.cloud.lm.sl.xs2.987f5a7d-1271-11ec-aa0f-eeee0a81ed21.my-hmtl5-deployer.stageAppTask#
######org.cloudfoundry.multiapps.controller.persistence.services.ProcessLogger########flowable-async-job-executor-thread-21342###
[PollStageAppStatusExecution] [my-hmtl5-deployer] 067d901a-b691-4861-9271-2ee4114963a8 [Fri Sep 10 20:00:19 UTC 2021] Downloading sap_java_buildpack_1_37... (STDOUT, STG)#

#2.0#2021 09 10 20:00:28.301#Z#DEBUG#com.sap.cloud.lm.sl.xs2.987f5a7d-1271-11ec-aa0f-eeee0a81ed21.my-hmtl5-deployer.stageAppTask#
######org.cloudfoundry.multiapps.controller.persistence.services.ProcessLogger########flowable-async-job-executor-thread-21342###
[PollStageAppStatusExecution] [my-hmtl5-deployer] 067d901a-b691-4861-9271-2ee4114963a8 [Fri Sep 10 20:00:19 UTC 2021] Downloaded staticfile_buildpack (STDOUT, STG)#

#2.0#2021 09 10 20:00:28.301#Z#DEBUG#com.sap.cloud.lm.sl.xs2.987f5a7d-1271-11ec-aa0f-eeee0a81ed21.my-hmtl5-deployer.stageAppTask#
######org.cloudfoundry.multiapps.controller.persistence.services.ProcessLogger########flowable-async-job-executor-thread-21342###
[PollStageAppStatusExecution] [my-hmtl5-deployer] 067d901a-b691-4861-9271-2ee4114963a8 [Fri Sep 10 20:00:19 UTC 2021] Downloading sap_java_buildpack... (STDOUT, STG)#

#2.0#2021 09 10 20:00:28.301#Z#DEBUG#com.sap.cloud.lm.sl.xs2.987f5a7d-1271-11ec-aa0f-eeee0a81ed21.my-hmtl5-deployer.stageAppTask#
######org.cloudfoundry.multiapps.controller.persistence.services.ProcessLogger########flowable-async-job-executor-thread-21342###
[PollStageAppStatusExecution] [my-hmtl5-deployer] 067d901a-b691-4861-9271-2ee4114963a8 [Fri Sep 10 20:00:19 UTC 2021] Downloaded php_buildpack (STDOUT, STG)#

#2.0#2021 09 10 20:00:28.301#Z#DEBUG#com.sap.cloud.lm.sl.xs2.987f5a7d-1271-11ec-aa0f-eeee0a81ed21.my-hmtl5-deployer.stageAppTask#
######org.cloudfoundry.multiapps.controller.persistence.services.ProcessLogger########flowable-async-job-executor-thread-21342###
[PollStageAppStatusExecution] [my-hmtl5-deployer] 067d901a-b691-4861-9271-2ee4114963a8 [Fri Sep 10 20:00:19 UTC 2021] Downloading go_buildpack... (STDOUT, STG)#

#2.0#2021 09 10 20:00:28.301#Z#DEBUG#com.sap.cloud.lm.sl.xs2.987f5a7d-1271-11ec-aa0f-eeee0a81ed21.my-hmtl5-deployer.stageAppTask#
######org.cloudfoundry.multiapps.controller.persistence.services.ProcessLogger########flowable-async-job-executor-thread-21342###
[PollStageAppStatusExecution] [my-hmtl5-deployer] 067d901a-b691-4861-9271-2ee4114963a8 [Fri Sep 10 20:00:19 UTC 2021] Downloaded dotnet_core_buildpack (STDOUT, STG)#

#2.0#2021 09 10 20:00:28.302#Z#DEBUG#com.sap.cloud.lm.sl.xs2.987f5a7d-1271-11ec-aa0f-eeee0a81ed21.my-hmtl5-deployer.stageAppTask#
######org.cloudfoundry.multiapps.controller.persistence.services.ProcessLogger########flowable-async-job-executor-thread-21342###
[PollStageAppStatusExecution] [my-hmtl5-deployer] 067d901a-b691-4861-9271-2ee4114963a8 [Fri Sep 10 20:00:19 UTC 2021] Downloading binary_buildpack... (STDOUT, STG)#

#2.0#2021 09 10 20:00:28.302#Z#DEBUG#com.sap.cloud.lm.sl.xs2.987f5a7d-1271-11ec-aa0f-eeee0a81ed21.my-hmtl5-deployer.stageAppTask#
######org.cloudfoundry.multiapps.controller.persistence.services.ProcessLogger########flowable-async-job-executor-thread-21342###
[PollStageAppStatusExecution] [my-hmtl5-deployer] 067d901a-b691-4861-9271-2ee4114963a8 [Fri Sep 10 20:00:19 UTC 2021] Downloaded sap_java_buildpack_1_38 (STDOUT, STG)#

#2.0#2021 09 10 20:00:28.302#Z#DEBUG#com.sap.cloud.lm.sl.xs2.987f5a7d-1271-11ec-aa0f-eeee0a81ed21.my-hmtl5-deployer.stageAppTask#
######org.cloudfoundry.multiapps.controller.persistence.services.ProcessLogger########flowable-async-job-executor-thread-21342###
[PollStageAppStatusExecution] [my-hmtl5-deployer] 067d901a-b691-4861-9271-2ee4114963a8 [Fri Sep 10 20:00:19 UTC 2021] Downloading nodejs_buildpack... (STDOUT, STG)#

#2.0#2021 09 10 20:00:28.302#Z#DEBUG#com.sap.cloud.lm.sl.xs2.987f5a7d-1271-11ec-aa0f-eeee0a81ed21.my-hmtl5-deployer.stageAppTask#
######org.cloudfoundry.multiapps.controller.persistence.services.ProcessLogger########flowable-async-job-executor-thread-21342###
[PollStageAppStatusExecution] [my-hmtl5-deployer] 067d901a-b691-4861-9271-2ee4114963a8 [Fri Sep 10 20:00:19 UTC 2021] Downloaded sap_java_buildpack_1_36 (STDOUT, STG)#

#2.0#2021 09 10 20:00:28.302#Z#DEBUG#com.sap.cloud.lm.sl.xs2.987f5a7d-1271-11ec-aa0f-eeee0a81ed21.my-hmtl5-deployer.stageAppTask#
######org.cloudfoundry.multiapps.controller.persistence.services.ProcessLogger########flowable-async-job-executor-thread-21342###
[PollStageAppStatusExecution] [my-hmtl5-deployer] 067d901a-b691-4861-9271-2ee4114963a8 [Fri Sep 10 20:00:19 UTC 2021] Downloading r_buildpack... (STDOUT, STG)#

#2.0#2021 09 10 20:00:28.302#Z#DEBUG#com.sap.cloud.lm.sl.xs2.987f5a7d-1271-11ec-aa0f-eeee0a81ed21.my-hmtl5-deployer.stageAppTask#
######org.cloudfoundry.multiapps.controller.persistence.services.ProcessLogger########flowable-async-job-executor-thread-21342###
[PollStageAppStatusExecution] [my-hmtl5-deployer] 067d901a-b691-4861-9271-2ee4114963a8 [Fri Sep 10 20:00:19 UTC 2021] Downloaded go_buildpack (STDOUT, STG)#

#2.0#2021 09 10 20:00:28.302#Z#DEBUG#com.sap.cloud.lm.sl.xs2.987f5a7d-1271-11ec-aa0f-eeee0a81ed21.my-hmtl5-deployer.stageAppTask#
######org.cloudfoundry.multiapps.controller.persistence.services.ProcessLogger########flowable-async-job-executor-thread-21342###
[PollStageAppStatusExecution] [my-hmtl5-deployer] 067d901a-b691-4861-9271-2ee4114963a8 [Fri Sep 10 20:00:19 UTC 2021] Downloading java_buildpack... (STDOUT, STG)#

#2.0#2021 09 10 20:00:28.302#Z#DEBUG#com.sap.cloud.lm.sl.xs2.987f5a7d-1271-11ec-aa0f-eeee0a81ed21.my-hmtl5-deployer.stageAppTask#
######org.cloudfoundry.multiapps.controller.persistence.services.ProcessLogger########flowable-async-job-executor-thread-21342###
[PollStageAppStatusExecution] [my-hmtl5-deployer] 067d901a-b691-4861-9271-2ee4114963a8 [Fri Sep 10 20:00:19 UTC 2021] Downloaded sap_java_buildpack_1_37 (STDOUT, STG)#

#2.0#2021 09 10 20:00:28.302#Z#DEBUG#com.sap.cloud.lm.sl.xs2.987f5a7d-1271-11ec-aa0f-eeee0a81ed21.my-hmtl5-deployer.stageAppTask#
######org.cloudfoundry.multiapps.controller.persistence.services.ProcessLogger########flowable-async-job-executor-thread-21342###
[PollStageAppStatusExecution] [my-hmtl5-deployer] 067d901a-b691-4861-9271-2ee4114963a8 [Fri Sep 10 20:00:19 UTC 2021] Downloading nginx_buildpack... (STDOUT, STG)#

#2.0#2021 09 10 20:00:28.302#Z#DEBUG#com.sap.cloud.lm.sl.xs2.987f5a7d-1271-11ec-aa0f-eeee0a81ed21.my-hmtl5-deployer.stageAppTask#
######org.cloudfoundry.multiapps.controller.persistence.services.ProcessLogger########flowable-async-job-executor-thread-21342###
[PollStageAppStatusExecution] [my-hmtl5-deployer] 067d901a-b691-4861-9271-2ee4114963a8 [Fri Sep 10 20:00:19 UTC 2021] Downloaded sap_java_buildpack (STDOUT, STG)#

#2.0#2021 09 10 20:00:28.302#Z#DEBUG#com.sap.cloud.lm.sl.xs2.987f5a7d-1271-11ec-aa0f-eeee0a81ed21.my-hmtl5-deployer.stageAppTask#
######org.cloudfoundry.multiapps.controller.persistence.services.ProcessLogger########flowable-async-job-executor-thread-21342###
[PollStageAppStatusExecution] [my-hmtl5-deployer] 067d901a-b691-4861-9271-2ee4114963a8 [Fri Sep 10 20:00:19 UTC 2021] Downloading ruby_buildpack... (STDOUT, STG)#

#2.0#2021 09 10 20:00:28.302#Z#DEBUG#com.sap.cloud.lm.sl.xs2.987f5a7d-1271-11ec-aa0f-eeee0a81ed21.my-hmtl5-deployer.stageAppTask#
######org.cloudfoundry.multiapps.controller.persistence.services.ProcessLogger########flowable-async-job-executor-thread-21342###
[PollStageAppStatusExecution] [my-hmtl5-deployer] 067d901a-b691-4861-9271-2ee4114963a8 [Fri Sep 10 20:00:19 UTC 2021] Downloaded nodejs_buildpack (STDOUT, STG)#

#2.0#2021 09 10 20:00:28.302#Z#DEBUG#com.sap.cloud.lm.sl.xs2.987f5a7d-1271-11ec-aa0f-eeee0a81ed21.my-hmtl5-deployer.stageAppTask#
######org.cloudfoundry.multiapps.controller.persistence.services.ProcessLogger########flowable-async-job-executor-thread-21342###
[PollStageAppStatusExecution] [my-hmtl5-deployer] 067d901a-b691-4861-9271-2ee4114963a8 [Fri Sep 10 20:00:19 UTC 2021] Downloading python_buildpack... (STDOUT, STG)#

#2.0#2021 09 10 20:00:28.302#Z#DEBUG#com.sap.cloud.lm.sl.xs2.987f5a7d-1271-11ec-aa0f-eeee0a81ed21.my-hmtl5-deployer.stageAppTask#
######org.cloudfoundry.multiapps.controller.persistence.services.ProcessLogger########flowable-async-job-executor-thread-21342###
[PollStageAppStatusExecution] [my-hmtl5-deployer] 067d901a-b691-4861-9271-2ee4114963a8 [Fri Sep 10 20:00:19 UTC 2021] Downloaded java_buildpack (STDOUT, STG)#

#2.0#2021 09 10 20:00:28.302#Z#DEBUG#com.sap.cloud.lm.sl.xs2.987f5a7d-1271-11ec-aa0f-eeee0a81ed21.my-hmtl5-deployer.stageAppTask#
######org.cloudfoundry.multiapps.controller.persistence.services.ProcessLogger########flowable-async-job-executor-thread-21342###
[PollStageAppStatusExecution] [my-hmtl5-deployer] 067d901a-b691-4861-9271-2ee4114963a8 [Fri Sep 10 20:00:19 UTC 2021] Downloaded nginx_buildpack (STDOUT, STG)#

#2.0#2021 09 10 20:00:28.302#Z#DEBUG#com.sap.cloud.lm.sl.xs2.987f5a7d-1271-11ec-aa0f-eeee0a81ed21.my-hmtl5-deployer.stageAppTask#
######org.cloudfoundry.multiapps.controller.persistence.services.ProcessLogger########flowable-async-job-executor-thread-21342###
[PollStageAppStatusExecution] [my-hmtl5-deployer] 067d901a-b691-4861-9271-2ee4114963a8 [Fri Sep 10 20:00:19 UTC 2021] Downloaded r_buildpack (STDOUT, STG)#

#2.0#2021 09 10 20:00:28.302#Z#DEBUG#com.sap.cloud.lm.sl.xs2.987f5a7d-1271-11ec-aa0f-eeee0a81ed21.my-hmtl5-deployer.stageAppTask#
######org.cloudfoundry.multiapps.controller.persistence.services.ProcessLogger########flowable-async-job-executor-thread-21342###
[PollStageAppStatusExecution] [my-hmtl5-deployer] 067d901a-b691-4861-9271-2ee4114963a8 [Fri Sep 10 20:00:19 UTC 2021] Downloaded python_buildpack (STDOUT, STG)#

#2.0#2021 09 10 20:00:28.302#Z#DEBUG#com.sap.cloud.lm.sl.xs2.987f5a7d-1271-11ec-aa0f-eeee0a81ed21.my-hmtl5-deployer.stageAppTask#
######org.cloudfoundry.multiapps.controller.persistence.services.ProcessLogger########flowable-async-job-executor-thread-21342###
[PollStageAppStatusExecution] [my-hmtl5-deployer] 067d901a-b691-4861-9271-2ee4114963a8 [Fri Sep 10 20:00:19 UTC 2021] Downloaded ruby_buildpack (STDOUT, STG)#

#2.0#2021 09 10 20:00:28.302#Z#DEBUG#com.sap.cloud.lm.sl.xs2.987f5a7d-1271-11ec-aa0f-eeee0a81ed21.my-hmtl5-deployer.stageAppTask#
######org.cloudfoundry.multiapps.controller.persistence.services.ProcessLogger########flowable-async-job-executor-thread-21342###
[PollStageAppStatusExecution] [my-hmtl5-deployer] 067d901a-b691-4861-9271-2ee4114963a8 [Fri Sep 10 20:00:20 UTC 2021] Cell 6e2074ad-be35-41a7-b8a7-6bc27a7f2868 creating container for instance cd6a249d-2123-4b70-9d06-d5d4c2dbd51f (STDOUT, STG)#

#2.0#2021 09 10 20:00:28.302#Z#DEBUG#com.sap.cloud.lm.sl.xs2.987f5a7d-1271-11ec-aa0f-eeee0a81ed21.my-hmtl5-deployer.stageAppTask#
######org.cloudfoundry.multiapps.controller.persistence.services.ProcessLogger########flowable-async-job-executor-thread-21342###
[PollStageAppStatusExecution] [my-hmtl5-deployer] 067d901a-b691-4861-9271-2ee4114963a8 [Fri Sep 10 20:00:20 UTC 2021] Downloaded binary_buildpack (STDOUT, STG)#

#2.0#2021 09 10 20:00:28.302#Z#DEBUG#com.sap.cloud.lm.sl.xs2.987f5a7d-1271-11ec-aa0f-eeee0a81ed21.my-hmtl5-deployer.stageAppTask#
######org.cloudfoundry.multiapps.controller.persistence.services.ProcessLogger########flowable-async-job-executor-thread-21342###
[PollStageAppStatusExecution] [my-hmtl5-deployer] 067d901a-b691-4861-9271-2ee4114963a8 [Fri Sep 10 20:00:20 UTC 2021] Cell 6e2074ad-be35-41a7-b8a7-6bc27a7f2868 successfully created container for instance cd6a249d-2123-4b70-9d06-d5d4c2dbd51f (STDOUT, STG)#

#2.0#2021 09 10 20:00:28.302#Z#DEBUG#com.sap.cloud.lm.sl.xs2.987f5a7d-1271-11ec-aa0f-eeee0a81ed21.my-hmtl5-deployer.stageAppTask#
######org.cloudfoundry.multiapps.controller.persistence.services.ProcessLogger########flowable-async-job-executor-thread-21342###
[PollStageAppStatusExecution] [my-hmtl5-deployer] 067d901a-b691-4861-9271-2ee4114963a8 [Fri Sep 10 20:00:20 UTC 2021] Downloading app package... (STDOUT, STG)#

#2.0#2021 09 10 20:00:28.302#Z#DEBUG#com.sap.cloud.lm.sl.xs2.987f5a7d-1271-11ec-aa0f-eeee0a81ed21.my-hmtl5-deployer.stageAppTask#
######org.cloudfoundry.multiapps.controller.persistence.services.ProcessLogger########flowable-async-job-executor-thread-21342###
[PollStageAppStatusExecution] [my-hmtl5-deployer] 067d901a-b691-4861-9271-2ee4114963a8 [Fri Sep 10 20:00:21 UTC 2021] Downloaded app package (51.3M) (STDOUT, STG)#

#2.0#2021 09 10 20:00:28.302#Z#DEBUG#com.sap.cloud.lm.sl.xs2.987f5a7d-1271-11ec-aa0f-eeee0a81ed21.my-hmtl5-deployer.stageAppTask#
######org.cloudfoundry.multiapps.controller.persistence.services.ProcessLogger########flowable-async-job-executor-thread-21342###
[PollStageAppStatusExecution] [my-hmtl5-deployer] 067d901a-b691-4861-9271-2ee4114963a8 [Fri Sep 10 20:00:22 UTC 2021] -----> Nodejs Buildpack version 1.7.52 (STDOUT, STG)#

#2.0#2021 09 10 20:00:28.302#Z#DEBUG#com.sap.cloud.lm.sl.xs2.987f5a7d-1271-11ec-aa0f-eeee0a81ed21.my-hmtl5-deployer.stageAppTask#
######org.cloudfoundry.multiapps.controller.persistence.services.ProcessLogger########flowable-async-job-executor-thread-21342###
[PollStageAppStatusExecution] [my-hmtl5-deployer] 067d901a-b691-4861-9271-2ee4114963a8 [Fri Sep 10 20:00:22 UTC 2021] -----> Installing binaries (STDOUT, STG)#

#2.0#2021 09 10 20:00:28.302#Z#DEBUG#com.sap.cloud.lm.sl.xs2.987f5a7d-1271-11ec-aa0f-eeee0a81ed21.my-hmtl5-deployer.stageAppTask#
######org.cloudfoundry.multiapps.controller.persistence.services.ProcessLogger########flowable-async-job-executor-thread-21342###
[PollStageAppStatusExecution] [my-hmtl5-deployer] 067d901a-b691-4861-9271-2ee4114963a8 [Fri Sep 10 20:00:22 UTC 2021]        Copy [/tmp/buildpacks/3e2720f90cb60cb2e5aa63a85282503a/dependencies/611461ef444bd778208da5305fe5da85/node_16.2.0_linux_x64_cflinuxfs3_ca6c2def.tgz] (STDOUT, STG)#

#2.0#2021 09 10 20:00:28.302#Z#DEBUG#com.sap.cloud.lm.sl.xs2.987f5a7d-1271-11ec-aa0f-eeee0a81ed21.my-hmtl5-deployer.stageAppTask#
######org.cloudfoundry.multiapps.controller.persistence.services.ProcessLogger########flowable-async-job-executor-thread-21342###
[PollStageAppStatusExecution] [my-hmtl5-deployer] 067d901a-b691-4861-9271-2ee4114963a8 [Fri Sep 10 20:00:22 UTC 2021] -----> Installing node 16.2.0 (STDOUT, STG)#

#2.0#2021 09 10 20:00:28.302#Z#DEBUG#com.sap.cloud.lm.sl.xs2.987f5a7d-1271-11ec-aa0f-eeee0a81ed21.my-hmtl5-deployer.stageAppTask#
######org.cloudfoundry.multiapps.controller.persistence.services.ProcessLogger########flowable-async-job-executor-thread-21342###
[PollStageAppStatusExecution] [my-hmtl5-deployer] 067d901a-b691-4861-9271-2ee4114963a8 [Fri Sep 10 20:00:22 UTC 2021]        [31;1m**WARNING**[0m Dangerous semver range (>) in engines.node. See: http://docs.cloudfoundry.org/buildpacks/node/node-tips.html (STDOUT, STG)#

#2.0#2021 09 10 20:00:28.302#Z#DEBUG#com.sap.cloud.lm.sl.xs2.987f5a7d-1271-11ec-aa0f-eeee0a81ed21.my-hmtl5-deployer.stageAppTask#
######org.cloudfoundry.multiapps.controller.persistence.services.ProcessLogger########flowable-async-job-executor-thread-21342###
[PollStageAppStatusExecution] [my-hmtl5-deployer] 067d901a-b691-4861-9271-2ee4114963a8 [Fri Sep 10 20:00:22 UTC 2021]        engines.npm (package.json): unspecified (use default) (STDOUT, STG)#

#2.0#2021 09 10 20:00:28.302#Z#DEBUG#com.sap.cloud.lm.sl.xs2.987f5a7d-1271-11ec-aa0f-eeee0a81ed21.my-hmtl5-deployer.stageAppTask#
######org.cloudfoundry.multiapps.controller.persistence.services.ProcessLogger########flowable-async-job-executor-thread-21342###
[PollStageAppStatusExecution] [my-hmtl5-deployer] 067d901a-b691-4861-9271-2ee4114963a8 [Fri Sep 10 20:00:22 UTC 2021]        engines.node (package.json): >=6.0.0 (STDOUT, STG)#

#2.0#2021 09 10 20:00:28.302#Z#DEBUG#com.sap.cloud.lm.sl.xs2.987f5a7d-1271-11ec-aa0f-eeee0a81ed21.my-hmtl5-deployer.stageAppTask#
######org.cloudfoundry.multiapps.controller.persistence.services.ProcessLogger########flowable-async-job-executor-thread-21342###
[PollStageAppStatusExecution] [my-hmtl5-deployer] 067d901a-b691-4861-9271-2ee4114963a8 [Fri Sep 10 20:00:24 UTC 2021]        Copy [/tmp/buildpacks/3e2720f90cb60cb2e5aa63a85282503a/dependencies/b7482b661544755fef03e2ceeb19057a/yarn_1.22.10_linux_noarch_any-stack_0057c1c9.tgz] (STDOUT, STG)#

#2.0#2021 09 10 20:00:28.302#Z#DEBUG#com.sap.cloud.lm.sl.xs2.987f5a7d-1271-11ec-aa0f-eeee0a81ed21.my-hmtl5-deployer.stageAppTask#
######org.cloudfoundry.multiapps.controller.persistence.services.ProcessLogger########flowable-async-job-executor-thread-21342###
[PollStageAppStatusExecution] [my-hmtl5-deployer] 067d901a-b691-4861-9271-2ee4114963a8 [Fri Sep 10 20:00:24 UTC 2021] -----> Installing yarn 1.22.10 (STDOUT, STG)#

#2.0#2021 09 10 20:00:28.302#Z#DEBUG#com.sap.cloud.lm.sl.xs2.987f5a7d-1271-11ec-aa0f-eeee0a81ed21.my-hmtl5-deployer.stageAppTask#
######org.cloudfoundry.multiapps.controller.persistence.services.ProcessLogger########flowable-async-job-executor-thread-21342###
[PollStageAppStatusExecution] [my-hmtl5-deployer] 067d901a-b691-4861-9271-2ee4114963a8 [Fri Sep 10 20:00:24 UTC 2021]        Using default npm version: 7.13.0 (STDOUT, STG)#

#2.0#2021 09 10 20:00:28.302#Z#DEBUG#com.sap.cloud.lm.sl.xs2.987f5a7d-1271-11ec-aa0f-eeee0a81ed21.my-hmtl5-deployer.stageAppTask#
######org.cloudfoundry.multiapps.controller.persistence.services.ProcessLogger########flowable-async-job-executor-thread-21342###
[PollStageAppStatusExecution] [my-hmtl5-deployer] 067d901a-b691-4861-9271-2ee4114963a8 [Fri Sep 10 20:00:24 UTC 2021] -----> Creating runtime environment (STDOUT, STG)#

#2.0#2021 09 10 20:00:28.302#Z#DEBUG#com.sap.cloud.lm.sl.xs2.987f5a7d-1271-11ec-aa0f-eeee0a81ed21.my-hmtl5-deployer.stageAppTask#
######org.cloudfoundry.multiapps.controller.persistence.services.ProcessLogger########flowable-async-job-executor-thread-21342###
[PollStageAppStatusExecution] [my-hmtl5-deployer] 067d901a-b691-4861-9271-2ee4114963a8 [Fri Sep 10 20:00:24 UTC 2021]        Installed yarn 1.22.10 (STDOUT, STG)#

#2.0#2021 09 10 20:00:28.302#Z#DEBUG#com.sap.cloud.lm.sl.xs2.987f5a7d-1271-11ec-aa0f-eeee0a81ed21.my-hmtl5-deployer.stageAppTask#
######org.cloudfoundry.multiapps.controller.persistence.services.ProcessLogger########flowable-async-job-executor-thread-21342###
[PollStageAppStatusExecution] [my-hmtl5-deployer] 067d901a-b691-4861-9271-2ee4114963a8 [Fri Sep 10 20:00:24 UTC 2021]        Rebuilding any native modules (STDOUT, STG)#

#2.0#2021 09 10 20:00:28.302#Z#DEBUG#com.sap.cloud.lm.sl.xs2.987f5a7d-1271-11ec-aa0f-eeee0a81ed21.my-hmtl5-deployer.stageAppTask#
######org.cloudfoundry.multiapps.controller.persistence.services.ProcessLogger########flowable-async-job-executor-thread-21342###
[PollStageAppStatusExecution] [my-hmtl5-deployer] 067d901a-b691-4861-9271-2ee4114963a8 [Fri Sep 10 20:00:24 UTC 2021]        Prebuild detected (node_modules already exists) (STDOUT, STG)#

#2.0#2021 09 10 20:00:28.302#Z#DEBUG#com.sap.cloud.lm.sl.xs2.987f5a7d-1271-11ec-aa0f-eeee0a81ed21.my-hmtl5-deployer.stageAppTask#
######org.cloudfoundry.multiapps.controller.persistence.services.ProcessLogger########flowable-async-job-executor-thread-21342###
[PollStageAppStatusExecution] [my-hmtl5-deployer] 067d901a-b691-4861-9271-2ee4114963a8 [Fri Sep 10 20:00:24 UTC 2021] -----> Building dependencies (STDOUT, STG)#

#2.0#2021 09 10 20:00:28.302#Z#DEBUG#com.sap.cloud.lm.sl.xs2.987f5a7d-1271-11ec-aa0f-eeee0a81ed21.my-hmtl5-deployer.stageAppTask#
######org.cloudfoundry.multiapps.controller.persistence.services.ProcessLogger########flowable-async-job-executor-thread-21342###
[PollStageAppStatusExecution] [my-hmtl5-deployer] 067d901a-b691-4861-9271-2ee4114963a8 [Fri Sep 10 20:00:24 UTC 2021]        NPM_CONFIG_PRODUCTION=true (STDOUT, STG)#

#2.0#2021 09 10 20:00:28.303#Z#DEBUG#com.sap.cloud.lm.sl.xs2.987f5a7d-1271-11ec-aa0f-eeee0a81ed21.my-hmtl5-deployer.stageAppTask#
######org.cloudfoundry.multiapps.controller.persistence.services.ProcessLogger########flowable-async-job-executor-thread-21342###
[PollStageAppStatusExecution] [my-hmtl5-deployer] 067d901a-b691-4861-9271-2ee4114963a8 [Fri Sep 10 20:00:24 UTC 2021]        NPM_CONFIG_LOGLEVEL=error (STDOUT, STG)#

#2.0#2021 09 10 20:00:28.303#Z#DEBUG#com.sap.cloud.lm.sl.xs2.987f5a7d-1271-11ec-aa0f-eeee0a81ed21.my-hmtl5-deployer.stageAppTask#
######org.cloudfoundry.multiapps.controller.persistence.services.ProcessLogger########flowable-async-job-executor-thread-21342###
[PollStageAppStatusExecution] [my-hmtl5-deployer] 067d901a-b691-4861-9271-2ee4114963a8 [Fri Sep 10 20:00:24 UTC 2021]        NODE_VERBOSE=false (STDOUT, STG)#

#2.0#2021 09 10 20:00:28.303#Z#DEBUG#com.sap.cloud.lm.sl.xs2.987f5a7d-1271-11ec-aa0f-eeee0a81ed21.my-hmtl5-deployer.stageAppTask#
######org.cloudfoundry.multiapps.controller.persistence.services.ProcessLogger########flowable-async-job-executor-thread-21342###
[PollStageAppStatusExecution] [my-hmtl5-deployer] 067d901a-b691-4861-9271-2ee4114963a8 [Fri Sep 10 20:00:24 UTC 2021]        NODE_MODULES_CACHE=true (STDOUT, STG)#

#2.0#2021 09 10 20:00:28.303#Z#DEBUG#com.sap.cloud.lm.sl.xs2.987f5a7d-1271-11ec-aa0f-eeee0a81ed21.my-hmtl5-deployer.stageAppTask#
######org.cloudfoundry.multiapps.controller.persistence.services.ProcessLogger########flowable-async-job-executor-thread-21342###
[PollStageAppStatusExecution] [my-hmtl5-deployer] 067d901a-b691-4861-9271-2ee4114963a8 [Fri Sep 10 20:00:24 UTC 2021]        NODE_HOME=/tmp/contents946364413/deps/0/node (STDOUT, STG)#

#2.0#2021 09 10 20:00:28.303#Z#DEBUG#com.sap.cloud.lm.sl.xs2.987f5a7d-1271-11ec-aa0f-eeee0a81ed21.my-hmtl5-deployer.stageAppTask#
######org.cloudfoundry.multiapps.controller.persistence.services.ProcessLogger########flowable-async-job-executor-thread-21342###
[PollStageAppStatusExecution] [my-hmtl5-deployer] 067d901a-b691-4861-9271-2ee4114963a8 [Fri Sep 10 20:00:24 UTC 2021]        NODE_ENV=production (STDOUT, STG)#

#2.0#2021 09 10 20:00:28.303#Z#DEBUG#com.sap.cloud.lm.sl.xs2.987f5a7d-1271-11ec-aa0f-eeee0a81ed21.my-hmtl5-deployer.stageAppTask#
######org.cloudfoundry.multiapps.controller.persistence.services.ProcessLogger########flowable-async-job-executor-thread-21342###
[PollStageAppStatusExecution] [my-hmtl5-deployer] 067d901a-b691-4861-9271-2ee4114963a8 [Fri Sep 10 20:00:25 UTC 2021] npm notice  (STDOUT, STG)#

#2.0#2021 09 10 20:00:28.303#Z#DEBUG#com.sap.cloud.lm.sl.xs2.987f5a7d-1271-11ec-aa0f-eeee0a81ed21.my-hmtl5-deployer.stageAppTask#
######org.cloudfoundry.multiapps.controller.persistence.services.ProcessLogger########flowable-async-job-executor-thread-21342###
[PollStageAppStatusExecution] [my-hmtl5-deployer] 067d901a-b691-4861-9271-2ee4114963a8 [Fri Sep 10 20:00:25 UTC 2021] npm notice Run `npm install -g npm@7.23.0` to update! (STDOUT, STG)#

#2.0#2021 09 10 20:00:28.303#Z#DEBUG#com.sap.cloud.lm.sl.xs2.987f5a7d-1271-11ec-aa0f-eeee0a81ed21.my-hmtl5-deployer.stageAppTask#
######org.cloudfoundry.multiapps.controller.persistence.services.ProcessLogger########flowable-async-job-executor-thread-21342###
[PollStageAppStatusExecution] [my-hmtl5-deployer] 067d901a-b691-4861-9271-2ee4114963a8 [Fri Sep 10 20:00:25 UTC 2021] npm notice Changelog: <https://github.com/npm/cli/releases/tag/v7.23.0> (STDOUT, STG)#

#2.0#2021 09 10 20:00:28.303#Z#DEBUG#com.sap.cloud.lm.sl.xs2.987f5a7d-1271-11ec-aa0f-eeee0a81ed21.my-hmtl5-deployer.stageAppTask#
######org.cloudfoundry.multiapps.controller.persistence.services.ProcessLogger########flowable-async-job-executor-thread-21342###
[PollStageAppStatusExecution] [my-hmtl5-deployer] 067d901a-b691-4861-9271-2ee4114963a8 [Fri Sep 10 20:00:25 UTC 2021] npm notice New minor version of npm available! 7.13.0 -> 7.23.0 (STDOUT, STG)#

#2.0#2021 09 10 20:00:28.303#Z#DEBUG#com.sap.cloud.lm.sl.xs2.987f5a7d-1271-11ec-aa0f-eeee0a81ed21.my-hmtl5-deployer.stageAppTask#
######org.cloudfoundry.multiapps.controller.persistence.services.ProcessLogger########flowable-async-job-executor-thread-21342###
[PollStageAppStatusExecution] [my-hmtl5-deployer] 067d901a-b691-4861-9271-2ee4114963a8 [Fri Sep 10 20:00:25 UTC 2021] npm notice  (STDOUT, STG)#

#2.0#2021 09 10 20:00:28.303#Z#DEBUG#com.sap.cloud.lm.sl.xs2.987f5a7d-1271-11ec-aa0f-eeee0a81ed21.my-hmtl5-deployer.stageAppTask#
######org.cloudfoundry.multiapps.controller.persistence.services.ProcessLogger########flowable-async-job-executor-thread-21342###
[PollStageAppStatusExecution] [my-hmtl5-deployer] 067d901a-b691-4861-9271-2ee4114963a8 [Fri Sep 10 20:00:25 UTC 2021] rebuilt dependencies successfully (STDOUT, STG)#

#2.0#2021 09 10 20:00:28.303#Z#DEBUG#com.sap.cloud.lm.sl.xs2.987f5a7d-1271-11ec-aa0f-eeee0a81ed21.my-hmtl5-deployer.stageAppTask#
######org.cloudfoundry.multiapps.controller.persistence.services.ProcessLogger########flowable-async-job-executor-thread-21342###
[PollStageAppStatusExecution] [my-hmtl5-deployer] 067d901a-b691-4861-9271-2ee4114963a8 [Fri Sep 10 20:00:25 UTC 2021]        Installing any new modules (package.json + package-lock.json) (STDOUT, STG)#

#2.0#2021 09 10 20:00:28.303#Z#DEBUG#com.sap.cloud.lm.sl.xs2.987f5a7d-1271-11ec-aa0f-eeee0a81ed21.my-hmtl5-deployer.stageAppTask#
######org.cloudfoundry.multiapps.controller.persistence.services.ProcessLogger########flowable-async-job-executor-thread-21342###
[PollStageAppStatusExecution] [my-hmtl5-deployer] 067d901a-b691-4861-9271-2ee4114963a8 [Fri Sep 10 20:00:25 UTC 2021] up to date in 425ms (STDOUT, STG)#

#2.0#2021 09 10 20:00:28.303#Z#DEBUG#com.sap.cloud.lm.sl.xs2.987f5a7d-1271-11ec-aa0f-eeee0a81ed21.my-hmtl5-deployer.stageAppTask#
######org.cloudfoundry.multiapps.controller.persistence.services.ProcessLogger########flowable-async-job-executor-thread-21342###
[PollStageAppStatusExecution] [my-hmtl5-deployer] 067d901a-b691-4861-9271-2ee4114963a8 [Fri Sep 10 20:00:25 UTC 2021] npm notice  (STDOUT, STG)#

#2.0#2021 09 10 20:00:28.303#Z#DEBUG#com.sap.cloud.lm.sl.xs2.987f5a7d-1271-11ec-aa0f-eeee0a81ed21.my-hmtl5-deployer.stageAppTask#
######org.cloudfoundry.multiapps.controller.persistence.services.ProcessLogger########flowable-async-job-executor-thread-21342###
[PollStageAppStatusExecution] [my-hmtl5-deployer] 067d901a-b691-4861-9271-2ee4114963a8 [Fri Sep 10 20:00:25 UTC 2021] npm notice Run `npm install -g npm@7.23.0` to update! (STDOUT, STG)#

#2.0#2021 09 10 20:00:28.303#Z#DEBUG#com.sap.cloud.lm.sl.xs2.987f5a7d-1271-11ec-aa0f-eeee0a81ed21.my-hmtl5-deployer.stageAppTask#
######org.cloudfoundry.multiapps.controller.persistence.services.ProcessLogger########flowable-async-job-executor-thread-21342###
[PollStageAppStatusExecution] [my-hmtl5-deployer] 067d901a-b691-4861-9271-2ee4114963a8 [Fri Sep 10 20:00:25 UTC 2021] npm notice Changelog: <https://github.com/npm/cli/releases/tag/v7.23.0> (STDOUT, STG)#

#2.0#2021 09 10 20:00:28.303#Z#DEBUG#com.sap.cloud.lm.sl.xs2.987f5a7d-1271-11ec-aa0f-eeee0a81ed21.my-hmtl5-deployer.stageAppTask#
######org.cloudfoundry.multiapps.controller.persistence.services.ProcessLogger########flowable-async-job-executor-thread-21342###
[PollStageAppStatusExecution] [my-hmtl5-deployer] 067d901a-b691-4861-9271-2ee4114963a8 [Fri Sep 10 20:00:25 UTC 2021] npm notice New minor version of npm available! 7.13.0 -> 7.23.0 (STDOUT, STG)#

#2.0#2021 09 10 20:00:28.303#Z#DEBUG#com.sap.cloud.lm.sl.xs2.987f5a7d-1271-11ec-aa0f-eeee0a81ed21.my-hmtl5-deployer.stageAppTask#
######org.cloudfoundry.multiapps.controller.persistence.services.ProcessLogger########flowable-async-job-executor-thread-21342###
[PollStageAppStatusExecution] [my-hmtl5-deployer] 067d901a-b691-4861-9271-2ee4114963a8 [Fri Sep 10 20:00:25 UTC 2021] npm notice  (STDOUT, STG)#

#2.0#2021 09 10 20:00:28.303#Z#DEBUG#com.sap.cloud.lm.sl.xs2.987f5a7d-1271-11ec-aa0f-eeee0a81ed21.my-hmtl5-deployer.stageAppTask#
######org.cloudfoundry.multiapps.controller.persistence.services.ProcessLogger########flowable-async-job-executor-thread-21342###
[PollStageAppStatusExecution] [my-hmtl5-deployer] 067d901a-b691-4861-9271-2ee4114963a8 [Fri Sep 10 20:00:26 UTC 2021]        Contrast Security no credentials found. Will not write environment files. (STDOUT, STG)#

#2.0#2021 09 10 20:00:38.275#Z#DEBUG#com.sap.cloud.lm.sl.xs2.987f5a7d-1271-11ec-aa0f-eeee0a81ed21.my-hmtl5-deployer.stageAppTask#
######org.cloudfoundry.multiapps.controller.persistence.services.ProcessLogger########flowable-async-job-executor-thread-21346###
[PollStageAppStatusExecution] [my-hmtl5-deployer] 067d901a-b691-4861-9271-2ee4114963a8 [Fri Sep 10 20:00:35 UTC 2021] Uploading build artifacts cache... (STDOUT, STG)#

#2.0#2021 09 10 20:00:38.275#Z#DEBUG#com.sap.cloud.lm.sl.xs2.987f5a7d-1271-11ec-aa0f-eeee0a81ed21.my-hmtl5-deployer.stageAppTask#
######org.cloudfoundry.multiapps.controller.persistence.services.ProcessLogger########flowable-async-job-executor-thread-21346###
[PollStageAppStatusExecution] [my-hmtl5-deployer] 067d901a-b691-4861-9271-2ee4114963a8 [Fri Sep 10 20:00:35 UTC 2021] Uploading droplet... (STDOUT, STG)#

#2.0#2021 09 10 20:00:38.275#Z#DEBUG#com.sap.cloud.lm.sl.xs2.987f5a7d-1271-11ec-aa0f-eeee0a81ed21.my-hmtl5-deployer.stageAppTask#
######org.cloudfoundry.multiapps.controller.persistence.services.ProcessLogger########flowable-async-job-executor-thread-21346###
[PollStageAppStatusExecution] [my-hmtl5-deployer] 067d901a-b691-4861-9271-2ee4114963a8 [Fri Sep 10 20:00:35 UTC 2021] Uploading droplet, build artifacts cache... (STDOUT, STG)#

#2.0#2021 09 10 20:00:38.276#Z#DEBUG#com.sap.cloud.lm.sl.xs2.987f5a7d-1271-11ec-aa0f-eeee0a81ed21.my-hmtl5-deployer.stageAppTask#
######org.cloudfoundry.multiapps.controller.persistence.services.ProcessLogger########flowable-async-job-executor-thread-21346###
[PollStageAppStatusExecution] [my-hmtl5-deployer] 067d901a-b691-4861-9271-2ee4114963a8 [Fri Sep 10 20:00:35 UTC 2021] Exit status 0 (STDOUT, STG)#

#2.0#2021 09 10 20:00:38.276#Z#DEBUG#com.sap.cloud.lm.sl.xs2.987f5a7d-1271-11ec-aa0f-eeee0a81ed21.my-hmtl5-deployer.stageAppTask#
######org.cloudfoundry.multiapps.controller.persistence.services.ProcessLogger########flowable-async-job-executor-thread-21346###
[PollStageAppStatusExecution] [my-hmtl5-deployer] 067d901a-b691-4861-9271-2ee4114963a8 [Fri Sep 10 20:00:35 UTC 2021] Uploaded build artifacts cache (219B) (STDOUT, STG)#

#2.0#2021 09 10 20:00:38.276#Z#DEBUG#com.sap.cloud.lm.sl.xs2.987f5a7d-1271-11ec-aa0f-eeee0a81ed21.my-hmtl5-deployer.stageAppTask#
######org.cloudfoundry.multiapps.controller.persistence.services.ProcessLogger########flowable-async-job-executor-thread-21346###
[PollStageAppStatusExecution] [my-hmtl5-deployer] 067d901a-b691-4861-9271-2ee4114963a8 [Fri Sep 10 20:00:36 UTC 2021] Creating droplet for app with guid 067d901a-b691-4861-9271-2ee4114963a8 (STDOUT, API)#

#2.0#2021 09 10 20:00:48.311#Z#DEBUG#com.sap.cloud.lm.sl.xs2.987f5a7d-1271-11ec-aa0f-eeee0a81ed21.my-hmtl5-deployer.stageAppTask#
######org.cloudfoundry.multiapps.controller.persistence.services.ProcessLogger########flowable-async-job-executor-thread-30391###
[PollStageAppStatusExecution] [my-hmtl5-deployer] 067d901a-b691-4861-9271-2ee4114963a8 [Fri Sep 10 20:00:39 UTC 2021] Uploaded droplet (84.5M) (STDOUT, STG)#

#2.0#2021 09 10 20:00:48.311#Z#DEBUG#com.sap.cloud.lm.sl.xs2.987f5a7d-1271-11ec-aa0f-eeee0a81ed21.my-hmtl5-deployer.stageAppTask#
######org.cloudfoundry.multiapps.controller.persistence.services.ProcessLogger########flowable-async-job-executor-thread-30391###
[PollStageAppStatusExecution] [my-hmtl5-deployer] 067d901a-b691-4861-9271-2ee4114963a8 [Fri Sep 10 20:00:39 UTC 2021] Uploading complete (STDOUT, STG)#

#2.0#2021 09 10 20:00:48.311#Z#DEBUG#com.sap.cloud.lm.sl.xs2.987f5a7d-1271-11ec-aa0f-eeee0a81ed21.my-hmtl5-deployer.stageAppTask#
######org.cloudfoundry.multiapps.controller.persistence.services.ProcessLogger########flowable-async-job-executor-thread-30391###
[PollStageAppStatusExecution] [my-hmtl5-deployer] 067d901a-b691-4861-9271-2ee4114963a8 [Fri Sep 10 20:00:39 UTC 2021] Cell 6e2074ad-be35-41a7-b8a7-6bc27a7f2868 destroying container for instance cd6a249d-2123-4b70-9d06-d5d4c2dbd51f (STDOUT, STG)#

#2.0#2021 09 10 20:00:48.311#Z#DEBUG#com.sap.cloud.lm.sl.xs2.987f5a7d-1271-11ec-aa0f-eeee0a81ed21.my-hmtl5-deployer.stageAppTask#
######org.cloudfoundry.multiapps.controller.persistence.services.ProcessLogger########flowable-async-job-executor-thread-30391###
[PollStageAppStatusExecution] [my-hmtl5-deployer] 067d901a-b691-4861-9271-2ee4114963a8 [Fri Sep 10 20:00:39 UTC 2021] Cell 6e2074ad-be35-41a7-b8a7-6bc27a7f2868 stopping instance cd6a249d-2123-4b70-9d06-d5d4c2dbd51f (STDOUT, STG)#

#2.0#2021 09 10 20:00:48.311#Z#DEBUG#com.sap.cloud.lm.sl.xs2.987f5a7d-1271-11ec-aa0f-eeee0a81ed21.my-hmtl5-deployer.stageAppTask#
######org.cloudfoundry.multiapps.controller.persistence.services.ProcessLogger########flowable-async-job-executor-thread-30391###
[PollStageAppStatusExecution] [my-hmtl5-deployer] 067d901a-b691-4861-9271-2ee4114963a8 [Fri Sep 10 20:00:40 UTC 2021] Cell 6e2074ad-be35-41a7-b8a7-6bc27a7f2868 successfully destroyed container for instance cd6a249d-2123-4b70-9d06-d5d4c2dbd51f (STDOUT, STG)#

#2.0#2021 09 10 20:00:58.650#Z#DEBUG#com.sap.cloud.lm.sl.xs2.987f5a7d-1271-11ec-aa0f-eeee0a81ed21.my-hmtl5-deployer.startAppTask#
######org.cloudfoundry.multiapps.controller.persistence.services.ProcessLogger########flowable-async-job-executor-thread-21381###
[PollStartAppStatusExecution] [my-hmtl5-deployer] 067d901a-b691-4861-9271-2ee4114963a8 [Fri Sep 10 20:00:48 UTC 2021] Updated app with guid 067d901a-b691-4861-9271-2ee4114963a8 ({:droplet_guid=>"4230d768-308a-4489-a09e-bf731f5c9d64"}) (STDOUT, API)#

#2.0#2021 09 10 20:00:58.650#Z#DEBUG#com.sap.cloud.lm.sl.xs2.987f5a7d-1271-11ec-aa0f-eeee0a81ed21.my-hmtl5-deployer.startAppTask#
######org.cloudfoundry.multiapps.controller.persistence.services.ProcessLogger########flowable-async-job-executor-thread-21381###
[PollStartAppStatusExecution] [my-hmtl5-deployer] 067d901a-b691-4861-9271-2ee4114963a8 [Fri Sep 10 20:00:49 UTC 2021] Creating revision for app with guid 067d901a-b691-4861-9271-2ee4114963a8 (STDOUT, API)#

#2.0#2021 09 10 20:00:58.650#Z#DEBUG#com.sap.cloud.lm.sl.xs2.987f5a7d-1271-11ec-aa0f-eeee0a81ed21.my-hmtl5-deployer.startAppTask#
######org.cloudfoundry.multiapps.controller.persistence.services.ProcessLogger########flowable-async-job-executor-thread-21381###
[PollStartAppStatusExecution] [my-hmtl5-deployer] 067d901a-b691-4861-9271-2ee4114963a8 [Fri Sep 10 20:00:49 UTC 2021] Starting app with guid 067d901a-b691-4861-9271-2ee4114963a8 (STDOUT, API)#

#2.0#2021 09 10 20:00:58.650#Z#DEBUG#com.sap.cloud.lm.sl.xs2.987f5a7d-1271-11ec-aa0f-eeee0a81ed21.my-hmtl5-deployer.startAppTask#
######org.cloudfoundry.multiapps.controller.persistence.services.ProcessLogger########flowable-async-job-executor-thread-21381###
[PollStartAppStatusExecution] [my-hmtl5-deployer] 067d901a-b691-4861-9271-2ee4114963a8 [Fri Sep 10 20:00:49 UTC 2021] Cell 68e93f40-1aa2-4b88-a9e5-c2af43e9e338 creating container for instance 139d21e4-e90f-4c43-7928-19f5 (STDOUT, CELL)#

#2.0#2021 09 10 20:00:58.650#Z#DEBUG#com.sap.cloud.lm.sl.xs2.987f5a7d-1271-11ec-aa0f-eeee0a81ed21.my-hmtl5-deployer.startAppTask#
######org.cloudfoundry.multiapps.controller.persistence.services.ProcessLogger########flowable-async-job-executor-thread-21381###
[PollStartAppStatusExecution] [my-hmtl5-deployer] 067d901a-b691-4861-9271-2ee4114963a8 [Fri Sep 10 20:00:51 UTC 2021] Cell 68e93f40-1aa2-4b88-a9e5-c2af43e9e338 successfully created container for instance 139d21e4-e90f-4c43-7928-19f5 (STDOUT, CELL)#

#2.0#2021 09 10 20:00:58.650#Z#DEBUG#com.sap.cloud.lm.sl.xs2.987f5a7d-1271-11ec-aa0f-eeee0a81ed21.my-hmtl5-deployer.startAppTask#
######org.cloudfoundry.multiapps.controller.persistence.services.ProcessLogger########flowable-async-job-executor-thread-21381###
[PollStartAppStatusExecution] [my-hmtl5-deployer] 067d901a-b691-4861-9271-2ee4114963a8 [Fri Sep 10 20:00:51 UTC 2021] Downloading droplet... (STDOUT, CELL)#

#2.0#2021 09 10 20:00:58.650#Z#DEBUG#com.sap.cloud.lm.sl.xs2.987f5a7d-1271-11ec-aa0f-eeee0a81ed21.my-hmtl5-deployer.startAppTask#
######org.cloudfoundry.multiapps.controller.persistence.services.ProcessLogger########flowable-async-job-executor-thread-21381###
[PollStartAppStatusExecution] [my-hmtl5-deployer] 067d901a-b691-4861-9271-2ee4114963a8 [Fri Sep 10 20:00:54 UTC 2021] Downloaded droplet (84.5M) (STDOUT, CELL)#

#2.0#2021 09 10 20:00:58.650#Z#DEBUG#com.sap.cloud.lm.sl.xs2.987f5a7d-1271-11ec-aa0f-eeee0a81ed21.my-hmtl5-deployer.startAppTask#
######org.cloudfoundry.multiapps.controller.persistence.services.ProcessLogger########flowable-async-job-executor-thread-21381###
[PollStartAppStatusExecution] [my-hmtl5-deployer] 067d901a-b691-4861-9271-2ee4114963a8 [Fri Sep 10 20:00:55 UTC 2021] > node node_modules/@sap/html5-app-deployer/index.js (STDOUT, APP/PROC/WEB)#

#2.0#2021 09 10 20:00:58.650#Z#DEBUG#com.sap.cloud.lm.sl.xs2.987f5a7d-1271-11ec-aa0f-eeee0a81ed21.my-hmtl5-deployer.startAppTask#
######org.cloudfoundry.multiapps.controller.persistence.services.ProcessLogger########flowable-async-job-executor-thread-21381###
[PollStartAppStatusExecution] [my-hmtl5-deployer] 067d901a-b691-4861-9271-2ee4114963a8 [Fri Sep 10 20:00:55 UTC 2021] > start (STDOUT, APP/PROC/WEB)#

#2.0#2021 09 10 20:01:08.551#Z#DEBUG#com.sap.cloud.lm.sl.xs2.987f5a7d-1271-11ec-aa0f-eeee0a81ed21.my-hmtl5-deployer.startAppTask#
######org.cloudfoundry.multiapps.controller.persistence.services.ProcessLogger########flowable-async-job-executor-thread-30438###
[PollExecuteAppStatusExecution] [my-hmtl5-deployer] 067d901a-b691-4861-9271-2ee4114963a8 [Fri Sep 10 20:00:55 UTC 2021] > node node_modules/@sap/html5-app-deployer/index.js (STDOUT, APP/PROC/WEB)#

#2.0#2021 09 10 20:01:18.457#Z#DEBUG#com.sap.cloud.lm.sl.xs2.987f5a7d-1271-11ec-aa0f-eeee0a81ed21.my-hmtl5-deployer.startAppTask#
######org.cloudfoundry.multiapps.controller.persistence.services.ProcessLogger########flowable-async-job-executor-thread-11206###
[PollExecuteAppStatusExecution] [my-hmtl5-deployer] 067d901a-b691-4861-9271-2ee4114963a8 [Fri Sep 10 20:00:55 UTC 2021] > start (STDOUT, APP/PROC/WEB)#

#2.0#2021 09 10 20:01:28.493#Z#DEBUG#com.sap.cloud.lm.sl.xs2.987f5a7d-1271-11ec-aa0f-eeee0a81ed21.my-hmtl5-deployer.startAppTask#
######org.cloudfoundry.multiapps.controller.persistence.services.ProcessLogger########flowable-async-job-executor-thread-21419###
[PollExecuteAppStatusExecution] [my-hmtl5-deployer] 067d901a-b691-4861-9271-2ee4114963a8 [Fri Sep 10 20:00:55 UTC 2021] > node node_modules/@sap/html5-app-deployer/index.js (STDOUT, APP/PROC/WEB)#

#2.0#2021 09 10 20:01:38.623#Z#DEBUG#com.sap.cloud.lm.sl.xs2.987f5a7d-1271-11ec-aa0f-eeee0a81ed21.my-hmtl5-deployer.startAppTask#
######org.cloudfoundry.multiapps.controller.persistence.services.ProcessLogger########flowable-async-job-executor-thread-30477###
[PollExecuteAppStatusExecution] [my-hmtl5-deployer] 067d901a-b691-4861-9271-2ee4114963a8 [Fri Sep 10 20:00:55 UTC 2021] > start (STDOUT, APP/PROC/WEB)#

#2.0#2021 09 10 20:01:48.514#Z#DEBUG#com.sap.cloud.lm.sl.xs2.987f5a7d-1271-11ec-aa0f-eeee0a81ed21.my-hmtl5-deployer.startAppTask#
######org.cloudfoundry.multiapps.controller.persistence.services.ProcessLogger########flowable-async-job-executor-thread-11228###
[PollExecuteAppStatusExecution] [my-hmtl5-deployer] 067d901a-b691-4861-9271-2ee4114963a8 [Fri Sep 10 20:00:55 UTC 2021] > node node_modules/@sap/html5-app-deployer/index.js (STDOUT, APP/PROC/WEB)#

#2.0#2021 09 10 20:01:58.597#Z#DEBUG#com.sap.cloud.lm.sl.xs2.987f5a7d-1271-11ec-aa0f-eeee0a81ed21.my-hmtl5-deployer.startAppTask#
######org.cloudfoundry.multiapps.controller.persistence.services.ProcessLogger########flowable-async-job-executor-thread-30526###
[PollExecuteAppStatusExecution] [my-hmtl5-deployer] 067d901a-b691-4861-9271-2ee4114963a8 [Fri Sep 10 20:00:55 UTC 2021] > start (STDOUT, APP/PROC/WEB)#

#2.0#2021 09 10 20:01:58.597#Z#DEBUG#com.sap.cloud.lm.sl.xs2.987f5a7d-1271-11ec-aa0f-eeee0a81ed21.my-hmtl5-deployer.startAppTask#
######org.cloudfoundry.multiapps.controller.persistence.services.ProcessLogger########flowable-async-job-executor-thread-30526###
[PollExecuteAppStatusExecution] [my-hmtl5-deployer] 067d901a-b691-4861-9271-2ee4114963a8 [Fri Sep 10 20:01:51 UTC 2021] #2021-09-10T20:01:51.650Z# - #error# Application Deployer failed (STDOUT, APP/PROC/WEB)#

#2.0#2021 09 10 20:01:58.597#Z#DEBUG#com.sap.cloud.lm.sl.xs2.987f5a7d-1271-11ec-aa0f-eeee0a81ed21.my-hmtl5-deployer.startAppTask#
######org.cloudfoundry.multiapps.controller.persistence.services.ProcessLogger########flowable-async-job-executor-thread-30526###
[PollExecuteAppStatusExecution] [my-hmtl5-deployer] 067d901a-b691-4861-9271-2ee4114963a8 [Fri Sep 10 20:01:51 UTC 2021] #2021-09-10T20:01:51.650Z# - #error# Error while uploading resources to Server; Status: 400 Response: "Upload application content failed { CODE: '1001' } validation error: Bad manifest.jsonSyntaxError: Unexpected token   in JSON at position 567" (STDOUT, APP/PROC/WEB)#

#2.0#2021 09 10 20:01:58.597#Z#DEBUG#com.sap.cloud.lm.sl.xs2.987f5a7d-1271-11ec-aa0f-eeee0a81ed21.my-hmtl5-deployer.startAppTask#
######org.cloudfoundry.multiapps.controller.persistence.services.ProcessLogger########flowable-async-job-executor-thread-30526###
[PollExecuteAppStatusExecution] [my-hmtl5-deployer] 067d901a-b691-4861-9271-2ee4114963a8 [Fri Sep 10 20:01:51 UTC 2021] Deployment of html5 application content failed [Deployment Id: deploy-987f5a7d-1271-11ec-aa0f-eeee0a81ed21] (STDERR, APP/PROC/WEB)#

#2.0#2021 09 10 20:01:58.597#Z#DEBUG#com.sap.cloud.lm.sl.xs2.987f5a7d-1271-11ec-aa0f-eeee0a81ed21.my-hmtl5-deployer.startAppTask#
######org.cloudfoundry.multiapps.controller.persistence.services.ProcessLogger########flowable-async-job-executor-thread-30526###
[PollExecuteAppStatusExecution] [my-hmtl5-deployer] 067d901a-b691-4861-9271-2ee4114963a8 [Fri Sep 10 20:01:51 UTC 2021] #2021-09-10T20:01:51.650Z# - #error# Deployment of html5 application content failed [Deployment Id: deploy-987f5a7d-1271-11ec-aa0f-eeee0a81ed21] (STDOUT, APP/PROC/WEB)#

#2.0#2021 09 10 20:02:19.225#Z#DEBUG#com.sap.cloud.lm.sl.xs2.987f5a7d-1271-11ec-aa0f-eeee0a81ed21.my-hmtl5-deployer.startAppTask#
######org.cloudfoundry.multiapps.controller.persistence.services.ProcessLogger########flowable-async-job-executor-thread-30534###
[PollStartAppStatusExecution] [my-hmtl5-deployer] 067d901a-b691-4861-9271-2ee4114963a8 [Fri Sep 10 20:00:55 UTC 2021] > start (STDOUT, APP/PROC/WEB)#

#2.0#2021 09 10 20:02:19.225#Z#DEBUG#com.sap.cloud.lm.sl.xs2.987f5a7d-1271-11ec-aa0f-eeee0a81ed21.my-hmtl5-deployer.startAppTask#
######org.cloudfoundry.multiapps.controller.persistence.services.ProcessLogger########flowable-async-job-executor-thread-30534###
[PollStartAppStatusExecution] [my-hmtl5-deployer] 067d901a-b691-4861-9271-2ee4114963a8 [Fri Sep 10 20:01:51 UTC 2021] #2021-09-10T20:01:51.650Z# - #error# Application Deployer failed (STDOUT, APP/PROC/WEB)#

#2.0#2021 09 10 20:02:19.225#Z#DEBUG#com.sap.cloud.lm.sl.xs2.987f5a7d-1271-11ec-aa0f-eeee0a81ed21.my-hmtl5-deployer.startAppTask#
######org.cloudfoundry.multiapps.controller.persistence.services.ProcessLogger########flowable-async-job-executor-thread-30534###
[PollStartAppStatusExecution] [my-hmtl5-deployer] 067d901a-b691-4861-9271-2ee4114963a8 [Fri Sep 10 20:01:51 UTC 2021] #2021-09-10T20:01:51.650Z# - #error# Error while uploading resources to Server; Status: 400 Response: "Upload application content failed { CODE: '1001' } validation error: Bad manifest.jsonSyntaxError: Unexpected token   in JSON at position 567" (STDOUT, APP/PROC/WEB)#

#2.0#2021 09 10 20:02:19.225#Z#DEBUG#com.sap.cloud.lm.sl.xs2.987f5a7d-1271-11ec-aa0f-eeee0a81ed21.my-hmtl5-deployer.startAppTask#
######org.cloudfoundry.multiapps.controller.persistence.services.ProcessLogger########flowable-async-job-executor-thread-30534###
[PollStartAppStatusExecution] [my-hmtl5-deployer] 067d901a-b691-4861-9271-2ee4114963a8 [Fri Sep 10 20:01:51 UTC 2021] Deployment of html5 application content failed [Deployment Id: deploy-987f5a7d-1271-11ec-aa0f-eeee0a81ed21] (STDERR, APP/PROC/WEB)#

#2.0#2021 09 10 20:02:19.225#Z#DEBUG#com.sap.cloud.lm.sl.xs2.987f5a7d-1271-11ec-aa0f-eeee0a81ed21.my-hmtl5-deployer.startAppTask#
######org.cloudfoundry.multiapps.controller.persistence.services.ProcessLogger########flowable-async-job-executor-thread-30534###
[PollStartAppStatusExecution] [my-hmtl5-deployer] 067d901a-b691-4861-9271-2ee4114963a8 [Fri Sep 10 20:01:51 UTC 2021] #2021-09-10T20:01:51.650Z# - #error# Deployment of html5 application content failed [Deployment Id: deploy-987f5a7d-1271-11ec-aa0f-eeee0a81ed21] (STDOUT, APP/PROC/WEB)#

#2.0#2021 09 10 20:02:19.225#Z#DEBUG#com.sap.cloud.lm.sl.xs2.987f5a7d-1271-11ec-aa0f-eeee0a81ed21.my-hmtl5-deployer.startAppTask#
######org.cloudfoundry.multiapps.controller.persistence.services.ProcessLogger########flowable-async-job-executor-thread-30534###
[PollStartAppStatusExecution] [my-hmtl5-deployer] 067d901a-b691-4861-9271-2ee4114963a8 [Fri Sep 10 20:01:58 UTC 2021] Stopping app with guid 067d901a-b691-4861-9271-2ee4114963a8 (STDOUT, API)#

#2.0#2021 09 10 20:02:19.225#Z#DEBUG#com.sap.cloud.lm.sl.xs2.987f5a7d-1271-11ec-aa0f-eeee0a81ed21.my-hmtl5-deployer.startAppTask#
######org.cloudfoundry.multiapps.controller.persistence.services.ProcessLogger########flowable-async-job-executor-thread-30534###
[PollStartAppStatusExecution] [my-hmtl5-deployer] 067d901a-b691-4861-9271-2ee4114963a8 [Fri Sep 10 20:01:58 UTC 2021] Cell 68e93f40-1aa2-4b88-a9e5-c2af43e9e338 stopping instance 139d21e4-e90f-4c43-7928-19f5 (STDOUT, CELL)#

#2.0#2021 09 10 20:02:19.225#Z#DEBUG#com.sap.cloud.lm.sl.xs2.987f5a7d-1271-11ec-aa0f-eeee0a81ed21.my-hmtl5-deployer.startAppTask#
######org.cloudfoundry.multiapps.controller.persistence.services.ProcessLogger########flowable-async-job-executor-thread-30534###
[PollStartAppStatusExecution] [my-hmtl5-deployer] 067d901a-b691-4861-9271-2ee4114963a8 [Fri Sep 10 20:02:03 UTC 2021] Starting app with guid 067d901a-b691-4861-9271-2ee4114963a8 (STDOUT, API)#

#2.0#2021 09 10 20:02:19.225#Z#DEBUG#com.sap.cloud.lm.sl.xs2.987f5a7d-1271-11ec-aa0f-eeee0a81ed21.my-hmtl5-deployer.startAppTask#
######org.cloudfoundry.multiapps.controller.persistence.services.ProcessLogger########flowable-async-job-executor-thread-30534###
[PollStartAppStatusExecution] [my-hmtl5-deployer] 067d901a-b691-4861-9271-2ee4114963a8 [Fri Sep 10 20:02:04 UTC 2021] Cell ccfeba01-3dfe-4913-b00f-b62346d2bea8 creating container for instance 7d540ab9-6382-4f3d-5ea8-6d5f (STDOUT, CELL)#

#2.0#2021 09 10 20:02:19.225#Z#DEBUG#com.sap.cloud.lm.sl.xs2.987f5a7d-1271-11ec-aa0f-eeee0a81ed21.my-hmtl5-deployer.startAppTask#
######org.cloudfoundry.multiapps.controller.persistence.services.ProcessLogger########flowable-async-job-executor-thread-30534###
[PollStartAppStatusExecution] [my-hmtl5-deployer] 067d901a-b691-4861-9271-2ee4114963a8 [Fri Sep 10 20:02:05 UTC 2021] Cell ccfeba01-3dfe-4913-b00f-b62346d2bea8 successfully created container for instance 7d540ab9-6382-4f3d-5ea8-6d5f (STDOUT, CELL)#

#2.0#2021 09 10 20:02:19.225#Z#DEBUG#com.sap.cloud.lm.sl.xs2.987f5a7d-1271-11ec-aa0f-eeee0a81ed21.my-hmtl5-deployer.startAppTask#
######org.cloudfoundry.multiapps.controller.persistence.services.ProcessLogger########flowable-async-job-executor-thread-30534###
[PollStartAppStatusExecution] [my-hmtl5-deployer] 067d901a-b691-4861-9271-2ee4114963a8 [Fri Sep 10 20:02:05 UTC 2021] Downloading droplet... (STDOUT, CELL)#

#2.0#2021 09 10 20:02:19.225#Z#DEBUG#com.sap.cloud.lm.sl.xs2.987f5a7d-1271-11ec-aa0f-eeee0a81ed21.my-hmtl5-deployer.startAppTask#
######org.cloudfoundry.multiapps.controller.persistence.services.ProcessLogger########flowable-async-job-executor-thread-30534###
[PollStartAppStatusExecution] [my-hmtl5-deployer] 067d901a-b691-4861-9271-2ee4114963a8 [Fri Sep 10 20:02:08 UTC 2021] Downloaded droplet (84.5M) (STDOUT, CELL)#

#2.0#2021 09 10 20:02:19.225#Z#DEBUG#com.sap.cloud.lm.sl.xs2.987f5a7d-1271-11ec-aa0f-eeee0a81ed21.my-hmtl5-deployer.startAppTask#
######org.cloudfoundry.multiapps.controller.persistence.services.ProcessLogger########flowable-async-job-executor-thread-30534###
[PollStartAppStatusExecution] [my-hmtl5-deployer] 067d901a-b691-4861-9271-2ee4114963a8 [Fri Sep 10 20:02:08 UTC 2021] > node node_modules/@sap/html5-app-deployer/index.js (STDOUT, APP/PROC/WEB)#

#2.0#2021 09 10 20:02:19.226#Z#DEBUG#com.sap.cloud.lm.sl.xs2.987f5a7d-1271-11ec-aa0f-eeee0a81ed21.my-hmtl5-deployer.startAppTask#
######org.cloudfoundry.multiapps.controller.persistence.services.ProcessLogger########flowable-async-job-executor-thread-30534###
[PollStartAppStatusExecution] [my-hmtl5-deployer] 067d901a-b691-4861-9271-2ee4114963a8 [Fri Sep 10 20:02:08 UTC 2021] > start (STDOUT, APP/PROC/WEB)#

#2.0#2021 09 10 20:02:19.226#Z#DEBUG#com.sap.cloud.lm.sl.xs2.987f5a7d-1271-11ec-aa0f-eeee0a81ed21.my-hmtl5-deployer.startAppTask#
######org.cloudfoundry.multiapps.controller.persistence.services.ProcessLogger########flowable-async-job-executor-thread-30534###
[PollStartAppStatusExecution] [my-hmtl5-deployer] 067d901a-b691-4861-9271-2ee4114963a8 [Fri Sep 10 20:02:15 UTC 2021] Cell 68e93f40-1aa2-4b88-a9e5-c2af43e9e338 destroying container for instance 139d21e4-e90f-4c43-7928-19f5 (STDOUT, CELL)#

#2.0#2021 09 10 20:02:19.226#Z#DEBUG#com.sap.cloud.lm.sl.xs2.987f5a7d-1271-11ec-aa0f-eeee0a81ed21.my-hmtl5-deployer.startAppTask#
######org.cloudfoundry.multiapps.controller.persistence.services.ProcessLogger########flowable-async-job-executor-thread-30534###
[PollStartAppStatusExecution] [my-hmtl5-deployer] 067d901a-b691-4861-9271-2ee4114963a8 [Fri Sep 10 20:02:15 UTC 2021] Exit status 137 (STDOUT, PROXY)#

#2.0#2021 09 10 20:02:19.226#Z#DEBUG#com.sap.cloud.lm.sl.xs2.987f5a7d-1271-11ec-aa0f-eeee0a81ed21.my-hmtl5-deployer.startAppTask#
######org.cloudfoundry.multiapps.controller.persistence.services.ProcessLogger########flowable-async-job-executor-thread-30534###
[PollStartAppStatusExecution] [my-hmtl5-deployer] 067d901a-b691-4861-9271-2ee4114963a8 [Fri Sep 10 20:02:16 UTC 2021] Cell 68e93f40-1aa2-4b88-a9e5-c2af43e9e338 successfully destroyed container for instance 139d21e4-e90f-4c43-7928-19f5 (STDOUT, CELL)#

#2.0#2021 09 10 20:02:38.842#Z#DEBUG#com.sap.cloud.lm.sl.xs2.987f5a7d-1271-11ec-aa0f-eeee0a81ed21.my-hmtl5-deployer.startAppTask#
######org.cloudfoundry.multiapps.controller.persistence.services.ProcessLogger########flowable-async-job-executor-thread-30566###
[PollStartAppStatusExecution] [my-hmtl5-deployer] 067d901a-b691-4861-9271-2ee4114963a8 [Fri Sep 10 20:02:28 UTC 2021] Stopping app with guid 067d901a-b691-4861-9271-2ee4114963a8 (STDOUT, API)#

#2.0#2021 09 10 20:02:38.843#Z#DEBUG#com.sap.cloud.lm.sl.xs2.987f5a7d-1271-11ec-aa0f-eeee0a81ed21.my-hmtl5-deployer.startAppTask#
######org.cloudfoundry.multiapps.controller.persistence.services.ProcessLogger########flowable-async-job-executor-thread-30566###
[PollStartAppStatusExecution] [my-hmtl5-deployer] 067d901a-b691-4861-9271-2ee4114963a8 [Fri Sep 10 20:02:28 UTC 2021] Cell ccfeba01-3dfe-4913-b00f-b62346d2bea8 stopping instance 7d540ab9-6382-4f3d-5ea8-6d5f (STDOUT, CELL)#

#2.0#2021 09 10 20:02:38.843#Z#DEBUG#com.sap.cloud.lm.sl.xs2.987f5a7d-1271-11ec-aa0f-eeee0a81ed21.my-hmtl5-deployer.startAppTask#
######org.cloudfoundry.multiapps.controller.persistence.services.ProcessLogger########flowable-async-job-executor-thread-30566###
[PollStartAppStatusExecution] [my-hmtl5-deployer] 067d901a-b691-4861-9271-2ee4114963a8 [Fri Sep 10 20:02:32 UTC 2021] Starting app with guid 067d901a-b691-4861-9271-2ee4114963a8 (STDOUT, API)#

#2.0#2021 09 10 20:02:38.843#Z#DEBUG#com.sap.cloud.lm.sl.xs2.987f5a7d-1271-11ec-aa0f-eeee0a81ed21.my-hmtl5-deployer.startAppTask#
######org.cloudfoundry.multiapps.controller.persistence.services.ProcessLogger########flowable-async-job-executor-thread-30566###
[PollStartAppStatusExecution] [my-hmtl5-deployer] 067d901a-b691-4861-9271-2ee4114963a8 [Fri Sep 10 20:02:32 UTC 2021] Cell 72d88cc4-08c4-4aa5-8db8-d25ef913a0e7 creating container for instance e230f57b-bea5-4964-791d-cb79 (STDOUT, CELL)#

#2.0#2021 09 10 20:02:38.843#Z#DEBUG#com.sap.cloud.lm.sl.xs2.987f5a7d-1271-11ec-aa0f-eeee0a81ed21.my-hmtl5-deployer.startAppTask#
######org.cloudfoundry.multiapps.controller.persistence.services.ProcessLogger########flowable-async-job-executor-thread-30566###
[PollStartAppStatusExecution] [my-hmtl5-deployer] 067d901a-b691-4861-9271-2ee4114963a8 [Fri Sep 10 20:02:33 UTC 2021] Cell 72d88cc4-08c4-4aa5-8db8-d25ef913a0e7 successfully created container for instance e230f57b-bea5-4964-791d-cb79 (STDOUT, CELL)#

#2.0#2021 09 10 20:02:38.843#Z#DEBUG#com.sap.cloud.lm.sl.xs2.987f5a7d-1271-11ec-aa0f-eeee0a81ed21.my-hmtl5-deployer.startAppTask#
######org.cloudfoundry.multiapps.controller.persistence.services.ProcessLogger########flowable-async-job-executor-thread-30566###
[PollStartAppStatusExecution] [my-hmtl5-deployer] 067d901a-b691-4861-9271-2ee4114963a8 [Fri Sep 10 20:02:33 UTC 2021] Downloading droplet... (STDOUT, CELL)#

#2.0#2021 09 10 20:02:38.843#Z#DEBUG#com.sap.cloud.lm.sl.xs2.987f5a7d-1271-11ec-aa0f-eeee0a81ed21.my-hmtl5-deployer.startAppTask#
######org.cloudfoundry.multiapps.controller.persistence.services.ProcessLogger########flowable-async-job-executor-thread-30566###
[PollStartAppStatusExecution] [my-hmtl5-deployer] 067d901a-b691-4861-9271-2ee4114963a8 [Fri Sep 10 20:02:37 UTC 2021] Downloaded droplet (84.5M) (STDOUT, CELL)#

#2.0#2021 09 10 20:02:38.843#Z#DEBUG#com.sap.cloud.lm.sl.xs2.987f5a7d-1271-11ec-aa0f-eeee0a81ed21.my-hmtl5-deployer.startAppTask#
######org.cloudfoundry.multiapps.controller.persistence.services.ProcessLogger########flowable-async-job-executor-thread-30566###
[PollStartAppStatusExecution] [my-hmtl5-deployer] 067d901a-b691-4861-9271-2ee4114963a8 [Fri Sep 10 20:02:37 UTC 2021] > node node_modules/@sap/html5-app-deployer/index.js (STDOUT, APP/PROC/WEB)#

#2.0#2021 09 10 20:02:38.843#Z#DEBUG#com.sap.cloud.lm.sl.xs2.987f5a7d-1271-11ec-aa0f-eeee0a81ed21.my-hmtl5-deployer.startAppTask#
######org.cloudfoundry.multiapps.controller.persistence.services.ProcessLogger########flowable-async-job-executor-thread-30566###
[PollStartAppStatusExecution] [my-hmtl5-deployer] 067d901a-b691-4861-9271-2ee4114963a8 [Fri Sep 10 20:02:37 UTC 2021] > start (STDOUT, APP/PROC/WEB)#

#2.0#2021 09 10 20:02:50.532#Z#DEBUG#com.sap.cloud.lm.sl.xs2.987f5a7d-1271-11ec-aa0f-eeee0a81ed21.my-hmtl5-deployer.startAppTask#
######org.cloudfoundry.multiapps.controller.persistence.services.ProcessLogger########flowable-async-job-executor-thread-21568###
[PollExecuteAppStatusExecution] [my-hmtl5-deployer] 067d901a-b691-4861-9271-2ee4114963a8 [Fri Sep 10 20:02:37 UTC 2021] > node node_modules/@sap/html5-app-deployer/index.js (STDOUT, APP/PROC/WEB)#

#2.0#2021 09 10 20:02:50.532#Z#DEBUG#com.sap.cloud.lm.sl.xs2.987f5a7d-1271-11ec-aa0f-eeee0a81ed21.my-hmtl5-deployer.startAppTask#
######org.cloudfoundry.multiapps.controller.persistence.services.ProcessLogger########flowable-async-job-executor-thread-21568###
[PollExecuteAppStatusExecution] [my-hmtl5-deployer] 067d901a-b691-4861-9271-2ee4114963a8 [Fri Sep 10 20:02:45 UTC 2021] Cell ccfeba01-3dfe-4913-b00f-b62346d2bea8 destroying container for instance 7d540ab9-6382-4f3d-5ea8-6d5f (STDOUT, CELL)#

#2.0#2021 09 10 20:02:50.532#Z#DEBUG#com.sap.cloud.lm.sl.xs2.987f5a7d-1271-11ec-aa0f-eeee0a81ed21.my-hmtl5-deployer.startAppTask#
######org.cloudfoundry.multiapps.controller.persistence.services.ProcessLogger########flowable-async-job-executor-thread-21568###
[PollExecuteAppStatusExecution] [my-hmtl5-deployer] 067d901a-b691-4861-9271-2ee4114963a8 [Fri Sep 10 20:02:45 UTC 2021] Exit status 137 (STDOUT, PROXY)#

#2.0#2021 09 10 20:02:50.532#Z#DEBUG#com.sap.cloud.lm.sl.xs2.987f5a7d-1271-11ec-aa0f-eeee0a81ed21.my-hmtl5-deployer.startAppTask#
######org.cloudfoundry.multiapps.controller.persistence.services.ProcessLogger########flowable-async-job-executor-thread-21568###
[PollExecuteAppStatusExecution] [my-hmtl5-deployer] 067d901a-b691-4861-9271-2ee4114963a8 [Fri Sep 10 20:02:46 UTC 2021] Cell ccfeba01-3dfe-4913-b00f-b62346d2bea8 successfully destroyed container for instance 7d540ab9-6382-4f3d-5ea8-6d5f (STDOUT, CELL)#

#2.0#2021 09 10 20:03:09.155#Z#DEBUG#com.sap.cloud.lm.sl.xs2.987f5a7d-1271-11ec-aa0f-eeee0a81ed21.my-hmtl5-deployer.startAppTask#
######org.cloudfoundry.multiapps.controller.persistence.services.ProcessLogger########flowable-async-job-executor-thread-21580###
[PollStartAppStatusExecution] [my-hmtl5-deployer] 067d901a-b691-4861-9271-2ee4114963a8 [Fri Sep 10 20:02:37 UTC 2021] > node node_modules/@sap/html5-app-deployer/index.js (STDOUT, APP/PROC/WEB)#

#2.0#2021 09 10 20:03:09.155#Z#DEBUG#com.sap.cloud.lm.sl.xs2.987f5a7d-1271-11ec-aa0f-eeee0a81ed21.my-hmtl5-deployer.startAppTask#
######org.cloudfoundry.multiapps.controller.persistence.services.ProcessLogger########flowable-async-job-executor-thread-21580###
[PollStartAppStatusExecution] [my-hmtl5-deployer] 067d901a-b691-4861-9271-2ee4114963a8 [Fri Sep 10 20:02:45 UTC 2021] Cell ccfeba01-3dfe-4913-b00f-b62346d2bea8 destroying container for instance 7d540ab9-6382-4f3d-5ea8-6d5f (STDOUT, CELL)#

#2.0#2021 09 10 20:03:09.155#Z#DEBUG#com.sap.cloud.lm.sl.xs2.987f5a7d-1271-11ec-aa0f-eeee0a81ed21.my-hmtl5-deployer.startAppTask#
######org.cloudfoundry.multiapps.controller.persistence.services.ProcessLogger########flowable-async-job-executor-thread-21580###
[PollStartAppStatusExecution] [my-hmtl5-deployer] 067d901a-b691-4861-9271-2ee4114963a8 [Fri Sep 10 20:02:45 UTC 2021] Exit status 137 (STDOUT, PROXY)#

#2.0#2021 09 10 20:03:09.155#Z#DEBUG#com.sap.cloud.lm.sl.xs2.987f5a7d-1271-11ec-aa0f-eeee0a81ed21.my-hmtl5-deployer.startAppTask#
######org.cloudfoundry.multiapps.controller.persistence.services.ProcessLogger########flowable-async-job-executor-thread-21580###
[PollStartAppStatusExecution] [my-hmtl5-deployer] 067d901a-b691-4861-9271-2ee4114963a8 [Fri Sep 10 20:02:46 UTC 2021] Cell ccfeba01-3dfe-4913-b00f-b62346d2bea8 successfully destroyed container for instance 7d540ab9-6382-4f3d-5ea8-6d5f (STDOUT, CELL)#

#2.0#2021 09 10 20:03:09.155#Z#DEBUG#com.sap.cloud.lm.sl.xs2.987f5a7d-1271-11ec-aa0f-eeee0a81ed21.my-hmtl5-deployer.startAppTask#
######org.cloudfoundry.multiapps.controller.persistence.services.ProcessLogger########flowable-async-job-executor-thread-21580###
[PollStartAppStatusExecution] [my-hmtl5-deployer] 067d901a-b691-4861-9271-2ee4114963a8 [Fri Sep 10 20:02:50 UTC 2021] Stopping app with guid 067d901a-b691-4861-9271-2ee4114963a8 (STDOUT, API)#

#2.0#2021 09 10 20:03:09.155#Z#DEBUG#com.sap.cloud.lm.sl.xs2.987f5a7d-1271-11ec-aa0f-eeee0a81ed21.my-hmtl5-deployer.startAppTask#
######org.cloudfoundry.multiapps.controller.persistence.services.ProcessLogger########flowable-async-job-executor-thread-21580###
[PollStartAppStatusExecution] [my-hmtl5-deployer] 067d901a-b691-4861-9271-2ee4114963a8 [Fri Sep 10 20:02:50 UTC 2021] Cell 72d88cc4-08c4-4aa5-8db8-d25ef913a0e7 stopping instance e230f57b-bea5-4964-791d-cb79 (STDOUT, CELL)#

#2.0#2021 09 10 20:03:09.155#Z#DEBUG#com.sap.cloud.lm.sl.xs2.987f5a7d-1271-11ec-aa0f-eeee0a81ed21.my-hmtl5-deployer.startAppTask#
######org.cloudfoundry.multiapps.controller.persistence.services.ProcessLogger########flowable-async-job-executor-thread-21580###
[PollStartAppStatusExecution] [my-hmtl5-deployer] 067d901a-b691-4861-9271-2ee4114963a8 [Fri Sep 10 20:02:55 UTC 2021] Starting app with guid 067d901a-b691-4861-9271-2ee4114963a8 (STDOUT, API)#

#2.0#2021 09 10 20:03:09.155#Z#DEBUG#com.sap.cloud.lm.sl.xs2.987f5a7d-1271-11ec-aa0f-eeee0a81ed21.my-hmtl5-deployer.startAppTask#
######org.cloudfoundry.multiapps.controller.persistence.services.ProcessLogger########flowable-async-job-executor-thread-21580###
[PollStartAppStatusExecution] [my-hmtl5-deployer] 067d901a-b691-4861-9271-2ee4114963a8 [Fri Sep 10 20:02:55 UTC 2021] Cell 68e93f40-1aa2-4b88-a9e5-c2af43e9e338 creating container for instance cbfae8da-d6b6-4c9d-7d9a-ff78 (STDOUT, CELL)#

#2.0#2021 09 10 20:03:09.155#Z#DEBUG#com.sap.cloud.lm.sl.xs2.987f5a7d-1271-11ec-aa0f-eeee0a81ed21.my-hmtl5-deployer.startAppTask#
######org.cloudfoundry.multiapps.controller.persistence.services.ProcessLogger########flowable-async-job-executor-thread-21580###
[PollStartAppStatusExecution] [my-hmtl5-deployer] 067d901a-b691-4861-9271-2ee4114963a8 [Fri Sep 10 20:02:56 UTC 2021] Cell 68e93f40-1aa2-4b88-a9e5-c2af43e9e338 successfully created container for instance cbfae8da-d6b6-4c9d-7d9a-ff78 (STDOUT, CELL)#

#2.0#2021 09 10 20:03:09.156#Z#DEBUG#com.sap.cloud.lm.sl.xs2.987f5a7d-1271-11ec-aa0f-eeee0a81ed21.my-hmtl5-deployer.startAppTask#
######org.cloudfoundry.multiapps.controller.persistence.services.ProcessLogger########flowable-async-job-executor-thread-21580###
[PollStartAppStatusExecution] [my-hmtl5-deployer] 067d901a-b691-4861-9271-2ee4114963a8 [Fri Sep 10 20:02:57 UTC 2021] Downloading droplet... (STDOUT, CELL)#

#2.0#2021 09 10 20:03:09.156#Z#DEBUG#com.sap.cloud.lm.sl.xs2.987f5a7d-1271-11ec-aa0f-eeee0a81ed21.my-hmtl5-deployer.startAppTask#
######org.cloudfoundry.multiapps.controller.persistence.services.ProcessLogger########flowable-async-job-executor-thread-21580###
[PollStartAppStatusExecution] [my-hmtl5-deployer] 067d901a-b691-4861-9271-2ee4114963a8 [Fri Sep 10 20:03:00 UTC 2021] Downloaded droplet (84.5M) (STDOUT, CELL)#

#2.0#2021 09 10 20:03:09.156#Z#DEBUG#com.sap.cloud.lm.sl.xs2.987f5a7d-1271-11ec-aa0f-eeee0a81ed21.my-hmtl5-deployer.startAppTask#
######org.cloudfoundry.multiapps.controller.persistence.services.ProcessLogger########flowable-async-job-executor-thread-21580###
[PollStartAppStatusExecution] [my-hmtl5-deployer] 067d901a-b691-4861-9271-2ee4114963a8 [Fri Sep 10 20:03:01 UTC 2021] > node node_modules/@sap/html5-app-deployer/index.js (STDOUT, APP/PROC/WEB)#

#2.0#2021 09 10 20:03:09.156#Z#DEBUG#com.sap.cloud.lm.sl.xs2.987f5a7d-1271-11ec-aa0f-eeee0a81ed21.my-hmtl5-deployer.startAppTask#
######org.cloudfoundry.multiapps.controller.persistence.services.ProcessLogger########flowable-async-job-executor-thread-21580###
[PollStartAppStatusExecution] [my-hmtl5-deployer] 067d901a-b691-4861-9271-2ee4114963a8 [Fri Sep 10 20:03:01 UTC 2021] > start (STDOUT, APP/PROC/WEB)#

#2.0#2021 09 10 20:03:09.156#Z#DEBUG#com.sap.cloud.lm.sl.xs2.987f5a7d-1271-11ec-aa0f-eeee0a81ed21.my-hmtl5-deployer.startAppTask#
######org.cloudfoundry.multiapps.controller.persistence.services.ProcessLogger########flowable-async-job-executor-thread-21580###
[PollStartAppStatusExecution] [my-hmtl5-deployer] 067d901a-b691-4861-9271-2ee4114963a8 [Fri Sep 10 20:03:06 UTC 2021] Cell 72d88cc4-08c4-4aa5-8db8-d25ef913a0e7 destroying container for instance e230f57b-bea5-4964-791d-cb79 (STDOUT, CELL)#

#2.0#2021 09 10 20:03:09.156#Z#DEBUG#com.sap.cloud.lm.sl.xs2.987f5a7d-1271-11ec-aa0f-eeee0a81ed21.my-hmtl5-deployer.startAppTask#
######org.cloudfoundry.multiapps.controller.persistence.services.ProcessLogger########flowable-async-job-executor-thread-21580###
[PollStartAppStatusExecution] [my-hmtl5-deployer] 067d901a-b691-4861-9271-2ee4114963a8 [Fri Sep 10 20:03:07 UTC 2021] Exit status 137 (STDOUT, PROXY)#

#2.0#2021 09 10 20:03:09.156#Z#DEBUG#com.sap.cloud.lm.sl.xs2.987f5a7d-1271-11ec-aa0f-eeee0a81ed21.my-hmtl5-deployer.startAppTask#
######org.cloudfoundry.multiapps.controller.persistence.services.ProcessLogger########flowable-async-job-executor-thread-21580###
[PollStartAppStatusExecution] [my-hmtl5-deployer] 067d901a-b691-4861-9271-2ee4114963a8 [Fri Sep 10 20:03:08 UTC 2021] Cell 72d88cc4-08c4-4aa5-8db8-d25ef913a0e7 successfully destroyed container for instance e230f57b-bea5-4964-791d-cb79 (STDOUT, CELL)#

